[2025-02-24T04:29:29.003+0000] {processor.py:186} INFO - Started process (PID=188) to work on /opt/airflow/dags/test_dags.py
[2025-02-24T04:29:29.004+0000] {processor.py:914} INFO - Processing file /opt/airflow/dags/test_dags.py for tasks to queue
[2025-02-24T04:29:29.007+0000] {logging_mixin.py:190} INFO - [2025-02-24T04:29:29.006+0000] {dagbag.py:588} INFO - Filling up the DagBag from /opt/airflow/dags/test_dags.py
[2025-02-24T04:29:30.713+0000] {logging_mixin.py:190} INFO - [2025-02-24T04:29:30.706+0000] {dagbag.py:387} ERROR - Failed to import: /opt/airflow/dags/test_dags.py
Traceback (most recent call last):
  File "/home/airflow/.local/lib/python3.12/site-packages/airflow/models/dagbag.py", line 383, in parse
    loader.exec_module(new_module)
  File "<frozen importlib._bootstrap_external>", line 999, in exec_module
  File "<frozen importlib._bootstrap>", line 488, in _call_with_frames_removed
  File "/opt/airflow/dags/test_dags.py", line 11, in <module>
    from selenium import webdriver
ModuleNotFoundError: No module named 'selenium'
[2025-02-24T04:29:30.716+0000] {processor.py:927} WARNING - No viable dags retrieved from /opt/airflow/dags/test_dags.py
[2025-02-24T04:29:30.736+0000] {processor.py:208} INFO - Processing /opt/airflow/dags/test_dags.py took 1.741 seconds
[2025-02-24T04:30:00.861+0000] {processor.py:186} INFO - Started process (PID=207) to work on /opt/airflow/dags/test_dags.py
[2025-02-24T04:30:00.863+0000] {processor.py:914} INFO - Processing file /opt/airflow/dags/test_dags.py for tasks to queue
[2025-02-24T04:30:00.865+0000] {logging_mixin.py:190} INFO - [2025-02-24T04:30:00.865+0000] {dagbag.py:588} INFO - Filling up the DagBag from /opt/airflow/dags/test_dags.py
[2025-02-24T04:30:01.264+0000] {logging_mixin.py:190} INFO - [2025-02-24T04:30:01.261+0000] {dagbag.py:387} ERROR - Failed to import: /opt/airflow/dags/test_dags.py
Traceback (most recent call last):
  File "/home/airflow/.local/lib/python3.12/site-packages/airflow/models/dagbag.py", line 383, in parse
    loader.exec_module(new_module)
  File "<frozen importlib._bootstrap_external>", line 999, in exec_module
  File "<frozen importlib._bootstrap>", line 488, in _call_with_frames_removed
  File "/opt/airflow/dags/test_dags.py", line 11, in <module>
    from selenium import webdriver
ModuleNotFoundError: No module named 'selenium'
[2025-02-24T04:30:01.265+0000] {processor.py:927} WARNING - No viable dags retrieved from /opt/airflow/dags/test_dags.py
[2025-02-24T04:30:01.279+0000] {processor.py:208} INFO - Processing /opt/airflow/dags/test_dags.py took 0.425 seconds
[2025-02-24T04:30:31.699+0000] {processor.py:186} INFO - Started process (PID=224) to work on /opt/airflow/dags/test_dags.py
[2025-02-24T04:30:31.700+0000] {processor.py:914} INFO - Processing file /opt/airflow/dags/test_dags.py for tasks to queue
[2025-02-24T04:30:31.702+0000] {logging_mixin.py:190} INFO - [2025-02-24T04:30:31.702+0000] {dagbag.py:588} INFO - Filling up the DagBag from /opt/airflow/dags/test_dags.py
[2025-02-24T04:30:32.120+0000] {logging_mixin.py:190} INFO - [2025-02-24T04:30:32.113+0000] {dagbag.py:387} ERROR - Failed to import: /opt/airflow/dags/test_dags.py
Traceback (most recent call last):
  File "/home/airflow/.local/lib/python3.12/site-packages/airflow/models/dagbag.py", line 383, in parse
    loader.exec_module(new_module)
  File "<frozen importlib._bootstrap_external>", line 999, in exec_module
  File "<frozen importlib._bootstrap>", line 488, in _call_with_frames_removed
  File "/opt/airflow/dags/test_dags.py", line 11, in <module>
    from selenium import webdriver
ModuleNotFoundError: No module named 'selenium'
[2025-02-24T04:30:32.122+0000] {processor.py:927} WARNING - No viable dags retrieved from /opt/airflow/dags/test_dags.py
[2025-02-24T04:30:32.146+0000] {processor.py:208} INFO - Processing /opt/airflow/dags/test_dags.py took 0.453 seconds
[2025-02-24T04:31:02.309+0000] {processor.py:186} INFO - Started process (PID=247) to work on /opt/airflow/dags/test_dags.py
[2025-02-24T04:31:02.310+0000] {processor.py:914} INFO - Processing file /opt/airflow/dags/test_dags.py for tasks to queue
[2025-02-24T04:31:02.312+0000] {logging_mixin.py:190} INFO - [2025-02-24T04:31:02.312+0000] {dagbag.py:588} INFO - Filling up the DagBag from /opt/airflow/dags/test_dags.py
[2025-02-24T04:31:02.732+0000] {logging_mixin.py:190} INFO - [2025-02-24T04:31:02.727+0000] {dagbag.py:387} ERROR - Failed to import: /opt/airflow/dags/test_dags.py
Traceback (most recent call last):
  File "/home/airflow/.local/lib/python3.12/site-packages/airflow/models/dagbag.py", line 383, in parse
    loader.exec_module(new_module)
  File "<frozen importlib._bootstrap_external>", line 999, in exec_module
  File "<frozen importlib._bootstrap>", line 488, in _call_with_frames_removed
  File "/opt/airflow/dags/test_dags.py", line 11, in <module>
    from selenium import webdriver
ModuleNotFoundError: No module named 'selenium'
[2025-02-24T04:31:02.733+0000] {processor.py:927} WARNING - No viable dags retrieved from /opt/airflow/dags/test_dags.py
[2025-02-24T04:31:02.756+0000] {processor.py:208} INFO - Processing /opt/airflow/dags/test_dags.py took 0.452 seconds
[2025-02-24T04:31:32.882+0000] {processor.py:186} INFO - Started process (PID=264) to work on /opt/airflow/dags/test_dags.py
[2025-02-24T04:31:32.883+0000] {processor.py:914} INFO - Processing file /opt/airflow/dags/test_dags.py for tasks to queue
[2025-02-24T04:31:32.885+0000] {logging_mixin.py:190} INFO - [2025-02-24T04:31:32.885+0000] {dagbag.py:588} INFO - Filling up the DagBag from /opt/airflow/dags/test_dags.py
[2025-02-24T04:31:33.274+0000] {logging_mixin.py:190} INFO - [2025-02-24T04:31:33.269+0000] {dagbag.py:387} ERROR - Failed to import: /opt/airflow/dags/test_dags.py
Traceback (most recent call last):
  File "/home/airflow/.local/lib/python3.12/site-packages/airflow/models/dagbag.py", line 383, in parse
    loader.exec_module(new_module)
  File "<frozen importlib._bootstrap_external>", line 999, in exec_module
  File "<frozen importlib._bootstrap>", line 488, in _call_with_frames_removed
  File "/opt/airflow/dags/test_dags.py", line 11, in <module>
    from selenium import webdriver
ModuleNotFoundError: No module named 'selenium'
[2025-02-24T04:31:33.275+0000] {processor.py:927} WARNING - No viable dags retrieved from /opt/airflow/dags/test_dags.py
[2025-02-24T04:31:33.287+0000] {processor.py:208} INFO - Processing /opt/airflow/dags/test_dags.py took 0.410 seconds
[2025-02-24T04:32:03.359+0000] {processor.py:186} INFO - Started process (PID=282) to work on /opt/airflow/dags/test_dags.py
[2025-02-24T04:32:03.360+0000] {processor.py:914} INFO - Processing file /opt/airflow/dags/test_dags.py for tasks to queue
[2025-02-24T04:32:03.362+0000] {logging_mixin.py:190} INFO - [2025-02-24T04:32:03.362+0000] {dagbag.py:588} INFO - Filling up the DagBag from /opt/airflow/dags/test_dags.py
[2025-02-24T04:32:03.820+0000] {logging_mixin.py:190} INFO - [2025-02-24T04:32:03.807+0000] {dagbag.py:387} ERROR - Failed to import: /opt/airflow/dags/test_dags.py
Traceback (most recent call last):
  File "/home/airflow/.local/lib/python3.12/site-packages/airflow/models/dagbag.py", line 383, in parse
    loader.exec_module(new_module)
  File "<frozen importlib._bootstrap_external>", line 999, in exec_module
  File "<frozen importlib._bootstrap>", line 488, in _call_with_frames_removed
  File "/opt/airflow/dags/test_dags.py", line 11, in <module>
    from selenium import webdriver
ModuleNotFoundError: No module named 'selenium'
[2025-02-24T04:32:03.848+0000] {processor.py:927} WARNING - No viable dags retrieved from /opt/airflow/dags/test_dags.py
[2025-02-24T04:32:03.868+0000] {processor.py:208} INFO - Processing /opt/airflow/dags/test_dags.py took 0.514 seconds
[2025-02-24T04:32:33.934+0000] {processor.py:186} INFO - Started process (PID=299) to work on /opt/airflow/dags/test_dags.py
[2025-02-24T04:32:33.935+0000] {processor.py:914} INFO - Processing file /opt/airflow/dags/test_dags.py for tasks to queue
[2025-02-24T04:32:33.937+0000] {logging_mixin.py:190} INFO - [2025-02-24T04:32:33.937+0000] {dagbag.py:588} INFO - Filling up the DagBag from /opt/airflow/dags/test_dags.py
[2025-02-24T04:32:34.341+0000] {logging_mixin.py:190} INFO - [2025-02-24T04:32:34.334+0000] {dagbag.py:387} ERROR - Failed to import: /opt/airflow/dags/test_dags.py
Traceback (most recent call last):
  File "/home/airflow/.local/lib/python3.12/site-packages/airflow/models/dagbag.py", line 383, in parse
    loader.exec_module(new_module)
  File "<frozen importlib._bootstrap_external>", line 999, in exec_module
  File "<frozen importlib._bootstrap>", line 488, in _call_with_frames_removed
  File "/opt/airflow/dags/test_dags.py", line 11, in <module>
    from selenium import webdriver
ModuleNotFoundError: No module named 'selenium'
[2025-02-24T04:32:34.342+0000] {processor.py:927} WARNING - No viable dags retrieved from /opt/airflow/dags/test_dags.py
[2025-02-24T04:32:34.366+0000] {processor.py:208} INFO - Processing /opt/airflow/dags/test_dags.py took 0.437 seconds
[2025-02-24T04:33:04.530+0000] {processor.py:186} INFO - Started process (PID=316) to work on /opt/airflow/dags/test_dags.py
[2025-02-24T04:33:04.532+0000] {processor.py:914} INFO - Processing file /opt/airflow/dags/test_dags.py for tasks to queue
[2025-02-24T04:33:04.534+0000] {logging_mixin.py:190} INFO - [2025-02-24T04:33:04.534+0000] {dagbag.py:588} INFO - Filling up the DagBag from /opt/airflow/dags/test_dags.py
[2025-02-24T04:33:04.971+0000] {logging_mixin.py:190} INFO - [2025-02-24T04:33:04.963+0000] {dagbag.py:387} ERROR - Failed to import: /opt/airflow/dags/test_dags.py
Traceback (most recent call last):
  File "/home/airflow/.local/lib/python3.12/site-packages/airflow/models/dagbag.py", line 383, in parse
    loader.exec_module(new_module)
  File "<frozen importlib._bootstrap_external>", line 999, in exec_module
  File "<frozen importlib._bootstrap>", line 488, in _call_with_frames_removed
  File "/opt/airflow/dags/test_dags.py", line 11, in <module>
    from selenium import webdriver
ModuleNotFoundError: No module named 'selenium'
[2025-02-24T04:33:04.973+0000] {processor.py:927} WARNING - No viable dags retrieved from /opt/airflow/dags/test_dags.py
[2025-02-24T04:33:04.988+0000] {processor.py:208} INFO - Processing /opt/airflow/dags/test_dags.py took 0.463 seconds
[2025-02-24T04:33:35.190+0000] {processor.py:186} INFO - Started process (PID=333) to work on /opt/airflow/dags/test_dags.py
[2025-02-24T04:33:35.191+0000] {processor.py:914} INFO - Processing file /opt/airflow/dags/test_dags.py for tasks to queue
[2025-02-24T04:33:35.193+0000] {logging_mixin.py:190} INFO - [2025-02-24T04:33:35.193+0000] {dagbag.py:588} INFO - Filling up the DagBag from /opt/airflow/dags/test_dags.py
[2025-02-24T04:33:35.665+0000] {logging_mixin.py:190} INFO - [2025-02-24T04:33:35.660+0000] {dagbag.py:387} ERROR - Failed to import: /opt/airflow/dags/test_dags.py
Traceback (most recent call last):
  File "/home/airflow/.local/lib/python3.12/site-packages/airflow/models/dagbag.py", line 383, in parse
    loader.exec_module(new_module)
  File "<frozen importlib._bootstrap_external>", line 999, in exec_module
  File "<frozen importlib._bootstrap>", line 488, in _call_with_frames_removed
  File "/opt/airflow/dags/test_dags.py", line 11, in <module>
    from selenium import webdriver
ModuleNotFoundError: No module named 'selenium'
[2025-02-24T04:33:35.668+0000] {processor.py:927} WARNING - No viable dags retrieved from /opt/airflow/dags/test_dags.py
[2025-02-24T04:33:35.694+0000] {processor.py:208} INFO - Processing /opt/airflow/dags/test_dags.py took 0.510 seconds
[2025-02-24T04:34:05.827+0000] {processor.py:186} INFO - Started process (PID=350) to work on /opt/airflow/dags/test_dags.py
[2025-02-24T04:34:05.829+0000] {processor.py:914} INFO - Processing file /opt/airflow/dags/test_dags.py for tasks to queue
[2025-02-24T04:34:05.831+0000] {logging_mixin.py:190} INFO - [2025-02-24T04:34:05.831+0000] {dagbag.py:588} INFO - Filling up the DagBag from /opt/airflow/dags/test_dags.py
[2025-02-24T04:34:06.296+0000] {logging_mixin.py:190} INFO - [2025-02-24T04:34:06.289+0000] {dagbag.py:387} ERROR - Failed to import: /opt/airflow/dags/test_dags.py
Traceback (most recent call last):
  File "/home/airflow/.local/lib/python3.12/site-packages/airflow/models/dagbag.py", line 383, in parse
    loader.exec_module(new_module)
  File "<frozen importlib._bootstrap_external>", line 999, in exec_module
  File "<frozen importlib._bootstrap>", line 488, in _call_with_frames_removed
  File "/opt/airflow/dags/test_dags.py", line 11, in <module>
    from selenium import webdriver
ModuleNotFoundError: No module named 'selenium'
[2025-02-24T04:34:06.297+0000] {processor.py:927} WARNING - No viable dags retrieved from /opt/airflow/dags/test_dags.py
[2025-02-24T04:34:06.321+0000] {processor.py:208} INFO - Processing /opt/airflow/dags/test_dags.py took 0.501 seconds
[2025-02-24T04:34:36.866+0000] {processor.py:186} INFO - Started process (PID=367) to work on /opt/airflow/dags/test_dags.py
[2025-02-24T04:34:36.868+0000] {processor.py:914} INFO - Processing file /opt/airflow/dags/test_dags.py for tasks to queue
[2025-02-24T04:34:36.870+0000] {logging_mixin.py:190} INFO - [2025-02-24T04:34:36.870+0000] {dagbag.py:588} INFO - Filling up the DagBag from /opt/airflow/dags/test_dags.py
[2025-02-24T04:34:37.262+0000] {logging_mixin.py:190} INFO - [2025-02-24T04:34:37.257+0000] {dagbag.py:387} ERROR - Failed to import: /opt/airflow/dags/test_dags.py
Traceback (most recent call last):
  File "/home/airflow/.local/lib/python3.12/site-packages/airflow/models/dagbag.py", line 383, in parse
    loader.exec_module(new_module)
  File "<frozen importlib._bootstrap_external>", line 999, in exec_module
  File "<frozen importlib._bootstrap>", line 488, in _call_with_frames_removed
  File "/opt/airflow/dags/test_dags.py", line 11, in <module>
    from selenium import webdriver
ModuleNotFoundError: No module named 'selenium'
[2025-02-24T04:34:37.263+0000] {processor.py:927} WARNING - No viable dags retrieved from /opt/airflow/dags/test_dags.py
[2025-02-24T04:34:37.275+0000] {processor.py:208} INFO - Processing /opt/airflow/dags/test_dags.py took 0.413 seconds
[2025-02-24T04:35:07.805+0000] {processor.py:186} INFO - Started process (PID=384) to work on /opt/airflow/dags/test_dags.py
[2025-02-24T04:35:07.806+0000] {processor.py:914} INFO - Processing file /opt/airflow/dags/test_dags.py for tasks to queue
[2025-02-24T04:35:07.809+0000] {logging_mixin.py:190} INFO - [2025-02-24T04:35:07.808+0000] {dagbag.py:588} INFO - Filling up the DagBag from /opt/airflow/dags/test_dags.py
[2025-02-24T04:35:08.219+0000] {logging_mixin.py:190} INFO - [2025-02-24T04:35:08.207+0000] {dagbag.py:387} ERROR - Failed to import: /opt/airflow/dags/test_dags.py
Traceback (most recent call last):
  File "/home/airflow/.local/lib/python3.12/site-packages/airflow/models/dagbag.py", line 383, in parse
    loader.exec_module(new_module)
  File "<frozen importlib._bootstrap_external>", line 999, in exec_module
  File "<frozen importlib._bootstrap>", line 488, in _call_with_frames_removed
  File "/opt/airflow/dags/test_dags.py", line 11, in <module>
    from selenium import webdriver
ModuleNotFoundError: No module named 'selenium'
[2025-02-24T04:35:08.222+0000] {processor.py:927} WARNING - No viable dags retrieved from /opt/airflow/dags/test_dags.py
[2025-02-24T04:35:08.253+0000] {processor.py:208} INFO - Processing /opt/airflow/dags/test_dags.py took 0.453 seconds
[2025-02-24T04:35:39.106+0000] {processor.py:186} INFO - Started process (PID=401) to work on /opt/airflow/dags/test_dags.py
[2025-02-24T04:35:39.108+0000] {processor.py:914} INFO - Processing file /opt/airflow/dags/test_dags.py for tasks to queue
[2025-02-24T04:35:39.111+0000] {logging_mixin.py:190} INFO - [2025-02-24T04:35:39.110+0000] {dagbag.py:588} INFO - Filling up the DagBag from /opt/airflow/dags/test_dags.py
[2025-02-24T04:35:39.568+0000] {logging_mixin.py:190} INFO - [2025-02-24T04:35:39.559+0000] {dagbag.py:387} ERROR - Failed to import: /opt/airflow/dags/test_dags.py
Traceback (most recent call last):
  File "/home/airflow/.local/lib/python3.12/site-packages/airflow/models/dagbag.py", line 383, in parse
    loader.exec_module(new_module)
  File "<frozen importlib._bootstrap_external>", line 999, in exec_module
  File "<frozen importlib._bootstrap>", line 488, in _call_with_frames_removed
  File "/opt/airflow/dags/test_dags.py", line 11, in <module>
    from selenium import webdriver
ModuleNotFoundError: No module named 'selenium'
[2025-02-24T04:35:39.574+0000] {processor.py:927} WARNING - No viable dags retrieved from /opt/airflow/dags/test_dags.py
[2025-02-24T04:35:39.602+0000] {processor.py:208} INFO - Processing /opt/airflow/dags/test_dags.py took 0.505 seconds
[2025-02-24T04:36:10.521+0000] {processor.py:186} INFO - Started process (PID=418) to work on /opt/airflow/dags/test_dags.py
[2025-02-24T04:36:10.522+0000] {processor.py:914} INFO - Processing file /opt/airflow/dags/test_dags.py for tasks to queue
[2025-02-24T04:36:10.524+0000] {logging_mixin.py:190} INFO - [2025-02-24T04:36:10.524+0000] {dagbag.py:588} INFO - Filling up the DagBag from /opt/airflow/dags/test_dags.py
[2025-02-24T04:36:10.924+0000] {logging_mixin.py:190} INFO - [2025-02-24T04:36:10.918+0000] {dagbag.py:387} ERROR - Failed to import: /opt/airflow/dags/test_dags.py
Traceback (most recent call last):
  File "/home/airflow/.local/lib/python3.12/site-packages/airflow/models/dagbag.py", line 383, in parse
    loader.exec_module(new_module)
  File "<frozen importlib._bootstrap_external>", line 999, in exec_module
  File "<frozen importlib._bootstrap>", line 488, in _call_with_frames_removed
  File "/opt/airflow/dags/test_dags.py", line 11, in <module>
    from selenium import webdriver
ModuleNotFoundError: No module named 'selenium'
[2025-02-24T04:36:10.926+0000] {processor.py:927} WARNING - No viable dags retrieved from /opt/airflow/dags/test_dags.py
[2025-02-24T04:36:10.950+0000] {processor.py:208} INFO - Processing /opt/airflow/dags/test_dags.py took 0.434 seconds
[2025-02-24T04:36:41.067+0000] {processor.py:186} INFO - Started process (PID=435) to work on /opt/airflow/dags/test_dags.py
[2025-02-24T04:36:41.068+0000] {processor.py:914} INFO - Processing file /opt/airflow/dags/test_dags.py for tasks to queue
[2025-02-24T04:36:41.070+0000] {logging_mixin.py:190} INFO - [2025-02-24T04:36:41.069+0000] {dagbag.py:588} INFO - Filling up the DagBag from /opt/airflow/dags/test_dags.py
[2025-02-24T04:36:41.458+0000] {logging_mixin.py:190} INFO - [2025-02-24T04:36:41.454+0000] {dagbag.py:387} ERROR - Failed to import: /opt/airflow/dags/test_dags.py
Traceback (most recent call last):
  File "/home/airflow/.local/lib/python3.12/site-packages/airflow/models/dagbag.py", line 383, in parse
    loader.exec_module(new_module)
  File "<frozen importlib._bootstrap_external>", line 999, in exec_module
  File "<frozen importlib._bootstrap>", line 488, in _call_with_frames_removed
  File "/opt/airflow/dags/test_dags.py", line 11, in <module>
    from selenium import webdriver
ModuleNotFoundError: No module named 'selenium'
[2025-02-24T04:36:41.459+0000] {processor.py:927} WARNING - No viable dags retrieved from /opt/airflow/dags/test_dags.py
[2025-02-24T04:36:41.482+0000] {processor.py:208} INFO - Processing /opt/airflow/dags/test_dags.py took 0.420 seconds
[2025-02-24T04:37:11.548+0000] {processor.py:186} INFO - Started process (PID=452) to work on /opt/airflow/dags/test_dags.py
[2025-02-24T04:37:11.550+0000] {processor.py:914} INFO - Processing file /opt/airflow/dags/test_dags.py for tasks to queue
[2025-02-24T04:37:11.552+0000] {logging_mixin.py:190} INFO - [2025-02-24T04:37:11.552+0000] {dagbag.py:588} INFO - Filling up the DagBag from /opt/airflow/dags/test_dags.py
[2025-02-24T04:37:11.949+0000] {logging_mixin.py:190} INFO - [2025-02-24T04:37:11.945+0000] {dagbag.py:387} ERROR - Failed to import: /opt/airflow/dags/test_dags.py
Traceback (most recent call last):
  File "/home/airflow/.local/lib/python3.12/site-packages/airflow/models/dagbag.py", line 383, in parse
    loader.exec_module(new_module)
  File "<frozen importlib._bootstrap_external>", line 999, in exec_module
  File "<frozen importlib._bootstrap>", line 488, in _call_with_frames_removed
  File "/opt/airflow/dags/test_dags.py", line 11, in <module>
    from selenium import webdriver
ModuleNotFoundError: No module named 'selenium'
[2025-02-24T04:37:11.950+0000] {processor.py:927} WARNING - No viable dags retrieved from /opt/airflow/dags/test_dags.py
[2025-02-24T04:37:11.961+0000] {processor.py:208} INFO - Processing /opt/airflow/dags/test_dags.py took 0.418 seconds
[2025-02-24T04:37:42.056+0000] {processor.py:186} INFO - Started process (PID=469) to work on /opt/airflow/dags/test_dags.py
[2025-02-24T04:37:42.057+0000] {processor.py:914} INFO - Processing file /opt/airflow/dags/test_dags.py for tasks to queue
[2025-02-24T04:37:42.060+0000] {logging_mixin.py:190} INFO - [2025-02-24T04:37:42.059+0000] {dagbag.py:588} INFO - Filling up the DagBag from /opt/airflow/dags/test_dags.py
[2025-02-24T04:37:42.493+0000] {logging_mixin.py:190} INFO - [2025-02-24T04:37:42.481+0000] {dagbag.py:387} ERROR - Failed to import: /opt/airflow/dags/test_dags.py
Traceback (most recent call last):
  File "/home/airflow/.local/lib/python3.12/site-packages/airflow/models/dagbag.py", line 383, in parse
    loader.exec_module(new_module)
  File "<frozen importlib._bootstrap_external>", line 999, in exec_module
  File "<frozen importlib._bootstrap>", line 488, in _call_with_frames_removed
  File "/opt/airflow/dags/test_dags.py", line 11, in <module>
    from selenium import webdriver
ModuleNotFoundError: No module named 'selenium'
[2025-02-24T04:37:42.496+0000] {processor.py:927} WARNING - No viable dags retrieved from /opt/airflow/dags/test_dags.py
[2025-02-24T04:37:42.526+0000] {processor.py:208} INFO - Processing /opt/airflow/dags/test_dags.py took 0.476 seconds
[2025-02-24T04:38:12.622+0000] {processor.py:186} INFO - Started process (PID=486) to work on /opt/airflow/dags/test_dags.py
[2025-02-24T04:38:12.624+0000] {processor.py:914} INFO - Processing file /opt/airflow/dags/test_dags.py for tasks to queue
[2025-02-24T04:38:12.627+0000] {logging_mixin.py:190} INFO - [2025-02-24T04:38:12.626+0000] {dagbag.py:588} INFO - Filling up the DagBag from /opt/airflow/dags/test_dags.py
[2025-02-24T04:38:13.036+0000] {logging_mixin.py:190} INFO - [2025-02-24T04:38:13.032+0000] {dagbag.py:387} ERROR - Failed to import: /opt/airflow/dags/test_dags.py
Traceback (most recent call last):
  File "/home/airflow/.local/lib/python3.12/site-packages/airflow/models/dagbag.py", line 383, in parse
    loader.exec_module(new_module)
  File "<frozen importlib._bootstrap_external>", line 999, in exec_module
  File "<frozen importlib._bootstrap>", line 488, in _call_with_frames_removed
  File "/opt/airflow/dags/test_dags.py", line 11, in <module>
    from selenium import webdriver
ModuleNotFoundError: No module named 'selenium'
[2025-02-24T04:38:13.039+0000] {processor.py:927} WARNING - No viable dags retrieved from /opt/airflow/dags/test_dags.py
[2025-02-24T04:38:13.061+0000] {processor.py:208} INFO - Processing /opt/airflow/dags/test_dags.py took 0.445 seconds
[2025-02-24T04:38:43.217+0000] {processor.py:186} INFO - Started process (PID=503) to work on /opt/airflow/dags/test_dags.py
[2025-02-24T04:38:43.218+0000] {processor.py:914} INFO - Processing file /opt/airflow/dags/test_dags.py for tasks to queue
[2025-02-24T04:38:43.221+0000] {logging_mixin.py:190} INFO - [2025-02-24T04:38:43.220+0000] {dagbag.py:588} INFO - Filling up the DagBag from /opt/airflow/dags/test_dags.py
[2025-02-24T04:38:43.642+0000] {logging_mixin.py:190} INFO - [2025-02-24T04:38:43.633+0000] {dagbag.py:387} ERROR - Failed to import: /opt/airflow/dags/test_dags.py
Traceback (most recent call last):
  File "/home/airflow/.local/lib/python3.12/site-packages/airflow/models/dagbag.py", line 383, in parse
    loader.exec_module(new_module)
  File "<frozen importlib._bootstrap_external>", line 999, in exec_module
  File "<frozen importlib._bootstrap>", line 488, in _call_with_frames_removed
  File "/opt/airflow/dags/test_dags.py", line 11, in <module>
    from selenium import webdriver
ModuleNotFoundError: No module named 'selenium'
[2025-02-24T04:38:43.645+0000] {processor.py:927} WARNING - No viable dags retrieved from /opt/airflow/dags/test_dags.py
[2025-02-24T04:38:43.658+0000] {processor.py:208} INFO - Processing /opt/airflow/dags/test_dags.py took 0.445 seconds
[2025-02-24T04:39:13.743+0000] {processor.py:186} INFO - Started process (PID=525) to work on /opt/airflow/dags/test_dags.py
[2025-02-24T04:39:13.745+0000] {processor.py:914} INFO - Processing file /opt/airflow/dags/test_dags.py for tasks to queue
[2025-02-24T04:39:13.748+0000] {logging_mixin.py:190} INFO - [2025-02-24T04:39:13.747+0000] {dagbag.py:588} INFO - Filling up the DagBag from /opt/airflow/dags/test_dags.py
[2025-02-24T04:39:14.215+0000] {logging_mixin.py:190} INFO - [2025-02-24T04:39:14.194+0000] {dagbag.py:387} ERROR - Failed to import: /opt/airflow/dags/test_dags.py
Traceback (most recent call last):
  File "/home/airflow/.local/lib/python3.12/site-packages/airflow/models/dagbag.py", line 383, in parse
    loader.exec_module(new_module)
  File "<frozen importlib._bootstrap_external>", line 999, in exec_module
  File "<frozen importlib._bootstrap>", line 488, in _call_with_frames_removed
  File "/opt/airflow/dags/test_dags.py", line 11, in <module>
    from selenium import webdriver
ModuleNotFoundError: No module named 'selenium'
[2025-02-24T04:39:14.219+0000] {processor.py:927} WARNING - No viable dags retrieved from /opt/airflow/dags/test_dags.py
[2025-02-24T04:39:14.259+0000] {processor.py:208} INFO - Processing /opt/airflow/dags/test_dags.py took 0.524 seconds
[2025-02-24T04:39:44.349+0000] {processor.py:186} INFO - Started process (PID=542) to work on /opt/airflow/dags/test_dags.py
[2025-02-24T04:39:44.350+0000] {processor.py:914} INFO - Processing file /opt/airflow/dags/test_dags.py for tasks to queue
[2025-02-24T04:39:44.353+0000] {logging_mixin.py:190} INFO - [2025-02-24T04:39:44.353+0000] {dagbag.py:588} INFO - Filling up the DagBag from /opt/airflow/dags/test_dags.py
[2025-02-24T04:39:44.762+0000] {logging_mixin.py:190} INFO - [2025-02-24T04:39:44.758+0000] {dagbag.py:387} ERROR - Failed to import: /opt/airflow/dags/test_dags.py
Traceback (most recent call last):
  File "/home/airflow/.local/lib/python3.12/site-packages/airflow/models/dagbag.py", line 383, in parse
    loader.exec_module(new_module)
  File "<frozen importlib._bootstrap_external>", line 999, in exec_module
  File "<frozen importlib._bootstrap>", line 488, in _call_with_frames_removed
  File "/opt/airflow/dags/test_dags.py", line 11, in <module>
    from selenium import webdriver
ModuleNotFoundError: No module named 'selenium'
[2025-02-24T04:39:44.763+0000] {processor.py:927} WARNING - No viable dags retrieved from /opt/airflow/dags/test_dags.py
[2025-02-24T04:39:44.785+0000] {processor.py:208} INFO - Processing /opt/airflow/dags/test_dags.py took 0.442 seconds
[2025-02-24T04:40:14.863+0000] {processor.py:186} INFO - Started process (PID=559) to work on /opt/airflow/dags/test_dags.py
[2025-02-24T04:40:14.864+0000] {processor.py:914} INFO - Processing file /opt/airflow/dags/test_dags.py for tasks to queue
[2025-02-24T04:40:14.866+0000] {logging_mixin.py:190} INFO - [2025-02-24T04:40:14.866+0000] {dagbag.py:588} INFO - Filling up the DagBag from /opt/airflow/dags/test_dags.py
[2025-02-24T04:40:15.342+0000] {logging_mixin.py:190} INFO - [2025-02-24T04:40:15.325+0000] {dagbag.py:387} ERROR - Failed to import: /opt/airflow/dags/test_dags.py
Traceback (most recent call last):
  File "/home/airflow/.local/lib/python3.12/site-packages/airflow/models/dagbag.py", line 383, in parse
    loader.exec_module(new_module)
  File "<frozen importlib._bootstrap_external>", line 999, in exec_module
  File "<frozen importlib._bootstrap>", line 488, in _call_with_frames_removed
  File "/opt/airflow/dags/test_dags.py", line 11, in <module>
    from selenium import webdriver
ModuleNotFoundError: No module named 'selenium'
[2025-02-24T04:40:15.346+0000] {processor.py:927} WARNING - No viable dags retrieved from /opt/airflow/dags/test_dags.py
[2025-02-24T04:40:15.378+0000] {processor.py:208} INFO - Processing /opt/airflow/dags/test_dags.py took 0.521 seconds
[2025-02-24T04:40:46.399+0000] {processor.py:186} INFO - Started process (PID=576) to work on /opt/airflow/dags/test_dags.py
[2025-02-24T04:40:46.400+0000] {processor.py:914} INFO - Processing file /opt/airflow/dags/test_dags.py for tasks to queue
[2025-02-24T04:40:46.403+0000] {logging_mixin.py:190} INFO - [2025-02-24T04:40:46.402+0000] {dagbag.py:588} INFO - Filling up the DagBag from /opt/airflow/dags/test_dags.py
[2025-02-24T04:40:46.836+0000] {logging_mixin.py:190} INFO - [2025-02-24T04:40:46.831+0000] {dagbag.py:387} ERROR - Failed to import: /opt/airflow/dags/test_dags.py
Traceback (most recent call last):
  File "/home/airflow/.local/lib/python3.12/site-packages/airflow/models/dagbag.py", line 383, in parse
    loader.exec_module(new_module)
  File "<frozen importlib._bootstrap_external>", line 999, in exec_module
  File "<frozen importlib._bootstrap>", line 488, in _call_with_frames_removed
  File "/opt/airflow/dags/test_dags.py", line 11, in <module>
    from selenium import webdriver
ModuleNotFoundError: No module named 'selenium'
[2025-02-24T04:40:46.837+0000] {processor.py:927} WARNING - No viable dags retrieved from /opt/airflow/dags/test_dags.py
[2025-02-24T04:40:46.861+0000] {processor.py:208} INFO - Processing /opt/airflow/dags/test_dags.py took 0.470 seconds
[2025-02-24T04:41:17.152+0000] {processor.py:186} INFO - Started process (PID=593) to work on /opt/airflow/dags/test_dags.py
[2025-02-24T04:41:17.153+0000] {processor.py:914} INFO - Processing file /opt/airflow/dags/test_dags.py for tasks to queue
[2025-02-24T04:41:17.154+0000] {logging_mixin.py:190} INFO - [2025-02-24T04:41:17.153+0000] {dagbag.py:588} INFO - Filling up the DagBag from /opt/airflow/dags/test_dags.py
[2025-02-24T04:41:17.555+0000] {logging_mixin.py:190} INFO - [2025-02-24T04:41:17.550+0000] {dagbag.py:387} ERROR - Failed to import: /opt/airflow/dags/test_dags.py
Traceback (most recent call last):
  File "/home/airflow/.local/lib/python3.12/site-packages/airflow/models/dagbag.py", line 383, in parse
    loader.exec_module(new_module)
  File "<frozen importlib._bootstrap_external>", line 999, in exec_module
  File "<frozen importlib._bootstrap>", line 488, in _call_with_frames_removed
  File "/opt/airflow/dags/test_dags.py", line 11, in <module>
    from selenium import webdriver
ModuleNotFoundError: No module named 'selenium'
[2025-02-24T04:41:17.556+0000] {processor.py:927} WARNING - No viable dags retrieved from /opt/airflow/dags/test_dags.py
[2025-02-24T04:41:17.580+0000] {processor.py:208} INFO - Processing /opt/airflow/dags/test_dags.py took 0.434 seconds
[2025-02-24T04:41:48.406+0000] {processor.py:186} INFO - Started process (PID=610) to work on /opt/airflow/dags/test_dags.py
[2025-02-24T04:41:48.407+0000] {processor.py:914} INFO - Processing file /opt/airflow/dags/test_dags.py for tasks to queue
[2025-02-24T04:41:48.408+0000] {logging_mixin.py:190} INFO - [2025-02-24T04:41:48.408+0000] {dagbag.py:588} INFO - Filling up the DagBag from /opt/airflow/dags/test_dags.py
[2025-02-24T04:41:48.786+0000] {logging_mixin.py:190} INFO - [2025-02-24T04:41:48.780+0000] {dagbag.py:387} ERROR - Failed to import: /opt/airflow/dags/test_dags.py
Traceback (most recent call last):
  File "/home/airflow/.local/lib/python3.12/site-packages/airflow/models/dagbag.py", line 383, in parse
    loader.exec_module(new_module)
  File "<frozen importlib._bootstrap_external>", line 999, in exec_module
  File "<frozen importlib._bootstrap>", line 488, in _call_with_frames_removed
  File "/opt/airflow/dags/test_dags.py", line 11, in <module>
    from selenium import webdriver
ModuleNotFoundError: No module named 'selenium'
[2025-02-24T04:41:48.787+0000] {processor.py:927} WARNING - No viable dags retrieved from /opt/airflow/dags/test_dags.py
[2025-02-24T04:41:48.797+0000] {processor.py:208} INFO - Processing /opt/airflow/dags/test_dags.py took 0.397 seconds
[2025-02-24T04:42:19.136+0000] {processor.py:186} INFO - Started process (PID=627) to work on /opt/airflow/dags/test_dags.py
[2025-02-24T04:42:19.138+0000] {processor.py:914} INFO - Processing file /opt/airflow/dags/test_dags.py for tasks to queue
[2025-02-24T04:42:19.141+0000] {logging_mixin.py:190} INFO - [2025-02-24T04:42:19.140+0000] {dagbag.py:588} INFO - Filling up the DagBag from /opt/airflow/dags/test_dags.py
[2025-02-24T04:42:19.557+0000] {logging_mixin.py:190} INFO - [2025-02-24T04:42:19.547+0000] {dagbag.py:387} ERROR - Failed to import: /opt/airflow/dags/test_dags.py
Traceback (most recent call last):
  File "/home/airflow/.local/lib/python3.12/site-packages/airflow/models/dagbag.py", line 383, in parse
    loader.exec_module(new_module)
  File "<frozen importlib._bootstrap_external>", line 999, in exec_module
  File "<frozen importlib._bootstrap>", line 488, in _call_with_frames_removed
  File "/opt/airflow/dags/test_dags.py", line 11, in <module>
    from selenium import webdriver
ModuleNotFoundError: No module named 'selenium'
[2025-02-24T04:42:19.558+0000] {processor.py:927} WARNING - No viable dags retrieved from /opt/airflow/dags/test_dags.py
[2025-02-24T04:42:19.576+0000] {processor.py:208} INFO - Processing /opt/airflow/dags/test_dags.py took 0.446 seconds
[2025-02-24T04:42:50.098+0000] {processor.py:186} INFO - Started process (PID=645) to work on /opt/airflow/dags/test_dags.py
[2025-02-24T04:42:50.099+0000] {processor.py:914} INFO - Processing file /opt/airflow/dags/test_dags.py for tasks to queue
[2025-02-24T04:42:50.100+0000] {logging_mixin.py:190} INFO - [2025-02-24T04:42:50.100+0000] {dagbag.py:588} INFO - Filling up the DagBag from /opt/airflow/dags/test_dags.py
[2025-02-24T04:42:50.522+0000] {logging_mixin.py:190} INFO - [2025-02-24T04:42:50.513+0000] {dagbag.py:387} ERROR - Failed to import: /opt/airflow/dags/test_dags.py
Traceback (most recent call last):
  File "/home/airflow/.local/lib/python3.12/site-packages/airflow/models/dagbag.py", line 383, in parse
    loader.exec_module(new_module)
  File "<frozen importlib._bootstrap_external>", line 999, in exec_module
  File "<frozen importlib._bootstrap>", line 488, in _call_with_frames_removed
  File "/opt/airflow/dags/test_dags.py", line 11, in <module>
    from selenium import webdriver
ModuleNotFoundError: No module named 'selenium'
[2025-02-24T04:42:50.523+0000] {processor.py:927} WARNING - No viable dags retrieved from /opt/airflow/dags/test_dags.py
[2025-02-24T04:42:50.538+0000] {processor.py:208} INFO - Processing /opt/airflow/dags/test_dags.py took 0.444 seconds
[2025-02-24T04:43:21.572+0000] {processor.py:186} INFO - Started process (PID=662) to work on /opt/airflow/dags/test_dags.py
[2025-02-24T04:43:21.573+0000] {processor.py:914} INFO - Processing file /opt/airflow/dags/test_dags.py for tasks to queue
[2025-02-24T04:43:21.575+0000] {logging_mixin.py:190} INFO - [2025-02-24T04:43:21.575+0000] {dagbag.py:588} INFO - Filling up the DagBag from /opt/airflow/dags/test_dags.py
[2025-02-24T04:43:21.967+0000] {logging_mixin.py:190} INFO - [2025-02-24T04:43:21.964+0000] {dagbag.py:387} ERROR - Failed to import: /opt/airflow/dags/test_dags.py
Traceback (most recent call last):
  File "/home/airflow/.local/lib/python3.12/site-packages/airflow/models/dagbag.py", line 383, in parse
    loader.exec_module(new_module)
  File "<frozen importlib._bootstrap_external>", line 999, in exec_module
  File "<frozen importlib._bootstrap>", line 488, in _call_with_frames_removed
  File "/opt/airflow/dags/test_dags.py", line 11, in <module>
    from selenium import webdriver
ModuleNotFoundError: No module named 'selenium'
[2025-02-24T04:43:21.968+0000] {processor.py:927} WARNING - No viable dags retrieved from /opt/airflow/dags/test_dags.py
[2025-02-24T04:43:21.990+0000] {processor.py:208} INFO - Processing /opt/airflow/dags/test_dags.py took 0.423 seconds
[2025-02-24T04:43:52.041+0000] {processor.py:186} INFO - Started process (PID=679) to work on /opt/airflow/dags/test_dags.py
[2025-02-24T04:43:52.042+0000] {processor.py:914} INFO - Processing file /opt/airflow/dags/test_dags.py for tasks to queue
[2025-02-24T04:43:52.043+0000] {logging_mixin.py:190} INFO - [2025-02-24T04:43:52.043+0000] {dagbag.py:588} INFO - Filling up the DagBag from /opt/airflow/dags/test_dags.py
[2025-02-24T04:43:52.425+0000] {logging_mixin.py:190} INFO - [2025-02-24T04:43:52.421+0000] {dagbag.py:387} ERROR - Failed to import: /opt/airflow/dags/test_dags.py
Traceback (most recent call last):
  File "/home/airflow/.local/lib/python3.12/site-packages/airflow/models/dagbag.py", line 383, in parse
    loader.exec_module(new_module)
  File "<frozen importlib._bootstrap_external>", line 999, in exec_module
  File "<frozen importlib._bootstrap>", line 488, in _call_with_frames_removed
  File "/opt/airflow/dags/test_dags.py", line 11, in <module>
    from selenium import webdriver
ModuleNotFoundError: No module named 'selenium'
[2025-02-24T04:43:52.426+0000] {processor.py:927} WARNING - No viable dags retrieved from /opt/airflow/dags/test_dags.py
[2025-02-24T04:43:52.449+0000] {processor.py:208} INFO - Processing /opt/airflow/dags/test_dags.py took 0.413 seconds
[2025-02-24T04:44:22.509+0000] {processor.py:186} INFO - Started process (PID=696) to work on /opt/airflow/dags/test_dags.py
[2025-02-24T04:44:22.510+0000] {processor.py:914} INFO - Processing file /opt/airflow/dags/test_dags.py for tasks to queue
[2025-02-24T04:44:22.511+0000] {logging_mixin.py:190} INFO - [2025-02-24T04:44:22.511+0000] {dagbag.py:588} INFO - Filling up the DagBag from /opt/airflow/dags/test_dags.py
[2025-02-24T04:44:22.935+0000] {logging_mixin.py:190} INFO - [2025-02-24T04:44:22.930+0000] {dagbag.py:387} ERROR - Failed to import: /opt/airflow/dags/test_dags.py
Traceback (most recent call last):
  File "/home/airflow/.local/lib/python3.12/site-packages/airflow/models/dagbag.py", line 383, in parse
    loader.exec_module(new_module)
  File "<frozen importlib._bootstrap_external>", line 999, in exec_module
  File "<frozen importlib._bootstrap>", line 488, in _call_with_frames_removed
  File "/opt/airflow/dags/test_dags.py", line 11, in <module>
    from selenium import webdriver
ModuleNotFoundError: No module named 'selenium'
[2025-02-24T04:44:22.936+0000] {processor.py:927} WARNING - No viable dags retrieved from /opt/airflow/dags/test_dags.py
[2025-02-24T04:44:22.957+0000] {processor.py:208} INFO - Processing /opt/airflow/dags/test_dags.py took 0.456 seconds
[2025-02-24T04:44:53.909+0000] {processor.py:186} INFO - Started process (PID=713) to work on /opt/airflow/dags/test_dags.py
[2025-02-24T04:44:53.910+0000] {processor.py:914} INFO - Processing file /opt/airflow/dags/test_dags.py for tasks to queue
[2025-02-24T04:44:53.911+0000] {logging_mixin.py:190} INFO - [2025-02-24T04:44:53.911+0000] {dagbag.py:588} INFO - Filling up the DagBag from /opt/airflow/dags/test_dags.py
[2025-02-24T04:44:54.275+0000] {logging_mixin.py:190} INFO - [2025-02-24T04:44:54.271+0000] {dagbag.py:387} ERROR - Failed to import: /opt/airflow/dags/test_dags.py
Traceback (most recent call last):
  File "/home/airflow/.local/lib/python3.12/site-packages/airflow/models/dagbag.py", line 383, in parse
    loader.exec_module(new_module)
  File "<frozen importlib._bootstrap_external>", line 999, in exec_module
  File "<frozen importlib._bootstrap>", line 488, in _call_with_frames_removed
  File "/opt/airflow/dags/test_dags.py", line 11, in <module>
    from selenium import webdriver
ModuleNotFoundError: No module named 'selenium'
[2025-02-24T04:44:54.276+0000] {processor.py:927} WARNING - No viable dags retrieved from /opt/airflow/dags/test_dags.py
[2025-02-24T04:44:54.297+0000] {processor.py:208} INFO - Processing /opt/airflow/dags/test_dags.py took 0.393 seconds
[2025-02-24T04:45:24.384+0000] {processor.py:186} INFO - Started process (PID=730) to work on /opt/airflow/dags/test_dags.py
[2025-02-24T04:45:24.386+0000] {processor.py:914} INFO - Processing file /opt/airflow/dags/test_dags.py for tasks to queue
[2025-02-24T04:45:24.387+0000] {logging_mixin.py:190} INFO - [2025-02-24T04:45:24.387+0000] {dagbag.py:588} INFO - Filling up the DagBag from /opt/airflow/dags/test_dags.py
[2025-02-24T04:45:24.771+0000] {logging_mixin.py:190} INFO - [2025-02-24T04:45:24.761+0000] {dagbag.py:387} ERROR - Failed to import: /opt/airflow/dags/test_dags.py
Traceback (most recent call last):
  File "/home/airflow/.local/lib/python3.12/site-packages/airflow/models/dagbag.py", line 383, in parse
    loader.exec_module(new_module)
  File "<frozen importlib._bootstrap_external>", line 999, in exec_module
  File "<frozen importlib._bootstrap>", line 488, in _call_with_frames_removed
  File "/opt/airflow/dags/test_dags.py", line 11, in <module>
    from selenium import webdriver
ModuleNotFoundError: No module named 'selenium'
[2025-02-24T04:45:24.774+0000] {processor.py:927} WARNING - No viable dags retrieved from /opt/airflow/dags/test_dags.py
[2025-02-24T04:45:24.800+0000] {processor.py:208} INFO - Processing /opt/airflow/dags/test_dags.py took 0.421 seconds
[2025-02-24T04:45:54.994+0000] {processor.py:186} INFO - Started process (PID=747) to work on /opt/airflow/dags/test_dags.py
[2025-02-24T04:45:54.995+0000] {processor.py:914} INFO - Processing file /opt/airflow/dags/test_dags.py for tasks to queue
[2025-02-24T04:45:54.996+0000] {logging_mixin.py:190} INFO - [2025-02-24T04:45:54.995+0000] {dagbag.py:588} INFO - Filling up the DagBag from /opt/airflow/dags/test_dags.py
[2025-02-24T04:45:55.388+0000] {logging_mixin.py:190} INFO - [2025-02-24T04:45:55.377+0000] {dagbag.py:387} ERROR - Failed to import: /opt/airflow/dags/test_dags.py
Traceback (most recent call last):
  File "/home/airflow/.local/lib/python3.12/site-packages/airflow/models/dagbag.py", line 383, in parse
    loader.exec_module(new_module)
  File "<frozen importlib._bootstrap_external>", line 999, in exec_module
  File "<frozen importlib._bootstrap>", line 488, in _call_with_frames_removed
  File "/opt/airflow/dags/test_dags.py", line 11, in <module>
    from selenium import webdriver
ModuleNotFoundError: No module named 'selenium'
[2025-02-24T04:45:55.392+0000] {processor.py:927} WARNING - No viable dags retrieved from /opt/airflow/dags/test_dags.py
[2025-02-24T04:45:55.413+0000] {processor.py:208} INFO - Processing /opt/airflow/dags/test_dags.py took 0.424 seconds
[2025-02-24T04:46:26.444+0000] {processor.py:186} INFO - Started process (PID=764) to work on /opt/airflow/dags/test_dags.py
[2025-02-24T04:46:26.446+0000] {processor.py:914} INFO - Processing file /opt/airflow/dags/test_dags.py for tasks to queue
[2025-02-24T04:46:26.448+0000] {logging_mixin.py:190} INFO - [2025-02-24T04:46:26.448+0000] {dagbag.py:588} INFO - Filling up the DagBag from /opt/airflow/dags/test_dags.py
[2025-02-24T04:46:26.849+0000] {logging_mixin.py:190} INFO - [2025-02-24T04:46:26.843+0000] {dagbag.py:387} ERROR - Failed to import: /opt/airflow/dags/test_dags.py
Traceback (most recent call last):
  File "/home/airflow/.local/lib/python3.12/site-packages/airflow/models/dagbag.py", line 383, in parse
    loader.exec_module(new_module)
  File "<frozen importlib._bootstrap_external>", line 999, in exec_module
  File "<frozen importlib._bootstrap>", line 488, in _call_with_frames_removed
  File "/opt/airflow/dags/test_dags.py", line 11, in <module>
    from selenium import webdriver
ModuleNotFoundError: No module named 'selenium'
[2025-02-24T04:46:26.851+0000] {processor.py:927} WARNING - No viable dags retrieved from /opt/airflow/dags/test_dags.py
[2025-02-24T04:46:26.875+0000] {processor.py:208} INFO - Processing /opt/airflow/dags/test_dags.py took 0.437 seconds
[2025-02-24T04:46:57.187+0000] {processor.py:186} INFO - Started process (PID=786) to work on /opt/airflow/dags/test_dags.py
[2025-02-24T04:46:57.190+0000] {processor.py:914} INFO - Processing file /opt/airflow/dags/test_dags.py for tasks to queue
[2025-02-24T04:46:57.191+0000] {logging_mixin.py:190} INFO - [2025-02-24T04:46:57.191+0000] {dagbag.py:588} INFO - Filling up the DagBag from /opt/airflow/dags/test_dags.py
[2025-02-24T04:46:57.655+0000] {logging_mixin.py:190} INFO - [2025-02-24T04:46:57.646+0000] {dagbag.py:387} ERROR - Failed to import: /opt/airflow/dags/test_dags.py
Traceback (most recent call last):
  File "/home/airflow/.local/lib/python3.12/site-packages/airflow/models/dagbag.py", line 383, in parse
    loader.exec_module(new_module)
  File "<frozen importlib._bootstrap_external>", line 999, in exec_module
  File "<frozen importlib._bootstrap>", line 488, in _call_with_frames_removed
  File "/opt/airflow/dags/test_dags.py", line 11, in <module>
    from selenium import webdriver
ModuleNotFoundError: No module named 'selenium'
[2025-02-24T04:46:57.658+0000] {processor.py:927} WARNING - No viable dags retrieved from /opt/airflow/dags/test_dags.py
[2025-02-24T04:46:57.670+0000] {processor.py:208} INFO - Processing /opt/airflow/dags/test_dags.py took 0.489 seconds
[2025-02-24T04:47:27.828+0000] {processor.py:186} INFO - Started process (PID=1217) to work on /opt/airflow/dags/test_dags.py
[2025-02-24T04:47:27.830+0000] {processor.py:914} INFO - Processing file /opt/airflow/dags/test_dags.py for tasks to queue
[2025-02-24T04:47:27.832+0000] {logging_mixin.py:190} INFO - [2025-02-24T04:47:27.831+0000] {dagbag.py:588} INFO - Filling up the DagBag from /opt/airflow/dags/test_dags.py
[2025-02-24T04:47:28.276+0000] {logging_mixin.py:190} INFO - [2025-02-24T04:47:28.267+0000] {dagbag.py:387} ERROR - Failed to import: /opt/airflow/dags/test_dags.py
Traceback (most recent call last):
  File "/home/airflow/.local/lib/python3.12/site-packages/airflow/models/dagbag.py", line 383, in parse
    loader.exec_module(new_module)
  File "<frozen importlib._bootstrap_external>", line 999, in exec_module
  File "<frozen importlib._bootstrap>", line 488, in _call_with_frames_removed
  File "/opt/airflow/dags/test_dags.py", line 11, in <module>
    from selenium import webdriver
ModuleNotFoundError: No module named 'selenium'
[2025-02-24T04:47:28.278+0000] {processor.py:927} WARNING - No viable dags retrieved from /opt/airflow/dags/test_dags.py
[2025-02-24T04:47:28.301+0000] {processor.py:208} INFO - Processing /opt/airflow/dags/test_dags.py took 0.479 seconds
[2025-02-24T04:47:59.004+0000] {processor.py:186} INFO - Started process (PID=1235) to work on /opt/airflow/dags/test_dags.py
[2025-02-24T04:47:59.005+0000] {processor.py:914} INFO - Processing file /opt/airflow/dags/test_dags.py for tasks to queue
[2025-02-24T04:47:59.007+0000] {logging_mixin.py:190} INFO - [2025-02-24T04:47:59.006+0000] {dagbag.py:588} INFO - Filling up the DagBag from /opt/airflow/dags/test_dags.py
[2025-02-24T04:47:59.406+0000] {logging_mixin.py:190} INFO - [2025-02-24T04:47:59.399+0000] {dagbag.py:387} ERROR - Failed to import: /opt/airflow/dags/test_dags.py
Traceback (most recent call last):
  File "/home/airflow/.local/lib/python3.12/site-packages/airflow/models/dagbag.py", line 383, in parse
    loader.exec_module(new_module)
  File "<frozen importlib._bootstrap_external>", line 999, in exec_module
  File "<frozen importlib._bootstrap>", line 488, in _call_with_frames_removed
  File "/opt/airflow/dags/test_dags.py", line 11, in <module>
    from selenium import webdriver
ModuleNotFoundError: No module named 'selenium'
[2025-02-24T04:47:59.407+0000] {processor.py:927} WARNING - No viable dags retrieved from /opt/airflow/dags/test_dags.py
[2025-02-24T04:47:59.430+0000] {processor.py:208} INFO - Processing /opt/airflow/dags/test_dags.py took 0.432 seconds
[2025-02-24T04:48:29.640+0000] {processor.py:186} INFO - Started process (PID=1252) to work on /opt/airflow/dags/test_dags.py
[2025-02-24T04:48:29.641+0000] {processor.py:914} INFO - Processing file /opt/airflow/dags/test_dags.py for tasks to queue
[2025-02-24T04:48:29.642+0000] {logging_mixin.py:190} INFO - [2025-02-24T04:48:29.642+0000] {dagbag.py:588} INFO - Filling up the DagBag from /opt/airflow/dags/test_dags.py
[2025-02-24T04:48:30.073+0000] {logging_mixin.py:190} INFO - [2025-02-24T04:48:30.065+0000] {dagbag.py:387} ERROR - Failed to import: /opt/airflow/dags/test_dags.py
Traceback (most recent call last):
  File "/home/airflow/.local/lib/python3.12/site-packages/airflow/models/dagbag.py", line 383, in parse
    loader.exec_module(new_module)
  File "<frozen importlib._bootstrap_external>", line 999, in exec_module
  File "<frozen importlib._bootstrap>", line 488, in _call_with_frames_removed
  File "/opt/airflow/dags/test_dags.py", line 11, in <module>
    from selenium import webdriver
ModuleNotFoundError: No module named 'selenium'
[2025-02-24T04:48:30.075+0000] {processor.py:927} WARNING - No viable dags retrieved from /opt/airflow/dags/test_dags.py
[2025-02-24T04:48:30.097+0000] {processor.py:208} INFO - Processing /opt/airflow/dags/test_dags.py took 0.464 seconds
[2025-02-24T04:49:00.357+0000] {processor.py:186} INFO - Started process (PID=1269) to work on /opt/airflow/dags/test_dags.py
[2025-02-24T04:49:00.359+0000] {processor.py:914} INFO - Processing file /opt/airflow/dags/test_dags.py for tasks to queue
[2025-02-24T04:49:00.360+0000] {logging_mixin.py:190} INFO - [2025-02-24T04:49:00.360+0000] {dagbag.py:588} INFO - Filling up the DagBag from /opt/airflow/dags/test_dags.py
[2025-02-24T04:49:00.745+0000] {logging_mixin.py:190} INFO - [2025-02-24T04:49:00.741+0000] {dagbag.py:387} ERROR - Failed to import: /opt/airflow/dags/test_dags.py
Traceback (most recent call last):
  File "/home/airflow/.local/lib/python3.12/site-packages/airflow/models/dagbag.py", line 383, in parse
    loader.exec_module(new_module)
  File "<frozen importlib._bootstrap_external>", line 999, in exec_module
  File "<frozen importlib._bootstrap>", line 488, in _call_with_frames_removed
  File "/opt/airflow/dags/test_dags.py", line 11, in <module>
    from selenium import webdriver
ModuleNotFoundError: No module named 'selenium'
[2025-02-24T04:49:00.746+0000] {processor.py:927} WARNING - No viable dags retrieved from /opt/airflow/dags/test_dags.py
[2025-02-24T04:49:00.757+0000] {processor.py:208} INFO - Processing /opt/airflow/dags/test_dags.py took 0.405 seconds
[2025-02-24T04:49:31.425+0000] {processor.py:186} INFO - Started process (PID=1286) to work on /opt/airflow/dags/test_dags.py
[2025-02-24T04:49:31.426+0000] {processor.py:914} INFO - Processing file /opt/airflow/dags/test_dags.py for tasks to queue
[2025-02-24T04:49:31.428+0000] {logging_mixin.py:190} INFO - [2025-02-24T04:49:31.427+0000] {dagbag.py:588} INFO - Filling up the DagBag from /opt/airflow/dags/test_dags.py
[2025-02-24T04:49:31.859+0000] {logging_mixin.py:190} INFO - [2025-02-24T04:49:31.853+0000] {dagbag.py:387} ERROR - Failed to import: /opt/airflow/dags/test_dags.py
Traceback (most recent call last):
  File "/home/airflow/.local/lib/python3.12/site-packages/airflow/models/dagbag.py", line 383, in parse
    loader.exec_module(new_module)
  File "<frozen importlib._bootstrap_external>", line 999, in exec_module
  File "<frozen importlib._bootstrap>", line 488, in _call_with_frames_removed
  File "/opt/airflow/dags/test_dags.py", line 11, in <module>
    from selenium import webdriver
ModuleNotFoundError: No module named 'selenium'
[2025-02-24T04:49:31.860+0000] {processor.py:927} WARNING - No viable dags retrieved from /opt/airflow/dags/test_dags.py
[2025-02-24T04:49:31.872+0000] {processor.py:208} INFO - Processing /opt/airflow/dags/test_dags.py took 0.452 seconds
[2025-02-24T04:50:02.298+0000] {processor.py:186} INFO - Started process (PID=1303) to work on /opt/airflow/dags/test_dags.py
[2025-02-24T04:50:02.299+0000] {processor.py:914} INFO - Processing file /opt/airflow/dags/test_dags.py for tasks to queue
[2025-02-24T04:50:02.300+0000] {logging_mixin.py:190} INFO - [2025-02-24T04:50:02.300+0000] {dagbag.py:588} INFO - Filling up the DagBag from /opt/airflow/dags/test_dags.py
[2025-02-24T04:50:02.699+0000] {logging_mixin.py:190} INFO - [2025-02-24T04:50:02.694+0000] {dagbag.py:387} ERROR - Failed to import: /opt/airflow/dags/test_dags.py
Traceback (most recent call last):
  File "/home/airflow/.local/lib/python3.12/site-packages/airflow/models/dagbag.py", line 383, in parse
    loader.exec_module(new_module)
  File "<frozen importlib._bootstrap_external>", line 999, in exec_module
  File "<frozen importlib._bootstrap>", line 488, in _call_with_frames_removed
  File "/opt/airflow/dags/test_dags.py", line 11, in <module>
    from selenium import webdriver
ModuleNotFoundError: No module named 'selenium'
[2025-02-24T04:50:02.700+0000] {processor.py:927} WARNING - No viable dags retrieved from /opt/airflow/dags/test_dags.py
[2025-02-24T04:50:02.721+0000] {processor.py:208} INFO - Processing /opt/airflow/dags/test_dags.py took 0.428 seconds
[2025-02-24T04:50:32.898+0000] {processor.py:186} INFO - Started process (PID=1320) to work on /opt/airflow/dags/test_dags.py
[2025-02-24T04:50:32.899+0000] {processor.py:914} INFO - Processing file /opt/airflow/dags/test_dags.py for tasks to queue
[2025-02-24T04:50:32.901+0000] {logging_mixin.py:190} INFO - [2025-02-24T04:50:32.900+0000] {dagbag.py:588} INFO - Filling up the DagBag from /opt/airflow/dags/test_dags.py
[2025-02-24T04:50:33.307+0000] {logging_mixin.py:190} INFO - [2025-02-24T04:50:33.302+0000] {dagbag.py:387} ERROR - Failed to import: /opt/airflow/dags/test_dags.py
Traceback (most recent call last):
  File "/home/airflow/.local/lib/python3.12/site-packages/airflow/models/dagbag.py", line 383, in parse
    loader.exec_module(new_module)
  File "<frozen importlib._bootstrap_external>", line 999, in exec_module
  File "<frozen importlib._bootstrap>", line 488, in _call_with_frames_removed
  File "/opt/airflow/dags/test_dags.py", line 11, in <module>
    from selenium import webdriver
ModuleNotFoundError: No module named 'selenium'
[2025-02-24T04:50:33.308+0000] {processor.py:927} WARNING - No viable dags retrieved from /opt/airflow/dags/test_dags.py
[2025-02-24T04:50:33.332+0000] {processor.py:208} INFO - Processing /opt/airflow/dags/test_dags.py took 0.440 seconds
[2025-02-24T04:51:03.485+0000] {processor.py:186} INFO - Started process (PID=1343) to work on /opt/airflow/dags/test_dags.py
[2025-02-24T04:51:03.487+0000] {processor.py:914} INFO - Processing file /opt/airflow/dags/test_dags.py for tasks to queue
[2025-02-24T04:51:03.488+0000] {logging_mixin.py:190} INFO - [2025-02-24T04:51:03.488+0000] {dagbag.py:588} INFO - Filling up the DagBag from /opt/airflow/dags/test_dags.py
[2025-02-24T04:51:03.895+0000] {logging_mixin.py:190} INFO - [2025-02-24T04:51:03.889+0000] {dagbag.py:387} ERROR - Failed to import: /opt/airflow/dags/test_dags.py
Traceback (most recent call last):
  File "/home/airflow/.local/lib/python3.12/site-packages/airflow/models/dagbag.py", line 383, in parse
    loader.exec_module(new_module)
  File "<frozen importlib._bootstrap_external>", line 999, in exec_module
  File "<frozen importlib._bootstrap>", line 488, in _call_with_frames_removed
  File "/opt/airflow/dags/test_dags.py", line 11, in <module>
    from selenium import webdriver
ModuleNotFoundError: No module named 'selenium'
[2025-02-24T04:51:03.896+0000] {processor.py:927} WARNING - No viable dags retrieved from /opt/airflow/dags/test_dags.py
[2025-02-24T04:51:03.919+0000] {processor.py:208} INFO - Processing /opt/airflow/dags/test_dags.py took 0.442 seconds
[2025-02-24T04:51:34.068+0000] {processor.py:186} INFO - Started process (PID=1360) to work on /opt/airflow/dags/test_dags.py
[2025-02-24T04:51:34.070+0000] {processor.py:914} INFO - Processing file /opt/airflow/dags/test_dags.py for tasks to queue
[2025-02-24T04:51:34.071+0000] {logging_mixin.py:190} INFO - [2025-02-24T04:51:34.071+0000] {dagbag.py:588} INFO - Filling up the DagBag from /opt/airflow/dags/test_dags.py
[2025-02-24T04:51:34.485+0000] {logging_mixin.py:190} INFO - [2025-02-24T04:51:34.480+0000] {dagbag.py:387} ERROR - Failed to import: /opt/airflow/dags/test_dags.py
Traceback (most recent call last):
  File "/home/airflow/.local/lib/python3.12/site-packages/airflow/models/dagbag.py", line 383, in parse
    loader.exec_module(new_module)
  File "<frozen importlib._bootstrap_external>", line 999, in exec_module
  File "<frozen importlib._bootstrap>", line 488, in _call_with_frames_removed
  File "/opt/airflow/dags/test_dags.py", line 11, in <module>
    from selenium import webdriver
ModuleNotFoundError: No module named 'selenium'
[2025-02-24T04:51:34.486+0000] {processor.py:927} WARNING - No viable dags retrieved from /opt/airflow/dags/test_dags.py
[2025-02-24T04:51:34.507+0000] {processor.py:208} INFO - Processing /opt/airflow/dags/test_dags.py took 0.446 seconds
[2025-02-24T04:52:04.637+0000] {processor.py:186} INFO - Started process (PID=1377) to work on /opt/airflow/dags/test_dags.py
[2025-02-24T04:52:04.638+0000] {processor.py:914} INFO - Processing file /opt/airflow/dags/test_dags.py for tasks to queue
[2025-02-24T04:52:04.640+0000] {logging_mixin.py:190} INFO - [2025-02-24T04:52:04.639+0000] {dagbag.py:588} INFO - Filling up the DagBag from /opt/airflow/dags/test_dags.py
[2025-02-24T04:52:05.090+0000] {logging_mixin.py:190} INFO - [2025-02-24T04:52:05.082+0000] {dagbag.py:387} ERROR - Failed to import: /opt/airflow/dags/test_dags.py
Traceback (most recent call last):
  File "/home/airflow/.local/lib/python3.12/site-packages/airflow/models/dagbag.py", line 383, in parse
    loader.exec_module(new_module)
  File "<frozen importlib._bootstrap_external>", line 999, in exec_module
  File "<frozen importlib._bootstrap>", line 488, in _call_with_frames_removed
  File "/opt/airflow/dags/test_dags.py", line 11, in <module>
    from selenium import webdriver
ModuleNotFoundError: No module named 'selenium'
[2025-02-24T04:52:05.092+0000] {processor.py:927} WARNING - No viable dags retrieved from /opt/airflow/dags/test_dags.py
[2025-02-24T04:52:05.106+0000] {processor.py:208} INFO - Processing /opt/airflow/dags/test_dags.py took 0.477 seconds
[2025-02-24T04:52:36.030+0000] {processor.py:186} INFO - Started process (PID=1394) to work on /opt/airflow/dags/test_dags.py
[2025-02-24T04:52:36.031+0000] {processor.py:914} INFO - Processing file /opt/airflow/dags/test_dags.py for tasks to queue
[2025-02-24T04:52:36.032+0000] {logging_mixin.py:190} INFO - [2025-02-24T04:52:36.032+0000] {dagbag.py:588} INFO - Filling up the DagBag from /opt/airflow/dags/test_dags.py
[2025-02-24T04:52:36.414+0000] {logging_mixin.py:190} INFO - [2025-02-24T04:52:36.411+0000] {dagbag.py:387} ERROR - Failed to import: /opt/airflow/dags/test_dags.py
Traceback (most recent call last):
  File "/home/airflow/.local/lib/python3.12/site-packages/airflow/models/dagbag.py", line 383, in parse
    loader.exec_module(new_module)
  File "<frozen importlib._bootstrap_external>", line 999, in exec_module
  File "<frozen importlib._bootstrap>", line 488, in _call_with_frames_removed
  File "/opt/airflow/dags/test_dags.py", line 11, in <module>
    from selenium import webdriver
ModuleNotFoundError: No module named 'selenium'
[2025-02-24T04:52:36.415+0000] {processor.py:927} WARNING - No viable dags retrieved from /opt/airflow/dags/test_dags.py
[2025-02-24T04:52:36.438+0000] {processor.py:208} INFO - Processing /opt/airflow/dags/test_dags.py took 0.413 seconds
[2025-02-24T04:53:06.539+0000] {processor.py:186} INFO - Started process (PID=1411) to work on /opt/airflow/dags/test_dags.py
[2025-02-24T04:53:06.540+0000] {processor.py:914} INFO - Processing file /opt/airflow/dags/test_dags.py for tasks to queue
[2025-02-24T04:53:06.542+0000] {logging_mixin.py:190} INFO - [2025-02-24T04:53:06.541+0000] {dagbag.py:588} INFO - Filling up the DagBag from /opt/airflow/dags/test_dags.py
[2025-02-24T04:53:06.927+0000] {logging_mixin.py:190} INFO - [2025-02-24T04:53:06.923+0000] {dagbag.py:387} ERROR - Failed to import: /opt/airflow/dags/test_dags.py
Traceback (most recent call last):
  File "/home/airflow/.local/lib/python3.12/site-packages/airflow/models/dagbag.py", line 383, in parse
    loader.exec_module(new_module)
  File "<frozen importlib._bootstrap_external>", line 999, in exec_module
  File "<frozen importlib._bootstrap>", line 488, in _call_with_frames_removed
  File "/opt/airflow/dags/test_dags.py", line 11, in <module>
    from selenium import webdriver
ModuleNotFoundError: No module named 'selenium'
[2025-02-24T04:53:06.928+0000] {processor.py:927} WARNING - No viable dags retrieved from /opt/airflow/dags/test_dags.py
[2025-02-24T04:53:06.939+0000] {processor.py:208} INFO - Processing /opt/airflow/dags/test_dags.py took 0.405 seconds
[2025-02-24T04:53:37.117+0000] {processor.py:186} INFO - Started process (PID=1428) to work on /opt/airflow/dags/test_dags.py
[2025-02-24T04:53:37.118+0000] {processor.py:914} INFO - Processing file /opt/airflow/dags/test_dags.py for tasks to queue
[2025-02-24T04:53:37.119+0000] {logging_mixin.py:190} INFO - [2025-02-24T04:53:37.119+0000] {dagbag.py:588} INFO - Filling up the DagBag from /opt/airflow/dags/test_dags.py
[2025-02-24T04:53:37.527+0000] {logging_mixin.py:190} INFO - [2025-02-24T04:53:37.522+0000] {dagbag.py:387} ERROR - Failed to import: /opt/airflow/dags/test_dags.py
Traceback (most recent call last):
  File "/home/airflow/.local/lib/python3.12/site-packages/airflow/models/dagbag.py", line 383, in parse
    loader.exec_module(new_module)
  File "<frozen importlib._bootstrap_external>", line 999, in exec_module
  File "<frozen importlib._bootstrap>", line 488, in _call_with_frames_removed
  File "/opt/airflow/dags/test_dags.py", line 11, in <module>
    from selenium import webdriver
ModuleNotFoundError: No module named 'selenium'
[2025-02-24T04:53:37.529+0000] {processor.py:927} WARNING - No viable dags retrieved from /opt/airflow/dags/test_dags.py
[2025-02-24T04:53:37.539+0000] {processor.py:208} INFO - Processing /opt/airflow/dags/test_dags.py took 0.427 seconds
[2025-02-24T04:54:07.668+0000] {processor.py:186} INFO - Started process (PID=1445) to work on /opt/airflow/dags/test_dags.py
[2025-02-24T04:54:07.669+0000] {processor.py:914} INFO - Processing file /opt/airflow/dags/test_dags.py for tasks to queue
[2025-02-24T04:54:07.670+0000] {logging_mixin.py:190} INFO - [2025-02-24T04:54:07.670+0000] {dagbag.py:588} INFO - Filling up the DagBag from /opt/airflow/dags/test_dags.py
[2025-02-24T04:54:08.059+0000] {logging_mixin.py:190} INFO - [2025-02-24T04:54:08.054+0000] {dagbag.py:387} ERROR - Failed to import: /opt/airflow/dags/test_dags.py
Traceback (most recent call last):
  File "/home/airflow/.local/lib/python3.12/site-packages/airflow/models/dagbag.py", line 383, in parse
    loader.exec_module(new_module)
  File "<frozen importlib._bootstrap_external>", line 999, in exec_module
  File "<frozen importlib._bootstrap>", line 488, in _call_with_frames_removed
  File "/opt/airflow/dags/test_dags.py", line 11, in <module>
    from selenium import webdriver
ModuleNotFoundError: No module named 'selenium'
[2025-02-24T04:54:08.060+0000] {processor.py:927} WARNING - No viable dags retrieved from /opt/airflow/dags/test_dags.py
[2025-02-24T04:54:08.080+0000] {processor.py:208} INFO - Processing /opt/airflow/dags/test_dags.py took 0.417 seconds
[2025-02-24T04:54:38.340+0000] {processor.py:186} INFO - Started process (PID=1468) to work on /opt/airflow/dags/test_dags.py
[2025-02-24T04:54:38.341+0000] {processor.py:914} INFO - Processing file /opt/airflow/dags/test_dags.py for tasks to queue
[2025-02-24T04:54:38.342+0000] {logging_mixin.py:190} INFO - [2025-02-24T04:54:38.342+0000] {dagbag.py:588} INFO - Filling up the DagBag from /opt/airflow/dags/test_dags.py
[2025-02-24T04:54:38.706+0000] {logging_mixin.py:190} INFO - [2025-02-24T04:54:38.703+0000] {dagbag.py:387} ERROR - Failed to import: /opt/airflow/dags/test_dags.py
Traceback (most recent call last):
  File "/home/airflow/.local/lib/python3.12/site-packages/airflow/models/dagbag.py", line 383, in parse
    loader.exec_module(new_module)
  File "<frozen importlib._bootstrap_external>", line 999, in exec_module
  File "<frozen importlib._bootstrap>", line 488, in _call_with_frames_removed
  File "/opt/airflow/dags/test_dags.py", line 11, in <module>
    from selenium import webdriver
ModuleNotFoundError: No module named 'selenium'
[2025-02-24T04:54:38.707+0000] {processor.py:927} WARNING - No viable dags retrieved from /opt/airflow/dags/test_dags.py
[2025-02-24T04:54:38.727+0000] {processor.py:208} INFO - Processing /opt/airflow/dags/test_dags.py took 0.392 seconds
[2025-02-24T04:55:08.776+0000] {processor.py:186} INFO - Started process (PID=1498) to work on /opt/airflow/dags/test_dags.py
[2025-02-24T04:55:08.777+0000] {processor.py:914} INFO - Processing file /opt/airflow/dags/test_dags.py for tasks to queue
[2025-02-24T04:55:08.778+0000] {logging_mixin.py:190} INFO - [2025-02-24T04:55:08.778+0000] {dagbag.py:588} INFO - Filling up the DagBag from /opt/airflow/dags/test_dags.py
[2025-02-24T04:55:09.174+0000] {logging_mixin.py:190} INFO - [2025-02-24T04:55:09.167+0000] {dagbag.py:387} ERROR - Failed to import: /opt/airflow/dags/test_dags.py
Traceback (most recent call last):
  File "/home/airflow/.local/lib/python3.12/site-packages/airflow/models/dagbag.py", line 383, in parse
    loader.exec_module(new_module)
  File "<frozen importlib._bootstrap_external>", line 999, in exec_module
  File "<frozen importlib._bootstrap>", line 488, in _call_with_frames_removed
  File "/opt/airflow/dags/test_dags.py", line 11, in <module>
    from selenium import webdriver
ModuleNotFoundError: No module named 'selenium'
[2025-02-24T04:55:09.176+0000] {processor.py:927} WARNING - No viable dags retrieved from /opt/airflow/dags/test_dags.py
[2025-02-24T04:55:09.189+0000] {processor.py:208} INFO - Processing /opt/airflow/dags/test_dags.py took 0.419 seconds
[2025-02-24T04:55:39.709+0000] {processor.py:186} INFO - Started process (PID=1520) to work on /opt/airflow/dags/test_dags.py
[2025-02-24T04:55:39.710+0000] {processor.py:914} INFO - Processing file /opt/airflow/dags/test_dags.py for tasks to queue
[2025-02-24T04:55:39.712+0000] {logging_mixin.py:190} INFO - [2025-02-24T04:55:39.711+0000] {dagbag.py:588} INFO - Filling up the DagBag from /opt/airflow/dags/test_dags.py
[2025-02-24T04:55:40.074+0000] {logging_mixin.py:190} INFO - [2025-02-24T04:55:40.071+0000] {dagbag.py:387} ERROR - Failed to import: /opt/airflow/dags/test_dags.py
Traceback (most recent call last):
  File "/home/airflow/.local/lib/python3.12/site-packages/airflow/models/dagbag.py", line 383, in parse
    loader.exec_module(new_module)
  File "<frozen importlib._bootstrap_external>", line 999, in exec_module
  File "<frozen importlib._bootstrap>", line 488, in _call_with_frames_removed
  File "/opt/airflow/dags/test_dags.py", line 11, in <module>
    from selenium import webdriver
ModuleNotFoundError: No module named 'selenium'
[2025-02-24T04:55:40.075+0000] {processor.py:927} WARNING - No viable dags retrieved from /opt/airflow/dags/test_dags.py
[2025-02-24T04:55:40.096+0000] {processor.py:208} INFO - Processing /opt/airflow/dags/test_dags.py took 0.392 seconds
[2025-02-24T04:56:10.934+0000] {processor.py:186} INFO - Started process (PID=1536) to work on /opt/airflow/dags/test_dags.py
[2025-02-24T04:56:10.935+0000] {processor.py:914} INFO - Processing file /opt/airflow/dags/test_dags.py for tasks to queue
[2025-02-24T04:56:10.936+0000] {logging_mixin.py:190} INFO - [2025-02-24T04:56:10.936+0000] {dagbag.py:588} INFO - Filling up the DagBag from /opt/airflow/dags/test_dags.py
[2025-02-24T04:56:11.378+0000] {logging_mixin.py:190} INFO - [2025-02-24T04:56:11.374+0000] {dagbag.py:387} ERROR - Failed to import: /opt/airflow/dags/test_dags.py
Traceback (most recent call last):
  File "/home/airflow/.local/lib/python3.12/site-packages/airflow/models/dagbag.py", line 383, in parse
    loader.exec_module(new_module)
  File "<frozen importlib._bootstrap_external>", line 999, in exec_module
  File "<frozen importlib._bootstrap>", line 488, in _call_with_frames_removed
  File "/opt/airflow/dags/test_dags.py", line 11, in <module>
    from selenium import webdriver
ModuleNotFoundError: No module named 'selenium'
[2025-02-24T04:56:11.379+0000] {processor.py:927} WARNING - No viable dags retrieved from /opt/airflow/dags/test_dags.py
[2025-02-24T04:56:11.401+0000] {processor.py:208} INFO - Processing /opt/airflow/dags/test_dags.py took 0.473 seconds
[2025-02-24T04:56:42.133+0000] {processor.py:186} INFO - Started process (PID=1553) to work on /opt/airflow/dags/test_dags.py
[2025-02-24T04:56:42.134+0000] {processor.py:914} INFO - Processing file /opt/airflow/dags/test_dags.py for tasks to queue
[2025-02-24T04:56:42.136+0000] {logging_mixin.py:190} INFO - [2025-02-24T04:56:42.135+0000] {dagbag.py:588} INFO - Filling up the DagBag from /opt/airflow/dags/test_dags.py
[2025-02-24T04:56:42.525+0000] {logging_mixin.py:190} INFO - [2025-02-24T04:56:42.520+0000] {dagbag.py:387} ERROR - Failed to import: /opt/airflow/dags/test_dags.py
Traceback (most recent call last):
  File "/home/airflow/.local/lib/python3.12/site-packages/airflow/models/dagbag.py", line 383, in parse
    loader.exec_module(new_module)
  File "<frozen importlib._bootstrap_external>", line 999, in exec_module
  File "<frozen importlib._bootstrap>", line 488, in _call_with_frames_removed
  File "/opt/airflow/dags/test_dags.py", line 11, in <module>
    from selenium import webdriver
ModuleNotFoundError: No module named 'selenium'
[2025-02-24T04:56:42.526+0000] {processor.py:927} WARNING - No viable dags retrieved from /opt/airflow/dags/test_dags.py
[2025-02-24T04:56:42.547+0000] {processor.py:208} INFO - Processing /opt/airflow/dags/test_dags.py took 0.420 seconds
[2025-02-24T04:57:12.687+0000] {processor.py:186} INFO - Started process (PID=1570) to work on /opt/airflow/dags/test_dags.py
[2025-02-24T04:57:12.688+0000] {processor.py:914} INFO - Processing file /opt/airflow/dags/test_dags.py for tasks to queue
[2025-02-24T04:57:12.689+0000] {logging_mixin.py:190} INFO - [2025-02-24T04:57:12.689+0000] {dagbag.py:588} INFO - Filling up the DagBag from /opt/airflow/dags/test_dags.py
[2025-02-24T04:57:13.086+0000] {logging_mixin.py:190} INFO - [2025-02-24T04:57:13.081+0000] {dagbag.py:387} ERROR - Failed to import: /opt/airflow/dags/test_dags.py
Traceback (most recent call last):
  File "/home/airflow/.local/lib/python3.12/site-packages/airflow/models/dagbag.py", line 383, in parse
    loader.exec_module(new_module)
  File "<frozen importlib._bootstrap_external>", line 999, in exec_module
  File "<frozen importlib._bootstrap>", line 488, in _call_with_frames_removed
  File "/opt/airflow/dags/test_dags.py", line 11, in <module>
    from selenium import webdriver
ModuleNotFoundError: No module named 'selenium'
[2025-02-24T04:57:13.089+0000] {processor.py:927} WARNING - No viable dags retrieved from /opt/airflow/dags/test_dags.py
[2025-02-24T04:57:13.110+0000] {processor.py:208} INFO - Processing /opt/airflow/dags/test_dags.py took 0.428 seconds
[2025-02-24T04:57:43.253+0000] {processor.py:186} INFO - Started process (PID=1587) to work on /opt/airflow/dags/test_dags.py
[2025-02-24T04:57:43.254+0000] {processor.py:914} INFO - Processing file /opt/airflow/dags/test_dags.py for tasks to queue
[2025-02-24T04:57:43.256+0000] {logging_mixin.py:190} INFO - [2025-02-24T04:57:43.255+0000] {dagbag.py:588} INFO - Filling up the DagBag from /opt/airflow/dags/test_dags.py
[2025-02-24T04:57:43.626+0000] {logging_mixin.py:190} INFO - [2025-02-24T04:57:43.618+0000] {dagbag.py:387} ERROR - Failed to import: /opt/airflow/dags/test_dags.py
Traceback (most recent call last):
  File "/home/airflow/.local/lib/python3.12/site-packages/airflow/models/dagbag.py", line 383, in parse
    loader.exec_module(new_module)
  File "<frozen importlib._bootstrap_external>", line 999, in exec_module
  File "<frozen importlib._bootstrap>", line 488, in _call_with_frames_removed
  File "/opt/airflow/dags/test_dags.py", line 11, in <module>
    from selenium import webdriver
ModuleNotFoundError: No module named 'selenium'
[2025-02-24T04:57:43.628+0000] {processor.py:927} WARNING - No viable dags retrieved from /opt/airflow/dags/test_dags.py
[2025-02-24T04:57:43.653+0000] {processor.py:208} INFO - Processing /opt/airflow/dags/test_dags.py took 0.405 seconds
[2025-02-24T04:58:13.909+0000] {processor.py:186} INFO - Started process (PID=1604) to work on /opt/airflow/dags/test_dags.py
[2025-02-24T04:58:13.910+0000] {processor.py:914} INFO - Processing file /opt/airflow/dags/test_dags.py for tasks to queue
[2025-02-24T04:58:13.911+0000] {logging_mixin.py:190} INFO - [2025-02-24T04:58:13.911+0000] {dagbag.py:588} INFO - Filling up the DagBag from /opt/airflow/dags/test_dags.py
[2025-02-24T04:58:14.318+0000] {logging_mixin.py:190} INFO - [2025-02-24T04:58:14.313+0000] {dagbag.py:387} ERROR - Failed to import: /opt/airflow/dags/test_dags.py
Traceback (most recent call last):
  File "/home/airflow/.local/lib/python3.12/site-packages/airflow/models/dagbag.py", line 383, in parse
    loader.exec_module(new_module)
  File "<frozen importlib._bootstrap_external>", line 999, in exec_module
  File "<frozen importlib._bootstrap>", line 488, in _call_with_frames_removed
  File "/opt/airflow/dags/test_dags.py", line 11, in <module>
    from selenium import webdriver
ModuleNotFoundError: No module named 'selenium'
[2025-02-24T04:58:14.319+0000] {processor.py:927} WARNING - No viable dags retrieved from /opt/airflow/dags/test_dags.py
[2025-02-24T04:58:14.341+0000] {processor.py:208} INFO - Processing /opt/airflow/dags/test_dags.py took 0.438 seconds
[2025-02-24T04:58:44.535+0000] {processor.py:186} INFO - Started process (PID=1621) to work on /opt/airflow/dags/test_dags.py
[2025-02-24T04:58:44.537+0000] {processor.py:914} INFO - Processing file /opt/airflow/dags/test_dags.py for tasks to queue
[2025-02-24T04:58:44.539+0000] {logging_mixin.py:190} INFO - [2025-02-24T04:58:44.538+0000] {dagbag.py:588} INFO - Filling up the DagBag from /opt/airflow/dags/test_dags.py
[2025-02-24T04:58:44.936+0000] {logging_mixin.py:190} INFO - [2025-02-24T04:58:44.932+0000] {dagbag.py:387} ERROR - Failed to import: /opt/airflow/dags/test_dags.py
Traceback (most recent call last):
  File "/home/airflow/.local/lib/python3.12/site-packages/airflow/models/dagbag.py", line 383, in parse
    loader.exec_module(new_module)
  File "<frozen importlib._bootstrap_external>", line 999, in exec_module
  File "<frozen importlib._bootstrap>", line 488, in _call_with_frames_removed
  File "/opt/airflow/dags/test_dags.py", line 11, in <module>
    from selenium import webdriver
ModuleNotFoundError: No module named 'selenium'
[2025-02-24T04:58:44.937+0000] {processor.py:927} WARNING - No viable dags retrieved from /opt/airflow/dags/test_dags.py
[2025-02-24T04:58:44.960+0000] {processor.py:208} INFO - Processing /opt/airflow/dags/test_dags.py took 0.432 seconds
[2025-02-24T04:59:15.089+0000] {processor.py:186} INFO - Started process (PID=1638) to work on /opt/airflow/dags/test_dags.py
[2025-02-24T04:59:15.090+0000] {processor.py:914} INFO - Processing file /opt/airflow/dags/test_dags.py for tasks to queue
[2025-02-24T04:59:15.092+0000] {logging_mixin.py:190} INFO - [2025-02-24T04:59:15.091+0000] {dagbag.py:588} INFO - Filling up the DagBag from /opt/airflow/dags/test_dags.py
[2025-02-24T04:59:15.471+0000] {logging_mixin.py:190} INFO - [2025-02-24T04:59:15.461+0000] {dagbag.py:387} ERROR - Failed to import: /opt/airflow/dags/test_dags.py
Traceback (most recent call last):
  File "/home/airflow/.local/lib/python3.12/site-packages/airflow/models/dagbag.py", line 383, in parse
    loader.exec_module(new_module)
  File "<frozen importlib._bootstrap_external>", line 999, in exec_module
  File "<frozen importlib._bootstrap>", line 488, in _call_with_frames_removed
  File "/opt/airflow/dags/test_dags.py", line 11, in <module>
    from selenium import webdriver
ModuleNotFoundError: No module named 'selenium'
[2025-02-24T04:59:15.473+0000] {processor.py:927} WARNING - No viable dags retrieved from /opt/airflow/dags/test_dags.py
[2025-02-24T04:59:15.496+0000] {processor.py:208} INFO - Processing /opt/airflow/dags/test_dags.py took 0.412 seconds
[2025-02-24T04:59:45.826+0000] {processor.py:186} INFO - Started process (PID=1655) to work on /opt/airflow/dags/test_dags.py
[2025-02-24T04:59:45.827+0000] {processor.py:914} INFO - Processing file /opt/airflow/dags/test_dags.py for tasks to queue
[2025-02-24T04:59:45.829+0000] {logging_mixin.py:190} INFO - [2025-02-24T04:59:45.829+0000] {dagbag.py:588} INFO - Filling up the DagBag from /opt/airflow/dags/test_dags.py
[2025-02-24T04:59:46.222+0000] {logging_mixin.py:190} INFO - [2025-02-24T04:59:46.215+0000] {dagbag.py:387} ERROR - Failed to import: /opt/airflow/dags/test_dags.py
Traceback (most recent call last):
  File "/home/airflow/.local/lib/python3.12/site-packages/airflow/models/dagbag.py", line 383, in parse
    loader.exec_module(new_module)
  File "<frozen importlib._bootstrap_external>", line 999, in exec_module
  File "<frozen importlib._bootstrap>", line 488, in _call_with_frames_removed
  File "/opt/airflow/dags/test_dags.py", line 11, in <module>
    from selenium import webdriver
ModuleNotFoundError: No module named 'selenium'
[2025-02-24T04:59:46.223+0000] {processor.py:927} WARNING - No viable dags retrieved from /opt/airflow/dags/test_dags.py
[2025-02-24T04:59:46.247+0000] {processor.py:208} INFO - Processing /opt/airflow/dags/test_dags.py took 0.427 seconds
[2025-02-24T05:00:16.436+0000] {processor.py:186} INFO - Started process (PID=1673) to work on /opt/airflow/dags/test_dags.py
[2025-02-24T05:00:16.437+0000] {processor.py:914} INFO - Processing file /opt/airflow/dags/test_dags.py for tasks to queue
[2025-02-24T05:00:16.438+0000] {logging_mixin.py:190} INFO - [2025-02-24T05:00:16.438+0000] {dagbag.py:588} INFO - Filling up the DagBag from /opt/airflow/dags/test_dags.py
[2025-02-24T05:00:16.896+0000] {logging_mixin.py:190} INFO - [2025-02-24T05:00:16.888+0000] {dagbag.py:387} ERROR - Failed to import: /opt/airflow/dags/test_dags.py
Traceback (most recent call last):
  File "/home/airflow/.local/lib/python3.12/site-packages/airflow/models/dagbag.py", line 383, in parse
    loader.exec_module(new_module)
  File "<frozen importlib._bootstrap_external>", line 999, in exec_module
  File "<frozen importlib._bootstrap>", line 488, in _call_with_frames_removed
  File "/opt/airflow/dags/test_dags.py", line 11, in <module>
    from selenium import webdriver
ModuleNotFoundError: No module named 'selenium'
[2025-02-24T05:00:16.898+0000] {processor.py:927} WARNING - No viable dags retrieved from /opt/airflow/dags/test_dags.py
[2025-02-24T05:00:16.917+0000] {processor.py:208} INFO - Processing /opt/airflow/dags/test_dags.py took 0.490 seconds
[2025-02-24T05:00:47.459+0000] {processor.py:186} INFO - Started process (PID=1690) to work on /opt/airflow/dags/test_dags.py
[2025-02-24T05:00:47.460+0000] {processor.py:914} INFO - Processing file /opt/airflow/dags/test_dags.py for tasks to queue
[2025-02-24T05:00:47.462+0000] {logging_mixin.py:190} INFO - [2025-02-24T05:00:47.461+0000] {dagbag.py:588} INFO - Filling up the DagBag from /opt/airflow/dags/test_dags.py
[2025-02-24T05:00:47.727+0000] {logging_mixin.py:190} INFO - [2025-02-24T05:00:47.721+0000] {dagbag.py:387} ERROR - Failed to import: /opt/airflow/dags/test_dags.py
Traceback (most recent call last):
  File "/home/airflow/.local/lib/python3.12/site-packages/airflow/models/dagbag.py", line 383, in parse
    loader.exec_module(new_module)
  File "<frozen importlib._bootstrap_external>", line 999, in exec_module
  File "<frozen importlib._bootstrap>", line 488, in _call_with_frames_removed
  File "/opt/airflow/dags/test_dags.py", line 11, in <module>
    from selenium import webdriver
ModuleNotFoundError: No module named 'selenium'
[2025-02-24T05:00:47.728+0000] {processor.py:927} WARNING - No viable dags retrieved from /opt/airflow/dags/test_dags.py
[2025-02-24T05:00:47.751+0000] {processor.py:208} INFO - Processing /opt/airflow/dags/test_dags.py took 0.297 seconds
[2025-02-24T05:01:17.975+0000] {processor.py:186} INFO - Started process (PID=1707) to work on /opt/airflow/dags/test_dags.py
[2025-02-24T05:01:17.976+0000] {processor.py:914} INFO - Processing file /opt/airflow/dags/test_dags.py for tasks to queue
[2025-02-24T05:01:17.977+0000] {logging_mixin.py:190} INFO - [2025-02-24T05:01:17.977+0000] {dagbag.py:588} INFO - Filling up the DagBag from /opt/airflow/dags/test_dags.py
[2025-02-24T05:01:18.244+0000] {logging_mixin.py:190} INFO - [2025-02-24T05:01:18.239+0000] {dagbag.py:387} ERROR - Failed to import: /opt/airflow/dags/test_dags.py
Traceback (most recent call last):
  File "/home/airflow/.local/lib/python3.12/site-packages/airflow/models/dagbag.py", line 383, in parse
    loader.exec_module(new_module)
  File "<frozen importlib._bootstrap_external>", line 999, in exec_module
  File "<frozen importlib._bootstrap>", line 488, in _call_with_frames_removed
  File "/opt/airflow/dags/test_dags.py", line 11, in <module>
    from selenium import webdriver
ModuleNotFoundError: No module named 'selenium'
[2025-02-24T05:01:18.246+0000] {processor.py:927} WARNING - No viable dags retrieved from /opt/airflow/dags/test_dags.py
[2025-02-24T05:01:18.259+0000] {processor.py:208} INFO - Processing /opt/airflow/dags/test_dags.py took 0.290 seconds
[2025-02-24T05:01:48.672+0000] {processor.py:186} INFO - Started process (PID=1725) to work on /opt/airflow/dags/test_dags.py
[2025-02-24T05:01:48.673+0000] {processor.py:914} INFO - Processing file /opt/airflow/dags/test_dags.py for tasks to queue
[2025-02-24T05:01:48.675+0000] {logging_mixin.py:190} INFO - [2025-02-24T05:01:48.675+0000] {dagbag.py:588} INFO - Filling up the DagBag from /opt/airflow/dags/test_dags.py
[2025-02-24T05:01:48.951+0000] {logging_mixin.py:190} INFO - [2025-02-24T05:01:48.945+0000] {dagbag.py:387} ERROR - Failed to import: /opt/airflow/dags/test_dags.py
Traceback (most recent call last):
  File "/home/airflow/.local/lib/python3.12/site-packages/airflow/models/dagbag.py", line 383, in parse
    loader.exec_module(new_module)
  File "<frozen importlib._bootstrap_external>", line 999, in exec_module
  File "<frozen importlib._bootstrap>", line 488, in _call_with_frames_removed
  File "/opt/airflow/dags/test_dags.py", line 11, in <module>
    from selenium import webdriver
ModuleNotFoundError: No module named 'selenium'
[2025-02-24T05:01:48.952+0000] {processor.py:927} WARNING - No viable dags retrieved from /opt/airflow/dags/test_dags.py
[2025-02-24T05:01:48.975+0000] {processor.py:208} INFO - Processing /opt/airflow/dags/test_dags.py took 0.309 seconds
[2025-02-24T05:02:19.217+0000] {processor.py:186} INFO - Started process (PID=1742) to work on /opt/airflow/dags/test_dags.py
[2025-02-24T05:02:19.218+0000] {processor.py:914} INFO - Processing file /opt/airflow/dags/test_dags.py for tasks to queue
[2025-02-24T05:02:19.219+0000] {logging_mixin.py:190} INFO - [2025-02-24T05:02:19.219+0000] {dagbag.py:588} INFO - Filling up the DagBag from /opt/airflow/dags/test_dags.py
[2025-02-24T05:02:19.476+0000] {logging_mixin.py:190} INFO - [2025-02-24T05:02:19.471+0000] {dagbag.py:387} ERROR - Failed to import: /opt/airflow/dags/test_dags.py
Traceback (most recent call last):
  File "/home/airflow/.local/lib/python3.12/site-packages/airflow/models/dagbag.py", line 383, in parse
    loader.exec_module(new_module)
  File "<frozen importlib._bootstrap_external>", line 999, in exec_module
  File "<frozen importlib._bootstrap>", line 488, in _call_with_frames_removed
  File "/opt/airflow/dags/test_dags.py", line 11, in <module>
    from selenium import webdriver
ModuleNotFoundError: No module named 'selenium'
[2025-02-24T05:02:19.478+0000] {processor.py:927} WARNING - No viable dags retrieved from /opt/airflow/dags/test_dags.py
[2025-02-24T05:02:19.505+0000] {processor.py:208} INFO - Processing /opt/airflow/dags/test_dags.py took 0.293 seconds
[2025-02-24T05:02:49.742+0000] {processor.py:186} INFO - Started process (PID=1759) to work on /opt/airflow/dags/test_dags.py
[2025-02-24T05:02:49.743+0000] {processor.py:914} INFO - Processing file /opt/airflow/dags/test_dags.py for tasks to queue
[2025-02-24T05:02:49.744+0000] {logging_mixin.py:190} INFO - [2025-02-24T05:02:49.744+0000] {dagbag.py:588} INFO - Filling up the DagBag from /opt/airflow/dags/test_dags.py
[2025-02-24T05:02:50.026+0000] {logging_mixin.py:190} INFO - [2025-02-24T05:02:50.021+0000] {dagbag.py:387} ERROR - Failed to import: /opt/airflow/dags/test_dags.py
Traceback (most recent call last):
  File "/home/airflow/.local/lib/python3.12/site-packages/airflow/models/dagbag.py", line 383, in parse
    loader.exec_module(new_module)
  File "<frozen importlib._bootstrap_external>", line 999, in exec_module
  File "<frozen importlib._bootstrap>", line 488, in _call_with_frames_removed
  File "/opt/airflow/dags/test_dags.py", line 11, in <module>
    from selenium import webdriver
ModuleNotFoundError: No module named 'selenium'
[2025-02-24T05:02:50.027+0000] {processor.py:927} WARNING - No viable dags retrieved from /opt/airflow/dags/test_dags.py
[2025-02-24T05:02:50.051+0000] {processor.py:208} INFO - Processing /opt/airflow/dags/test_dags.py took 0.314 seconds
[2025-02-24T05:03:20.256+0000] {processor.py:186} INFO - Started process (PID=1776) to work on /opt/airflow/dags/test_dags.py
[2025-02-24T05:03:20.257+0000] {processor.py:914} INFO - Processing file /opt/airflow/dags/test_dags.py for tasks to queue
[2025-02-24T05:03:20.259+0000] {logging_mixin.py:190} INFO - [2025-02-24T05:03:20.258+0000] {dagbag.py:588} INFO - Filling up the DagBag from /opt/airflow/dags/test_dags.py
[2025-02-24T05:03:20.558+0000] {logging_mixin.py:190} INFO - [2025-02-24T05:03:20.554+0000] {dagbag.py:387} ERROR - Failed to import: /opt/airflow/dags/test_dags.py
Traceback (most recent call last):
  File "/home/airflow/.local/lib/python3.12/site-packages/airflow/models/dagbag.py", line 383, in parse
    loader.exec_module(new_module)
  File "<frozen importlib._bootstrap_external>", line 999, in exec_module
  File "<frozen importlib._bootstrap>", line 488, in _call_with_frames_removed
  File "/opt/airflow/dags/test_dags.py", line 11, in <module>
    from selenium import webdriver
ModuleNotFoundError: No module named 'selenium'
[2025-02-24T05:03:20.560+0000] {processor.py:927} WARNING - No viable dags retrieved from /opt/airflow/dags/test_dags.py
[2025-02-24T05:03:20.584+0000] {processor.py:208} INFO - Processing /opt/airflow/dags/test_dags.py took 0.334 seconds
[2025-02-24T05:03:50.811+0000] {processor.py:186} INFO - Started process (PID=1793) to work on /opt/airflow/dags/test_dags.py
[2025-02-24T05:03:50.812+0000] {processor.py:914} INFO - Processing file /opt/airflow/dags/test_dags.py for tasks to queue
[2025-02-24T05:03:50.814+0000] {logging_mixin.py:190} INFO - [2025-02-24T05:03:50.814+0000] {dagbag.py:588} INFO - Filling up the DagBag from /opt/airflow/dags/test_dags.py
[2025-02-24T05:03:51.102+0000] {logging_mixin.py:190} INFO - [2025-02-24T05:03:51.097+0000] {dagbag.py:387} ERROR - Failed to import: /opt/airflow/dags/test_dags.py
Traceback (most recent call last):
  File "/home/airflow/.local/lib/python3.12/site-packages/airflow/models/dagbag.py", line 383, in parse
    loader.exec_module(new_module)
  File "<frozen importlib._bootstrap_external>", line 999, in exec_module
  File "<frozen importlib._bootstrap>", line 488, in _call_with_frames_removed
  File "/opt/airflow/dags/test_dags.py", line 11, in <module>
    from selenium import webdriver
ModuleNotFoundError: No module named 'selenium'
[2025-02-24T05:03:51.103+0000] {processor.py:927} WARNING - No viable dags retrieved from /opt/airflow/dags/test_dags.py
[2025-02-24T05:03:51.126+0000] {processor.py:208} INFO - Processing /opt/airflow/dags/test_dags.py took 0.323 seconds
[2025-02-24T05:04:21.643+0000] {processor.py:186} INFO - Started process (PID=1815) to work on /opt/airflow/dags/test_dags.py
[2025-02-24T05:04:21.644+0000] {processor.py:914} INFO - Processing file /opt/airflow/dags/test_dags.py for tasks to queue
[2025-02-24T05:04:21.646+0000] {logging_mixin.py:190} INFO - [2025-02-24T05:04:21.646+0000] {dagbag.py:588} INFO - Filling up the DagBag from /opt/airflow/dags/test_dags.py
[2025-02-24T05:04:21.949+0000] {logging_mixin.py:190} INFO - [2025-02-24T05:04:21.944+0000] {dagbag.py:387} ERROR - Failed to import: /opt/airflow/dags/test_dags.py
Traceback (most recent call last):
  File "/home/airflow/.local/lib/python3.12/site-packages/airflow/models/dagbag.py", line 383, in parse
    loader.exec_module(new_module)
  File "<frozen importlib._bootstrap_external>", line 999, in exec_module
  File "<frozen importlib._bootstrap>", line 488, in _call_with_frames_removed
  File "/opt/airflow/dags/test_dags.py", line 11, in <module>
    from selenium import webdriver
ModuleNotFoundError: No module named 'selenium'
[2025-02-24T05:04:21.950+0000] {processor.py:927} WARNING - No viable dags retrieved from /opt/airflow/dags/test_dags.py
[2025-02-24T05:04:21.963+0000] {processor.py:208} INFO - Processing /opt/airflow/dags/test_dags.py took 0.325 seconds
[2025-02-24T05:04:52.366+0000] {processor.py:186} INFO - Started process (PID=1832) to work on /opt/airflow/dags/test_dags.py
[2025-02-24T05:04:52.367+0000] {processor.py:914} INFO - Processing file /opt/airflow/dags/test_dags.py for tasks to queue
[2025-02-24T05:04:52.369+0000] {logging_mixin.py:190} INFO - [2025-02-24T05:04:52.369+0000] {dagbag.py:588} INFO - Filling up the DagBag from /opt/airflow/dags/test_dags.py
[2025-02-24T05:04:52.707+0000] {logging_mixin.py:190} INFO - [2025-02-24T05:04:52.701+0000] {dagbag.py:387} ERROR - Failed to import: /opt/airflow/dags/test_dags.py
Traceback (most recent call last):
  File "/home/airflow/.local/lib/python3.12/site-packages/airflow/models/dagbag.py", line 383, in parse
    loader.exec_module(new_module)
  File "<frozen importlib._bootstrap_external>", line 999, in exec_module
  File "<frozen importlib._bootstrap>", line 488, in _call_with_frames_removed
  File "/opt/airflow/dags/test_dags.py", line 11, in <module>
    from selenium import webdriver
ModuleNotFoundError: No module named 'selenium'
[2025-02-24T05:04:52.708+0000] {processor.py:927} WARNING - No viable dags retrieved from /opt/airflow/dags/test_dags.py
[2025-02-24T05:04:52.732+0000] {processor.py:208} INFO - Processing /opt/airflow/dags/test_dags.py took 0.374 seconds
[2025-02-24T05:05:23.350+0000] {processor.py:186} INFO - Started process (PID=2115) to work on /opt/airflow/dags/test_dags.py
[2025-02-24T05:05:23.351+0000] {processor.py:914} INFO - Processing file /opt/airflow/dags/test_dags.py for tasks to queue
[2025-02-24T05:05:23.353+0000] {logging_mixin.py:190} INFO - [2025-02-24T05:05:23.352+0000] {dagbag.py:588} INFO - Filling up the DagBag from /opt/airflow/dags/test_dags.py
[2025-02-24T05:05:23.987+0000] {logging_mixin.py:190} INFO - [2025-02-24T05:05:23.961+0000] {dagbag.py:387} ERROR - Failed to import: /opt/airflow/dags/test_dags.py
Traceback (most recent call last):
  File "/home/airflow/.local/lib/python3.12/site-packages/airflow/models/dagbag.py", line 383, in parse
    loader.exec_module(new_module)
  File "<frozen importlib._bootstrap_external>", line 999, in exec_module
  File "<frozen importlib._bootstrap>", line 488, in _call_with_frames_removed
  File "/opt/airflow/dags/test_dags.py", line 11, in <module>
    from selenium import webdriver
ModuleNotFoundError: No module named 'selenium'
[2025-02-24T05:05:23.991+0000] {processor.py:927} WARNING - No viable dags retrieved from /opt/airflow/dags/test_dags.py
[2025-02-24T05:05:24.036+0000] {processor.py:208} INFO - Processing /opt/airflow/dags/test_dags.py took 0.692 seconds
[2025-02-24T05:05:55.022+0000] {processor.py:186} INFO - Started process (PID=2349) to work on /opt/airflow/dags/test_dags.py
[2025-02-24T05:05:55.023+0000] {processor.py:914} INFO - Processing file /opt/airflow/dags/test_dags.py for tasks to queue
[2025-02-24T05:05:55.024+0000] {logging_mixin.py:190} INFO - [2025-02-24T05:05:55.024+0000] {dagbag.py:588} INFO - Filling up the DagBag from /opt/airflow/dags/test_dags.py
[2025-02-24T05:05:55.314+0000] {logging_mixin.py:190} INFO - [2025-02-24T05:05:55.305+0000] {dagbag.py:387} ERROR - Failed to import: /opt/airflow/dags/test_dags.py
Traceback (most recent call last):
  File "/home/airflow/.local/lib/python3.12/site-packages/airflow/models/dagbag.py", line 383, in parse
    loader.exec_module(new_module)
  File "<frozen importlib._bootstrap_external>", line 999, in exec_module
  File "<frozen importlib._bootstrap>", line 488, in _call_with_frames_removed
  File "/opt/airflow/dags/test_dags.py", line 11, in <module>
    from selenium import webdriver
ModuleNotFoundError: No module named 'selenium'
[2025-02-24T05:05:55.316+0000] {processor.py:927} WARNING - No viable dags retrieved from /opt/airflow/dags/test_dags.py
[2025-02-24T05:05:55.342+0000] {processor.py:208} INFO - Processing /opt/airflow/dags/test_dags.py took 0.326 seconds
[2025-02-24T05:06:25.815+0000] {processor.py:186} INFO - Started process (PID=2366) to work on /opt/airflow/dags/test_dags.py
[2025-02-24T05:06:25.817+0000] {processor.py:914} INFO - Processing file /opt/airflow/dags/test_dags.py for tasks to queue
[2025-02-24T05:06:25.819+0000] {logging_mixin.py:190} INFO - [2025-02-24T05:06:25.819+0000] {dagbag.py:588} INFO - Filling up the DagBag from /opt/airflow/dags/test_dags.py
[2025-02-24T05:06:26.101+0000] {logging_mixin.py:190} INFO - [2025-02-24T05:06:26.093+0000] {dagbag.py:387} ERROR - Failed to import: /opt/airflow/dags/test_dags.py
Traceback (most recent call last):
  File "/home/airflow/.local/lib/python3.12/site-packages/airflow/models/dagbag.py", line 383, in parse
    loader.exec_module(new_module)
  File "<frozen importlib._bootstrap_external>", line 999, in exec_module
  File "<frozen importlib._bootstrap>", line 488, in _call_with_frames_removed
  File "/opt/airflow/dags/test_dags.py", line 11, in <module>
    from selenium import webdriver
ModuleNotFoundError: No module named 'selenium'
[2025-02-24T05:06:26.102+0000] {processor.py:927} WARNING - No viable dags retrieved from /opt/airflow/dags/test_dags.py
[2025-02-24T05:06:26.117+0000] {processor.py:208} INFO - Processing /opt/airflow/dags/test_dags.py took 0.306 seconds
[2025-02-24T05:06:56.722+0000] {processor.py:186} INFO - Started process (PID=2383) to work on /opt/airflow/dags/test_dags.py
[2025-02-24T05:06:56.724+0000] {processor.py:914} INFO - Processing file /opt/airflow/dags/test_dags.py for tasks to queue
[2025-02-24T05:06:56.725+0000] {logging_mixin.py:190} INFO - [2025-02-24T05:06:56.725+0000] {dagbag.py:588} INFO - Filling up the DagBag from /opt/airflow/dags/test_dags.py
[2025-02-24T05:06:56.994+0000] {logging_mixin.py:190} INFO - [2025-02-24T05:06:56.989+0000] {dagbag.py:387} ERROR - Failed to import: /opt/airflow/dags/test_dags.py
Traceback (most recent call last):
  File "/home/airflow/.local/lib/python3.12/site-packages/airflow/models/dagbag.py", line 383, in parse
    loader.exec_module(new_module)
  File "<frozen importlib._bootstrap_external>", line 999, in exec_module
  File "<frozen importlib._bootstrap>", line 488, in _call_with_frames_removed
  File "/opt/airflow/dags/test_dags.py", line 11, in <module>
    from selenium import webdriver
ModuleNotFoundError: No module named 'selenium'
[2025-02-24T05:06:56.995+0000] {processor.py:927} WARNING - No viable dags retrieved from /opt/airflow/dags/test_dags.py
[2025-02-24T05:06:57.018+0000] {processor.py:208} INFO - Processing /opt/airflow/dags/test_dags.py took 0.301 seconds
[2025-02-24T05:07:27.196+0000] {processor.py:186} INFO - Started process (PID=2400) to work on /opt/airflow/dags/test_dags.py
[2025-02-24T05:07:27.198+0000] {processor.py:914} INFO - Processing file /opt/airflow/dags/test_dags.py for tasks to queue
[2025-02-24T05:07:27.199+0000] {logging_mixin.py:190} INFO - [2025-02-24T05:07:27.199+0000] {dagbag.py:588} INFO - Filling up the DagBag from /opt/airflow/dags/test_dags.py
[2025-02-24T05:07:27.461+0000] {logging_mixin.py:190} INFO - [2025-02-24T05:07:27.457+0000] {dagbag.py:387} ERROR - Failed to import: /opt/airflow/dags/test_dags.py
Traceback (most recent call last):
  File "/home/airflow/.local/lib/python3.12/site-packages/airflow/models/dagbag.py", line 383, in parse
    loader.exec_module(new_module)
  File "<frozen importlib._bootstrap_external>", line 999, in exec_module
  File "<frozen importlib._bootstrap>", line 488, in _call_with_frames_removed
  File "/opt/airflow/dags/test_dags.py", line 11, in <module>
    from selenium import webdriver
ModuleNotFoundError: No module named 'selenium'
[2025-02-24T05:07:27.464+0000] {processor.py:927} WARNING - No viable dags retrieved from /opt/airflow/dags/test_dags.py
[2025-02-24T05:07:27.486+0000] {processor.py:208} INFO - Processing /opt/airflow/dags/test_dags.py took 0.295 seconds
[2025-02-24T05:07:57.913+0000] {processor.py:186} INFO - Started process (PID=2417) to work on /opt/airflow/dags/test_dags.py
[2025-02-24T05:07:57.914+0000] {processor.py:914} INFO - Processing file /opt/airflow/dags/test_dags.py for tasks to queue
[2025-02-24T05:07:57.916+0000] {logging_mixin.py:190} INFO - [2025-02-24T05:07:57.916+0000] {dagbag.py:588} INFO - Filling up the DagBag from /opt/airflow/dags/test_dags.py
[2025-02-24T05:07:58.200+0000] {logging_mixin.py:190} INFO - [2025-02-24T05:07:58.197+0000] {dagbag.py:387} ERROR - Failed to import: /opt/airflow/dags/test_dags.py
Traceback (most recent call last):
  File "/home/airflow/.local/lib/python3.12/site-packages/airflow/models/dagbag.py", line 383, in parse
    loader.exec_module(new_module)
  File "<frozen importlib._bootstrap_external>", line 999, in exec_module
  File "<frozen importlib._bootstrap>", line 488, in _call_with_frames_removed
  File "/opt/airflow/dags/test_dags.py", line 11, in <module>
    from selenium import webdriver
ModuleNotFoundError: No module named 'selenium'
[2025-02-24T05:07:58.202+0000] {processor.py:927} WARNING - No viable dags retrieved from /opt/airflow/dags/test_dags.py
[2025-02-24T05:07:58.224+0000] {processor.py:208} INFO - Processing /opt/airflow/dags/test_dags.py took 0.317 seconds
[2025-02-24T05:08:28.314+0000] {processor.py:186} INFO - Started process (PID=2434) to work on /opt/airflow/dags/test_dags.py
[2025-02-24T05:08:28.315+0000] {processor.py:914} INFO - Processing file /opt/airflow/dags/test_dags.py for tasks to queue
[2025-02-24T05:08:28.316+0000] {logging_mixin.py:190} INFO - [2025-02-24T05:08:28.316+0000] {dagbag.py:588} INFO - Filling up the DagBag from /opt/airflow/dags/test_dags.py
[2025-02-24T05:08:28.586+0000] {logging_mixin.py:190} INFO - [2025-02-24T05:08:28.582+0000] {dagbag.py:387} ERROR - Failed to import: /opt/airflow/dags/test_dags.py
Traceback (most recent call last):
  File "/home/airflow/.local/lib/python3.12/site-packages/airflow/models/dagbag.py", line 383, in parse
    loader.exec_module(new_module)
  File "<frozen importlib._bootstrap_external>", line 999, in exec_module
  File "<frozen importlib._bootstrap>", line 488, in _call_with_frames_removed
  File "/opt/airflow/dags/test_dags.py", line 11, in <module>
    from selenium import webdriver
ModuleNotFoundError: No module named 'selenium'
[2025-02-24T05:08:28.588+0000] {processor.py:927} WARNING - No viable dags retrieved from /opt/airflow/dags/test_dags.py
[2025-02-24T05:08:28.602+0000] {processor.py:208} INFO - Processing /opt/airflow/dags/test_dags.py took 0.294 seconds
[2025-02-24T15:30:07.741+0000] {processor.py:186} INFO - Started process (PID=188) to work on /opt/airflow/dags/test_dags.py
[2025-02-24T15:30:07.743+0000] {processor.py:914} INFO - Processing file /opt/airflow/dags/test_dags.py for tasks to queue
[2025-02-24T15:30:07.747+0000] {logging_mixin.py:190} INFO - [2025-02-24T15:30:07.746+0000] {dagbag.py:588} INFO - Filling up the DagBag from /opt/airflow/dags/test_dags.py
[2025-02-24T15:30:10.118+0000] {logging_mixin.py:190} INFO - [2025-02-24T15:30:10.109+0000] {dagbag.py:387} ERROR - Failed to import: /opt/airflow/dags/test_dags.py
Traceback (most recent call last):
  File "/home/airflow/.local/lib/python3.12/site-packages/airflow/models/dagbag.py", line 383, in parse
    loader.exec_module(new_module)
  File "<frozen importlib._bootstrap_external>", line 999, in exec_module
  File "<frozen importlib._bootstrap>", line 488, in _call_with_frames_removed
  File "/opt/airflow/dags/test_dags.py", line 11, in <module>
    from selenium import webdriver
ModuleNotFoundError: No module named 'selenium'
[2025-02-24T15:30:10.123+0000] {processor.py:927} WARNING - No viable dags retrieved from /opt/airflow/dags/test_dags.py
[2025-02-24T15:30:10.160+0000] {processor.py:208} INFO - Processing /opt/airflow/dags/test_dags.py took 2.427 seconds
[2025-02-24T15:30:40.625+0000] {processor.py:186} INFO - Started process (PID=213) to work on /opt/airflow/dags/test_dags.py
[2025-02-24T15:30:40.626+0000] {processor.py:914} INFO - Processing file /opt/airflow/dags/test_dags.py for tasks to queue
[2025-02-24T15:30:40.629+0000] {logging_mixin.py:190} INFO - [2025-02-24T15:30:40.628+0000] {dagbag.py:588} INFO - Filling up the DagBag from /opt/airflow/dags/test_dags.py
[2025-02-24T15:30:41.052+0000] {logging_mixin.py:190} INFO - [2025-02-24T15:30:41.044+0000] {dagbag.py:387} ERROR - Failed to import: /opt/airflow/dags/test_dags.py
Traceback (most recent call last):
  File "/home/airflow/.local/lib/python3.12/site-packages/airflow/models/dagbag.py", line 383, in parse
    loader.exec_module(new_module)
  File "<frozen importlib._bootstrap_external>", line 999, in exec_module
  File "<frozen importlib._bootstrap>", line 488, in _call_with_frames_removed
  File "/opt/airflow/dags/test_dags.py", line 11, in <module>
    from selenium import webdriver
ModuleNotFoundError: No module named 'selenium'
[2025-02-24T15:30:41.054+0000] {processor.py:927} WARNING - No viable dags retrieved from /opt/airflow/dags/test_dags.py
[2025-02-24T15:30:41.080+0000] {processor.py:208} INFO - Processing /opt/airflow/dags/test_dags.py took 0.459 seconds
[2025-02-24T15:31:11.274+0000] {processor.py:186} INFO - Started process (PID=229) to work on /opt/airflow/dags/test_dags.py
[2025-02-24T15:31:11.275+0000] {processor.py:914} INFO - Processing file /opt/airflow/dags/test_dags.py for tasks to queue
[2025-02-24T15:31:11.277+0000] {logging_mixin.py:190} INFO - [2025-02-24T15:31:11.277+0000] {dagbag.py:588} INFO - Filling up the DagBag from /opt/airflow/dags/test_dags.py
[2025-02-24T15:31:11.702+0000] {logging_mixin.py:190} INFO - [2025-02-24T15:31:11.692+0000] {dagbag.py:387} ERROR - Failed to import: /opt/airflow/dags/test_dags.py
Traceback (most recent call last):
  File "/home/airflow/.local/lib/python3.12/site-packages/airflow/models/dagbag.py", line 383, in parse
    loader.exec_module(new_module)
  File "<frozen importlib._bootstrap_external>", line 999, in exec_module
  File "<frozen importlib._bootstrap>", line 488, in _call_with_frames_removed
  File "/opt/airflow/dags/test_dags.py", line 11, in <module>
    from selenium import webdriver
ModuleNotFoundError: No module named 'selenium'
[2025-02-24T15:31:11.706+0000] {processor.py:927} WARNING - No viable dags retrieved from /opt/airflow/dags/test_dags.py
[2025-02-24T15:31:11.733+0000] {processor.py:208} INFO - Processing /opt/airflow/dags/test_dags.py took 0.464 seconds
[2025-02-24T15:31:42.658+0000] {processor.py:186} INFO - Started process (PID=246) to work on /opt/airflow/dags/test_dags.py
[2025-02-24T15:31:42.659+0000] {processor.py:914} INFO - Processing file /opt/airflow/dags/test_dags.py for tasks to queue
[2025-02-24T15:31:42.662+0000] {logging_mixin.py:190} INFO - [2025-02-24T15:31:42.662+0000] {dagbag.py:588} INFO - Filling up the DagBag from /opt/airflow/dags/test_dags.py
[2025-02-24T15:31:43.076+0000] {logging_mixin.py:190} INFO - [2025-02-24T15:31:43.070+0000] {dagbag.py:387} ERROR - Failed to import: /opt/airflow/dags/test_dags.py
Traceback (most recent call last):
  File "/home/airflow/.local/lib/python3.12/site-packages/airflow/models/dagbag.py", line 383, in parse
    loader.exec_module(new_module)
  File "<frozen importlib._bootstrap_external>", line 999, in exec_module
  File "<frozen importlib._bootstrap>", line 488, in _call_with_frames_removed
  File "/opt/airflow/dags/test_dags.py", line 11, in <module>
    from selenium import webdriver
ModuleNotFoundError: No module named 'selenium'
[2025-02-24T15:31:43.079+0000] {processor.py:927} WARNING - No viable dags retrieved from /opt/airflow/dags/test_dags.py
[2025-02-24T15:31:43.103+0000] {processor.py:208} INFO - Processing /opt/airflow/dags/test_dags.py took 0.450 seconds
[2025-02-24T15:32:13.287+0000] {processor.py:186} INFO - Started process (PID=263) to work on /opt/airflow/dags/test_dags.py
[2025-02-24T15:32:13.288+0000] {processor.py:914} INFO - Processing file /opt/airflow/dags/test_dags.py for tasks to queue
[2025-02-24T15:32:13.290+0000] {logging_mixin.py:190} INFO - [2025-02-24T15:32:13.290+0000] {dagbag.py:588} INFO - Filling up the DagBag from /opt/airflow/dags/test_dags.py
[2025-02-24T15:32:13.716+0000] {logging_mixin.py:190} INFO - [2025-02-24T15:32:13.705+0000] {dagbag.py:387} ERROR - Failed to import: /opt/airflow/dags/test_dags.py
Traceback (most recent call last):
  File "/home/airflow/.local/lib/python3.12/site-packages/airflow/models/dagbag.py", line 383, in parse
    loader.exec_module(new_module)
  File "<frozen importlib._bootstrap_external>", line 999, in exec_module
  File "<frozen importlib._bootstrap>", line 488, in _call_with_frames_removed
  File "/opt/airflow/dags/test_dags.py", line 11, in <module>
    from selenium import webdriver
ModuleNotFoundError: No module named 'selenium'
[2025-02-24T15:32:13.720+0000] {processor.py:927} WARNING - No viable dags retrieved from /opt/airflow/dags/test_dags.py
[2025-02-24T15:32:13.736+0000] {processor.py:208} INFO - Processing /opt/airflow/dags/test_dags.py took 0.454 seconds
[2025-02-24T15:32:43.881+0000] {processor.py:186} INFO - Started process (PID=280) to work on /opt/airflow/dags/test_dags.py
[2025-02-24T15:32:43.882+0000] {processor.py:914} INFO - Processing file /opt/airflow/dags/test_dags.py for tasks to queue
[2025-02-24T15:32:43.885+0000] {logging_mixin.py:190} INFO - [2025-02-24T15:32:43.884+0000] {dagbag.py:588} INFO - Filling up the DagBag from /opt/airflow/dags/test_dags.py
[2025-02-24T15:32:44.381+0000] {logging_mixin.py:190} INFO - [2025-02-24T15:32:44.376+0000] {dagbag.py:387} ERROR - Failed to import: /opt/airflow/dags/test_dags.py
Traceback (most recent call last):
  File "/home/airflow/.local/lib/python3.12/site-packages/airflow/models/dagbag.py", line 383, in parse
    loader.exec_module(new_module)
  File "<frozen importlib._bootstrap_external>", line 999, in exec_module
  File "<frozen importlib._bootstrap>", line 488, in _call_with_frames_removed
  File "/opt/airflow/dags/test_dags.py", line 11, in <module>
    from selenium import webdriver
ModuleNotFoundError: No module named 'selenium'
[2025-02-24T15:32:44.383+0000] {processor.py:927} WARNING - No viable dags retrieved from /opt/airflow/dags/test_dags.py
[2025-02-24T15:32:44.407+0000] {processor.py:208} INFO - Processing /opt/airflow/dags/test_dags.py took 0.534 seconds
[2025-02-24T15:33:15.280+0000] {processor.py:186} INFO - Started process (PID=297) to work on /opt/airflow/dags/test_dags.py
[2025-02-24T15:33:15.281+0000] {processor.py:914} INFO - Processing file /opt/airflow/dags/test_dags.py for tasks to queue
[2025-02-24T15:33:15.284+0000] {logging_mixin.py:190} INFO - [2025-02-24T15:33:15.284+0000] {dagbag.py:588} INFO - Filling up the DagBag from /opt/airflow/dags/test_dags.py
[2025-02-24T15:33:15.788+0000] {logging_mixin.py:190} INFO - [2025-02-24T15:33:15.785+0000] {dagbag.py:387} ERROR - Failed to import: /opt/airflow/dags/test_dags.py
Traceback (most recent call last):
  File "/home/airflow/.local/lib/python3.12/site-packages/airflow/models/dagbag.py", line 383, in parse
    loader.exec_module(new_module)
  File "<frozen importlib._bootstrap_external>", line 999, in exec_module
  File "<frozen importlib._bootstrap>", line 488, in _call_with_frames_removed
  File "/opt/airflow/dags/test_dags.py", line 11, in <module>
    from selenium import webdriver
ModuleNotFoundError: No module named 'selenium'
[2025-02-24T15:33:15.790+0000] {processor.py:927} WARNING - No viable dags retrieved from /opt/airflow/dags/test_dags.py
[2025-02-24T15:33:15.807+0000] {processor.py:208} INFO - Processing /opt/airflow/dags/test_dags.py took 0.537 seconds
[2025-02-24T15:33:46.031+0000] {processor.py:186} INFO - Started process (PID=314) to work on /opt/airflow/dags/test_dags.py
[2025-02-24T15:33:46.032+0000] {processor.py:914} INFO - Processing file /opt/airflow/dags/test_dags.py for tasks to queue
[2025-02-24T15:33:46.034+0000] {logging_mixin.py:190} INFO - [2025-02-24T15:33:46.034+0000] {dagbag.py:588} INFO - Filling up the DagBag from /opt/airflow/dags/test_dags.py
[2025-02-24T15:33:46.472+0000] {logging_mixin.py:190} INFO - [2025-02-24T15:33:46.463+0000] {dagbag.py:387} ERROR - Failed to import: /opt/airflow/dags/test_dags.py
Traceback (most recent call last):
  File "/home/airflow/.local/lib/python3.12/site-packages/airflow/models/dagbag.py", line 383, in parse
    loader.exec_module(new_module)
  File "<frozen importlib._bootstrap_external>", line 999, in exec_module
  File "<frozen importlib._bootstrap>", line 488, in _call_with_frames_removed
  File "/opt/airflow/dags/test_dags.py", line 11, in <module>
    from selenium import webdriver
ModuleNotFoundError: No module named 'selenium'
[2025-02-24T15:33:46.475+0000] {processor.py:927} WARNING - No viable dags retrieved from /opt/airflow/dags/test_dags.py
[2025-02-24T15:33:46.502+0000] {processor.py:208} INFO - Processing /opt/airflow/dags/test_dags.py took 0.478 seconds
[2025-02-24T15:34:17.430+0000] {processor.py:186} INFO - Started process (PID=331) to work on /opt/airflow/dags/test_dags.py
[2025-02-24T15:34:17.432+0000] {processor.py:914} INFO - Processing file /opt/airflow/dags/test_dags.py for tasks to queue
[2025-02-24T15:34:17.434+0000] {logging_mixin.py:190} INFO - [2025-02-24T15:34:17.434+0000] {dagbag.py:588} INFO - Filling up the DagBag from /opt/airflow/dags/test_dags.py
[2025-02-24T15:34:17.839+0000] {logging_mixin.py:190} INFO - [2025-02-24T15:34:17.834+0000] {dagbag.py:387} ERROR - Failed to import: /opt/airflow/dags/test_dags.py
Traceback (most recent call last):
  File "/home/airflow/.local/lib/python3.12/site-packages/airflow/models/dagbag.py", line 383, in parse
    loader.exec_module(new_module)
  File "<frozen importlib._bootstrap_external>", line 999, in exec_module
  File "<frozen importlib._bootstrap>", line 488, in _call_with_frames_removed
  File "/opt/airflow/dags/test_dags.py", line 11, in <module>
    from selenium import webdriver
ModuleNotFoundError: No module named 'selenium'
[2025-02-24T15:34:17.840+0000] {processor.py:927} WARNING - No viable dags retrieved from /opt/airflow/dags/test_dags.py
[2025-02-24T15:34:17.854+0000] {processor.py:208} INFO - Processing /opt/airflow/dags/test_dags.py took 0.429 seconds
[2025-02-24T15:34:47.967+0000] {processor.py:186} INFO - Started process (PID=348) to work on /opt/airflow/dags/test_dags.py
[2025-02-24T15:34:47.969+0000] {processor.py:914} INFO - Processing file /opt/airflow/dags/test_dags.py for tasks to queue
[2025-02-24T15:34:47.972+0000] {logging_mixin.py:190} INFO - [2025-02-24T15:34:47.971+0000] {dagbag.py:588} INFO - Filling up the DagBag from /opt/airflow/dags/test_dags.py
[2025-02-24T15:34:48.410+0000] {logging_mixin.py:190} INFO - [2025-02-24T15:34:48.402+0000] {dagbag.py:387} ERROR - Failed to import: /opt/airflow/dags/test_dags.py
Traceback (most recent call last):
  File "/home/airflow/.local/lib/python3.12/site-packages/airflow/models/dagbag.py", line 383, in parse
    loader.exec_module(new_module)
  File "<frozen importlib._bootstrap_external>", line 999, in exec_module
  File "<frozen importlib._bootstrap>", line 488, in _call_with_frames_removed
  File "/opt/airflow/dags/test_dags.py", line 11, in <module>
    from selenium import webdriver
ModuleNotFoundError: No module named 'selenium'
[2025-02-24T15:34:48.413+0000] {processor.py:927} WARNING - No viable dags retrieved from /opt/airflow/dags/test_dags.py
[2025-02-24T15:34:48.435+0000] {processor.py:208} INFO - Processing /opt/airflow/dags/test_dags.py took 0.473 seconds
[2025-02-24T15:35:18.558+0000] {processor.py:186} INFO - Started process (PID=365) to work on /opt/airflow/dags/test_dags.py
[2025-02-24T15:35:18.559+0000] {processor.py:914} INFO - Processing file /opt/airflow/dags/test_dags.py for tasks to queue
[2025-02-24T15:35:18.562+0000] {logging_mixin.py:190} INFO - [2025-02-24T15:35:18.562+0000] {dagbag.py:588} INFO - Filling up the DagBag from /opt/airflow/dags/test_dags.py
[2025-02-24T15:35:18.990+0000] {logging_mixin.py:190} INFO - [2025-02-24T15:35:18.982+0000] {dagbag.py:387} ERROR - Failed to import: /opt/airflow/dags/test_dags.py
Traceback (most recent call last):
  File "/home/airflow/.local/lib/python3.12/site-packages/airflow/models/dagbag.py", line 383, in parse
    loader.exec_module(new_module)
  File "<frozen importlib._bootstrap_external>", line 999, in exec_module
  File "<frozen importlib._bootstrap>", line 488, in _call_with_frames_removed
  File "/opt/airflow/dags/test_dags.py", line 11, in <module>
    from selenium import webdriver
ModuleNotFoundError: No module named 'selenium'
[2025-02-24T15:35:18.992+0000] {processor.py:927} WARNING - No viable dags retrieved from /opt/airflow/dags/test_dags.py
[2025-02-24T15:35:19.006+0000] {processor.py:208} INFO - Processing /opt/airflow/dags/test_dags.py took 0.454 seconds
[2025-02-24T15:35:49.122+0000] {processor.py:186} INFO - Started process (PID=382) to work on /opt/airflow/dags/test_dags.py
[2025-02-24T15:35:49.123+0000] {processor.py:914} INFO - Processing file /opt/airflow/dags/test_dags.py for tasks to queue
[2025-02-24T15:35:49.126+0000] {logging_mixin.py:190} INFO - [2025-02-24T15:35:49.125+0000] {dagbag.py:588} INFO - Filling up the DagBag from /opt/airflow/dags/test_dags.py
[2025-02-24T15:35:49.532+0000] {logging_mixin.py:190} INFO - [2025-02-24T15:35:49.521+0000] {dagbag.py:387} ERROR - Failed to import: /opt/airflow/dags/test_dags.py
Traceback (most recent call last):
  File "/home/airflow/.local/lib/python3.12/site-packages/airflow/models/dagbag.py", line 383, in parse
    loader.exec_module(new_module)
  File "<frozen importlib._bootstrap_external>", line 999, in exec_module
  File "<frozen importlib._bootstrap>", line 488, in _call_with_frames_removed
  File "/opt/airflow/dags/test_dags.py", line 11, in <module>
    from selenium import webdriver
ModuleNotFoundError: No module named 'selenium'
[2025-02-24T15:35:49.535+0000] {processor.py:927} WARNING - No viable dags retrieved from /opt/airflow/dags/test_dags.py
[2025-02-24T15:35:49.562+0000] {processor.py:208} INFO - Processing /opt/airflow/dags/test_dags.py took 0.444 seconds
[2025-02-24T15:36:19.777+0000] {processor.py:186} INFO - Started process (PID=399) to work on /opt/airflow/dags/test_dags.py
[2025-02-24T15:36:19.778+0000] {processor.py:914} INFO - Processing file /opt/airflow/dags/test_dags.py for tasks to queue
[2025-02-24T15:36:19.781+0000] {logging_mixin.py:190} INFO - [2025-02-24T15:36:19.780+0000] {dagbag.py:588} INFO - Filling up the DagBag from /opt/airflow/dags/test_dags.py
[2025-02-24T15:36:20.192+0000] {logging_mixin.py:190} INFO - [2025-02-24T15:36:20.180+0000] {dagbag.py:387} ERROR - Failed to import: /opt/airflow/dags/test_dags.py
Traceback (most recent call last):
  File "/home/airflow/.local/lib/python3.12/site-packages/airflow/models/dagbag.py", line 383, in parse
    loader.exec_module(new_module)
  File "<frozen importlib._bootstrap_external>", line 999, in exec_module
  File "<frozen importlib._bootstrap>", line 488, in _call_with_frames_removed
  File "/opt/airflow/dags/test_dags.py", line 11, in <module>
    from selenium import webdriver
ModuleNotFoundError: No module named 'selenium'
[2025-02-24T15:36:20.196+0000] {processor.py:927} WARNING - No viable dags retrieved from /opt/airflow/dags/test_dags.py
[2025-02-24T15:36:20.225+0000] {processor.py:208} INFO - Processing /opt/airflow/dags/test_dags.py took 0.452 seconds
[2025-02-24T15:36:50.338+0000] {processor.py:186} INFO - Started process (PID=416) to work on /opt/airflow/dags/test_dags.py
[2025-02-24T15:36:50.340+0000] {processor.py:914} INFO - Processing file /opt/airflow/dags/test_dags.py for tasks to queue
[2025-02-24T15:36:50.342+0000] {logging_mixin.py:190} INFO - [2025-02-24T15:36:50.342+0000] {dagbag.py:588} INFO - Filling up the DagBag from /opt/airflow/dags/test_dags.py
[2025-02-24T15:36:50.745+0000] {logging_mixin.py:190} INFO - [2025-02-24T15:36:50.735+0000] {dagbag.py:387} ERROR - Failed to import: /opt/airflow/dags/test_dags.py
Traceback (most recent call last):
  File "/home/airflow/.local/lib/python3.12/site-packages/airflow/models/dagbag.py", line 383, in parse
    loader.exec_module(new_module)
  File "<frozen importlib._bootstrap_external>", line 999, in exec_module
  File "<frozen importlib._bootstrap>", line 488, in _call_with_frames_removed
  File "/opt/airflow/dags/test_dags.py", line 11, in <module>
    from selenium import webdriver
ModuleNotFoundError: No module named 'selenium'
[2025-02-24T15:36:50.747+0000] {processor.py:927} WARNING - No viable dags retrieved from /opt/airflow/dags/test_dags.py
[2025-02-24T15:36:50.772+0000] {processor.py:208} INFO - Processing /opt/airflow/dags/test_dags.py took 0.439 seconds
[2025-02-24T15:37:20.869+0000] {processor.py:186} INFO - Started process (PID=433) to work on /opt/airflow/dags/test_dags.py
[2025-02-24T15:37:20.870+0000] {processor.py:914} INFO - Processing file /opt/airflow/dags/test_dags.py for tasks to queue
[2025-02-24T15:37:20.872+0000] {logging_mixin.py:190} INFO - [2025-02-24T15:37:20.872+0000] {dagbag.py:588} INFO - Filling up the DagBag from /opt/airflow/dags/test_dags.py
[2025-02-24T15:37:21.286+0000] {logging_mixin.py:190} INFO - [2025-02-24T15:37:21.273+0000] {dagbag.py:387} ERROR - Failed to import: /opt/airflow/dags/test_dags.py
Traceback (most recent call last):
  File "/home/airflow/.local/lib/python3.12/site-packages/airflow/models/dagbag.py", line 383, in parse
    loader.exec_module(new_module)
  File "<frozen importlib._bootstrap_external>", line 999, in exec_module
  File "<frozen importlib._bootstrap>", line 488, in _call_with_frames_removed
  File "/opt/airflow/dags/test_dags.py", line 11, in <module>
    from selenium import webdriver
ModuleNotFoundError: No module named 'selenium'
[2025-02-24T15:37:21.290+0000] {processor.py:927} WARNING - No viable dags retrieved from /opt/airflow/dags/test_dags.py
[2025-02-24T15:37:21.338+0000] {processor.py:208} INFO - Processing /opt/airflow/dags/test_dags.py took 0.475 seconds
[2025-02-24T15:37:51.555+0000] {processor.py:186} INFO - Started process (PID=450) to work on /opt/airflow/dags/test_dags.py
[2025-02-24T15:37:51.556+0000] {processor.py:914} INFO - Processing file /opt/airflow/dags/test_dags.py for tasks to queue
[2025-02-24T15:37:51.559+0000] {logging_mixin.py:190} INFO - [2025-02-24T15:37:51.558+0000] {dagbag.py:588} INFO - Filling up the DagBag from /opt/airflow/dags/test_dags.py
[2025-02-24T15:37:52.037+0000] {logging_mixin.py:190} INFO - [2025-02-24T15:37:52.026+0000] {dagbag.py:387} ERROR - Failed to import: /opt/airflow/dags/test_dags.py
Traceback (most recent call last):
  File "/home/airflow/.local/lib/python3.12/site-packages/airflow/models/dagbag.py", line 383, in parse
    loader.exec_module(new_module)
  File "<frozen importlib._bootstrap_external>", line 999, in exec_module
  File "<frozen importlib._bootstrap>", line 488, in _call_with_frames_removed
  File "/opt/airflow/dags/test_dags.py", line 11, in <module>
    from selenium import webdriver
ModuleNotFoundError: No module named 'selenium'
[2025-02-24T15:37:52.040+0000] {processor.py:927} WARNING - No viable dags retrieved from /opt/airflow/dags/test_dags.py
[2025-02-24T15:37:52.066+0000] {processor.py:208} INFO - Processing /opt/airflow/dags/test_dags.py took 0.517 seconds
[2025-02-24T15:38:22.570+0000] {processor.py:186} INFO - Started process (PID=467) to work on /opt/airflow/dags/test_dags.py
[2025-02-24T15:38:22.572+0000] {processor.py:914} INFO - Processing file /opt/airflow/dags/test_dags.py for tasks to queue
[2025-02-24T15:38:22.575+0000] {logging_mixin.py:190} INFO - [2025-02-24T15:38:22.574+0000] {dagbag.py:588} INFO - Filling up the DagBag from /opt/airflow/dags/test_dags.py
[2025-02-24T15:38:22.978+0000] {logging_mixin.py:190} INFO - [2025-02-24T15:38:22.975+0000] {dagbag.py:387} ERROR - Failed to import: /opt/airflow/dags/test_dags.py
Traceback (most recent call last):
  File "/home/airflow/.local/lib/python3.12/site-packages/airflow/models/dagbag.py", line 383, in parse
    loader.exec_module(new_module)
  File "<frozen importlib._bootstrap_external>", line 999, in exec_module
  File "<frozen importlib._bootstrap>", line 488, in _call_with_frames_removed
  File "/opt/airflow/dags/test_dags.py", line 11, in <module>
    from selenium import webdriver
ModuleNotFoundError: No module named 'selenium'
[2025-02-24T15:38:22.979+0000] {processor.py:927} WARNING - No viable dags retrieved from /opt/airflow/dags/test_dags.py
[2025-02-24T15:38:23.002+0000] {processor.py:208} INFO - Processing /opt/airflow/dags/test_dags.py took 0.438 seconds
[2025-02-24T15:38:53.097+0000] {processor.py:186} INFO - Started process (PID=484) to work on /opt/airflow/dags/test_dags.py
[2025-02-24T15:38:53.098+0000] {processor.py:914} INFO - Processing file /opt/airflow/dags/test_dags.py for tasks to queue
[2025-02-24T15:38:53.101+0000] {logging_mixin.py:190} INFO - [2025-02-24T15:38:53.100+0000] {dagbag.py:588} INFO - Filling up the DagBag from /opt/airflow/dags/test_dags.py
[2025-02-24T15:38:53.493+0000] {logging_mixin.py:190} INFO - [2025-02-24T15:38:53.489+0000] {dagbag.py:387} ERROR - Failed to import: /opt/airflow/dags/test_dags.py
Traceback (most recent call last):
  File "/home/airflow/.local/lib/python3.12/site-packages/airflow/models/dagbag.py", line 383, in parse
    loader.exec_module(new_module)
  File "<frozen importlib._bootstrap_external>", line 999, in exec_module
  File "<frozen importlib._bootstrap>", line 488, in _call_with_frames_removed
  File "/opt/airflow/dags/test_dags.py", line 11, in <module>
    from selenium import webdriver
ModuleNotFoundError: No module named 'selenium'
[2025-02-24T15:38:53.494+0000] {processor.py:927} WARNING - No viable dags retrieved from /opt/airflow/dags/test_dags.py
[2025-02-24T15:38:53.519+0000] {processor.py:208} INFO - Processing /opt/airflow/dags/test_dags.py took 0.428 seconds
[2025-02-24T15:39:23.641+0000] {processor.py:186} INFO - Started process (PID=501) to work on /opt/airflow/dags/test_dags.py
[2025-02-24T15:39:23.642+0000] {processor.py:914} INFO - Processing file /opt/airflow/dags/test_dags.py for tasks to queue
[2025-02-24T15:39:23.645+0000] {logging_mixin.py:190} INFO - [2025-02-24T15:39:23.645+0000] {dagbag.py:588} INFO - Filling up the DagBag from /opt/airflow/dags/test_dags.py
[2025-02-24T15:39:24.038+0000] {logging_mixin.py:190} INFO - [2025-02-24T15:39:24.033+0000] {dagbag.py:387} ERROR - Failed to import: /opt/airflow/dags/test_dags.py
Traceback (most recent call last):
  File "/home/airflow/.local/lib/python3.12/site-packages/airflow/models/dagbag.py", line 383, in parse
    loader.exec_module(new_module)
  File "<frozen importlib._bootstrap_external>", line 999, in exec_module
  File "<frozen importlib._bootstrap>", line 488, in _call_with_frames_removed
  File "/opt/airflow/dags/test_dags.py", line 11, in <module>
    from selenium import webdriver
ModuleNotFoundError: No module named 'selenium'
[2025-02-24T15:39:24.039+0000] {processor.py:927} WARNING - No viable dags retrieved from /opt/airflow/dags/test_dags.py
[2025-02-24T15:39:24.062+0000] {processor.py:208} INFO - Processing /opt/airflow/dags/test_dags.py took 0.427 seconds
[2025-02-24T15:39:54.192+0000] {processor.py:186} INFO - Started process (PID=518) to work on /opt/airflow/dags/test_dags.py
[2025-02-24T15:39:54.193+0000] {processor.py:914} INFO - Processing file /opt/airflow/dags/test_dags.py for tasks to queue
[2025-02-24T15:39:54.195+0000] {logging_mixin.py:190} INFO - [2025-02-24T15:39:54.195+0000] {dagbag.py:588} INFO - Filling up the DagBag from /opt/airflow/dags/test_dags.py
[2025-02-24T15:39:54.589+0000] {logging_mixin.py:190} INFO - [2025-02-24T15:39:54.584+0000] {dagbag.py:387} ERROR - Failed to import: /opt/airflow/dags/test_dags.py
Traceback (most recent call last):
  File "/home/airflow/.local/lib/python3.12/site-packages/airflow/models/dagbag.py", line 383, in parse
    loader.exec_module(new_module)
  File "<frozen importlib._bootstrap_external>", line 999, in exec_module
  File "<frozen importlib._bootstrap>", line 488, in _call_with_frames_removed
  File "/opt/airflow/dags/test_dags.py", line 11, in <module>
    from selenium import webdriver
ModuleNotFoundError: No module named 'selenium'
[2025-02-24T15:39:54.590+0000] {processor.py:927} WARNING - No viable dags retrieved from /opt/airflow/dags/test_dags.py
[2025-02-24T15:39:54.614+0000] {processor.py:208} INFO - Processing /opt/airflow/dags/test_dags.py took 0.427 seconds
[2025-02-24T15:40:24.818+0000] {processor.py:186} INFO - Started process (PID=535) to work on /opt/airflow/dags/test_dags.py
[2025-02-24T15:40:24.819+0000] {processor.py:914} INFO - Processing file /opt/airflow/dags/test_dags.py for tasks to queue
[2025-02-24T15:40:24.822+0000] {logging_mixin.py:190} INFO - [2025-02-24T15:40:24.822+0000] {dagbag.py:588} INFO - Filling up the DagBag from /opt/airflow/dags/test_dags.py
[2025-02-24T15:40:25.232+0000] {logging_mixin.py:190} INFO - [2025-02-24T15:40:25.226+0000] {dagbag.py:387} ERROR - Failed to import: /opt/airflow/dags/test_dags.py
Traceback (most recent call last):
  File "/home/airflow/.local/lib/python3.12/site-packages/airflow/models/dagbag.py", line 383, in parse
    loader.exec_module(new_module)
  File "<frozen importlib._bootstrap_external>", line 999, in exec_module
  File "<frozen importlib._bootstrap>", line 488, in _call_with_frames_removed
  File "/opt/airflow/dags/test_dags.py", line 11, in <module>
    from selenium import webdriver
ModuleNotFoundError: No module named 'selenium'
[2025-02-24T15:40:25.234+0000] {processor.py:927} WARNING - No viable dags retrieved from /opt/airflow/dags/test_dags.py
[2025-02-24T15:40:25.248+0000] {processor.py:208} INFO - Processing /opt/airflow/dags/test_dags.py took 0.437 seconds
[2025-02-24T15:40:55.370+0000] {processor.py:186} INFO - Started process (PID=552) to work on /opt/airflow/dags/test_dags.py
[2025-02-24T15:40:55.371+0000] {processor.py:914} INFO - Processing file /opt/airflow/dags/test_dags.py for tasks to queue
[2025-02-24T15:40:55.373+0000] {logging_mixin.py:190} INFO - [2025-02-24T15:40:55.373+0000] {dagbag.py:588} INFO - Filling up the DagBag from /opt/airflow/dags/test_dags.py
[2025-02-24T15:40:55.765+0000] {logging_mixin.py:190} INFO - [2025-02-24T15:40:55.759+0000] {dagbag.py:387} ERROR - Failed to import: /opt/airflow/dags/test_dags.py
Traceback (most recent call last):
  File "/home/airflow/.local/lib/python3.12/site-packages/airflow/models/dagbag.py", line 383, in parse
    loader.exec_module(new_module)
  File "<frozen importlib._bootstrap_external>", line 999, in exec_module
  File "<frozen importlib._bootstrap>", line 488, in _call_with_frames_removed
  File "/opt/airflow/dags/test_dags.py", line 11, in <module>
    from selenium import webdriver
ModuleNotFoundError: No module named 'selenium'
[2025-02-24T15:40:55.767+0000] {processor.py:927} WARNING - No viable dags retrieved from /opt/airflow/dags/test_dags.py
[2025-02-24T15:40:55.792+0000] {processor.py:208} INFO - Processing /opt/airflow/dags/test_dags.py took 0.428 seconds
[2025-02-24T15:41:25.909+0000] {processor.py:186} INFO - Started process (PID=569) to work on /opt/airflow/dags/test_dags.py
[2025-02-24T15:41:25.911+0000] {processor.py:914} INFO - Processing file /opt/airflow/dags/test_dags.py for tasks to queue
[2025-02-24T15:41:25.913+0000] {logging_mixin.py:190} INFO - [2025-02-24T15:41:25.913+0000] {dagbag.py:588} INFO - Filling up the DagBag from /opt/airflow/dags/test_dags.py
[2025-02-24T15:41:26.411+0000] {logging_mixin.py:190} INFO - [2025-02-24T15:41:26.397+0000] {dagbag.py:387} ERROR - Failed to import: /opt/airflow/dags/test_dags.py
Traceback (most recent call last):
  File "/home/airflow/.local/lib/python3.12/site-packages/airflow/models/dagbag.py", line 383, in parse
    loader.exec_module(new_module)
  File "<frozen importlib._bootstrap_external>", line 999, in exec_module
  File "<frozen importlib._bootstrap>", line 488, in _call_with_frames_removed
  File "/opt/airflow/dags/test_dags.py", line 11, in <module>
    from selenium import webdriver
ModuleNotFoundError: No module named 'selenium'
[2025-02-24T15:41:26.415+0000] {processor.py:927} WARNING - No viable dags retrieved from /opt/airflow/dags/test_dags.py
[2025-02-24T15:41:26.431+0000] {processor.py:208} INFO - Processing /opt/airflow/dags/test_dags.py took 0.527 seconds
[2025-02-24T15:41:56.567+0000] {processor.py:186} INFO - Started process (PID=586) to work on /opt/airflow/dags/test_dags.py
[2025-02-24T15:41:56.568+0000] {processor.py:914} INFO - Processing file /opt/airflow/dags/test_dags.py for tasks to queue
[2025-02-24T15:41:56.571+0000] {logging_mixin.py:190} INFO - [2025-02-24T15:41:56.570+0000] {dagbag.py:588} INFO - Filling up the DagBag from /opt/airflow/dags/test_dags.py
[2025-02-24T15:41:57.026+0000] {logging_mixin.py:190} INFO - [2025-02-24T15:41:57.017+0000] {dagbag.py:387} ERROR - Failed to import: /opt/airflow/dags/test_dags.py
Traceback (most recent call last):
  File "/home/airflow/.local/lib/python3.12/site-packages/airflow/models/dagbag.py", line 383, in parse
    loader.exec_module(new_module)
  File "<frozen importlib._bootstrap_external>", line 999, in exec_module
  File "<frozen importlib._bootstrap>", line 488, in _call_with_frames_removed
  File "/opt/airflow/dags/test_dags.py", line 11, in <module>
    from selenium import webdriver
ModuleNotFoundError: No module named 'selenium'
[2025-02-24T15:41:57.029+0000] {processor.py:927} WARNING - No viable dags retrieved from /opt/airflow/dags/test_dags.py
[2025-02-24T15:41:57.055+0000] {processor.py:208} INFO - Processing /opt/airflow/dags/test_dags.py took 0.494 seconds
[2025-02-24T15:42:27.253+0000] {processor.py:186} INFO - Started process (PID=603) to work on /opt/airflow/dags/test_dags.py
[2025-02-24T15:42:27.254+0000] {processor.py:914} INFO - Processing file /opt/airflow/dags/test_dags.py for tasks to queue
[2025-02-24T15:42:27.257+0000] {logging_mixin.py:190} INFO - [2025-02-24T15:42:27.257+0000] {dagbag.py:588} INFO - Filling up the DagBag from /opt/airflow/dags/test_dags.py
[2025-02-24T15:42:27.771+0000] {logging_mixin.py:190} INFO - [2025-02-24T15:42:27.764+0000] {dagbag.py:387} ERROR - Failed to import: /opt/airflow/dags/test_dags.py
Traceback (most recent call last):
  File "/home/airflow/.local/lib/python3.12/site-packages/airflow/models/dagbag.py", line 383, in parse
    loader.exec_module(new_module)
  File "<frozen importlib._bootstrap_external>", line 999, in exec_module
  File "<frozen importlib._bootstrap>", line 488, in _call_with_frames_removed
  File "/opt/airflow/dags/test_dags.py", line 11, in <module>
    from selenium import webdriver
ModuleNotFoundError: No module named 'selenium'
[2025-02-24T15:42:27.775+0000] {processor.py:927} WARNING - No viable dags retrieved from /opt/airflow/dags/test_dags.py
[2025-02-24T15:42:27.792+0000] {processor.py:208} INFO - Processing /opt/airflow/dags/test_dags.py took 0.545 seconds
[2025-02-24T15:42:57.868+0000] {processor.py:186} INFO - Started process (PID=619) to work on /opt/airflow/dags/test_dags.py
[2025-02-24T15:42:57.870+0000] {processor.py:914} INFO - Processing file /opt/airflow/dags/test_dags.py for tasks to queue
[2025-02-24T15:42:57.873+0000] {logging_mixin.py:190} INFO - [2025-02-24T15:42:57.872+0000] {dagbag.py:588} INFO - Filling up the DagBag from /opt/airflow/dags/test_dags.py
[2025-02-24T15:42:58.287+0000] {logging_mixin.py:190} INFO - [2025-02-24T15:42:58.282+0000] {dagbag.py:387} ERROR - Failed to import: /opt/airflow/dags/test_dags.py
Traceback (most recent call last):
  File "/home/airflow/.local/lib/python3.12/site-packages/airflow/models/dagbag.py", line 383, in parse
    loader.exec_module(new_module)
  File "<frozen importlib._bootstrap_external>", line 999, in exec_module
  File "<frozen importlib._bootstrap>", line 488, in _call_with_frames_removed
  File "/opt/airflow/dags/test_dags.py", line 11, in <module>
    from selenium import webdriver
ModuleNotFoundError: No module named 'selenium'
[2025-02-24T15:42:58.288+0000] {processor.py:927} WARNING - No viable dags retrieved from /opt/airflow/dags/test_dags.py
[2025-02-24T15:42:58.313+0000] {processor.py:208} INFO - Processing /opt/airflow/dags/test_dags.py took 0.452 seconds
[2025-02-24T15:43:28.512+0000] {processor.py:186} INFO - Started process (PID=636) to work on /opt/airflow/dags/test_dags.py
[2025-02-24T15:43:28.514+0000] {processor.py:914} INFO - Processing file /opt/airflow/dags/test_dags.py for tasks to queue
[2025-02-24T15:43:28.516+0000] {logging_mixin.py:190} INFO - [2025-02-24T15:43:28.516+0000] {dagbag.py:588} INFO - Filling up the DagBag from /opt/airflow/dags/test_dags.py
[2025-02-24T15:43:28.972+0000] {logging_mixin.py:190} INFO - [2025-02-24T15:43:28.962+0000] {dagbag.py:387} ERROR - Failed to import: /opt/airflow/dags/test_dags.py
Traceback (most recent call last):
  File "/home/airflow/.local/lib/python3.12/site-packages/airflow/models/dagbag.py", line 383, in parse
    loader.exec_module(new_module)
  File "<frozen importlib._bootstrap_external>", line 999, in exec_module
  File "<frozen importlib._bootstrap>", line 488, in _call_with_frames_removed
  File "/opt/airflow/dags/test_dags.py", line 11, in <module>
    from selenium import webdriver
ModuleNotFoundError: No module named 'selenium'
[2025-02-24T15:43:28.975+0000] {processor.py:927} WARNING - No viable dags retrieved from /opt/airflow/dags/test_dags.py
[2025-02-24T15:43:29.005+0000] {processor.py:208} INFO - Processing /opt/airflow/dags/test_dags.py took 0.501 seconds
[2025-02-24T15:43:59.110+0000] {processor.py:186} INFO - Started process (PID=653) to work on /opt/airflow/dags/test_dags.py
[2025-02-24T15:43:59.112+0000] {processor.py:914} INFO - Processing file /opt/airflow/dags/test_dags.py for tasks to queue
[2025-02-24T15:43:59.115+0000] {logging_mixin.py:190} INFO - [2025-02-24T15:43:59.114+0000] {dagbag.py:588} INFO - Filling up the DagBag from /opt/airflow/dags/test_dags.py
[2025-02-24T15:43:59.557+0000] {logging_mixin.py:190} INFO - [2025-02-24T15:43:59.549+0000] {dagbag.py:387} ERROR - Failed to import: /opt/airflow/dags/test_dags.py
Traceback (most recent call last):
  File "/home/airflow/.local/lib/python3.12/site-packages/airflow/models/dagbag.py", line 383, in parse
    loader.exec_module(new_module)
  File "<frozen importlib._bootstrap_external>", line 999, in exec_module
  File "<frozen importlib._bootstrap>", line 488, in _call_with_frames_removed
  File "/opt/airflow/dags/test_dags.py", line 11, in <module>
    from selenium import webdriver
ModuleNotFoundError: No module named 'selenium'
[2025-02-24T15:43:59.560+0000] {processor.py:927} WARNING - No viable dags retrieved from /opt/airflow/dags/test_dags.py
[2025-02-24T15:43:59.575+0000] {processor.py:208} INFO - Processing /opt/airflow/dags/test_dags.py took 0.473 seconds
[2025-02-24T15:44:29.784+0000] {processor.py:186} INFO - Started process (PID=669) to work on /opt/airflow/dags/test_dags.py
[2025-02-24T15:44:29.786+0000] {processor.py:914} INFO - Processing file /opt/airflow/dags/test_dags.py for tasks to queue
[2025-02-24T15:44:29.789+0000] {logging_mixin.py:190} INFO - [2025-02-24T15:44:29.788+0000] {dagbag.py:588} INFO - Filling up the DagBag from /opt/airflow/dags/test_dags.py
[2025-02-24T15:44:30.376+0000] {logging_mixin.py:190} INFO - [2025-02-24T15:44:30.368+0000] {dagbag.py:387} ERROR - Failed to import: /opt/airflow/dags/test_dags.py
Traceback (most recent call last):
  File "/home/airflow/.local/lib/python3.12/site-packages/airflow/models/dagbag.py", line 383, in parse
    loader.exec_module(new_module)
  File "<frozen importlib._bootstrap_external>", line 999, in exec_module
  File "<frozen importlib._bootstrap>", line 488, in _call_with_frames_removed
  File "/opt/airflow/dags/test_dags.py", line 11, in <module>
    from selenium import webdriver
ModuleNotFoundError: No module named 'selenium'
[2025-02-24T15:44:30.379+0000] {processor.py:927} WARNING - No viable dags retrieved from /opt/airflow/dags/test_dags.py
[2025-02-24T15:44:30.407+0000] {processor.py:208} INFO - Processing /opt/airflow/dags/test_dags.py took 0.628 seconds
[2025-02-24T15:45:00.854+0000] {processor.py:186} INFO - Started process (PID=686) to work on /opt/airflow/dags/test_dags.py
[2025-02-24T15:45:00.855+0000] {processor.py:914} INFO - Processing file /opt/airflow/dags/test_dags.py for tasks to queue
[2025-02-24T15:45:00.857+0000] {logging_mixin.py:190} INFO - [2025-02-24T15:45:00.857+0000] {dagbag.py:588} INFO - Filling up the DagBag from /opt/airflow/dags/test_dags.py
[2025-02-24T15:45:01.276+0000] {logging_mixin.py:190} INFO - [2025-02-24T15:45:01.266+0000] {dagbag.py:387} ERROR - Failed to import: /opt/airflow/dags/test_dags.py
Traceback (most recent call last):
  File "/home/airflow/.local/lib/python3.12/site-packages/airflow/models/dagbag.py", line 383, in parse
    loader.exec_module(new_module)
  File "<frozen importlib._bootstrap_external>", line 999, in exec_module
  File "<frozen importlib._bootstrap>", line 488, in _call_with_frames_removed
  File "/opt/airflow/dags/test_dags.py", line 11, in <module>
    from selenium import webdriver
ModuleNotFoundError: No module named 'selenium'
[2025-02-24T15:45:01.280+0000] {processor.py:927} WARNING - No viable dags retrieved from /opt/airflow/dags/test_dags.py
[2025-02-24T15:45:01.305+0000] {processor.py:208} INFO - Processing /opt/airflow/dags/test_dags.py took 0.458 seconds
[2025-02-24T15:45:31.482+0000] {processor.py:186} INFO - Started process (PID=708) to work on /opt/airflow/dags/test_dags.py
[2025-02-24T15:45:31.483+0000] {processor.py:914} INFO - Processing file /opt/airflow/dags/test_dags.py for tasks to queue
[2025-02-24T15:45:31.486+0000] {logging_mixin.py:190} INFO - [2025-02-24T15:45:31.486+0000] {dagbag.py:588} INFO - Filling up the DagBag from /opt/airflow/dags/test_dags.py
[2025-02-24T15:45:31.956+0000] {logging_mixin.py:190} INFO - [2025-02-24T15:45:31.951+0000] {dagbag.py:387} ERROR - Failed to import: /opt/airflow/dags/test_dags.py
Traceback (most recent call last):
  File "/home/airflow/.local/lib/python3.12/site-packages/airflow/models/dagbag.py", line 383, in parse
    loader.exec_module(new_module)
  File "<frozen importlib._bootstrap_external>", line 999, in exec_module
  File "<frozen importlib._bootstrap>", line 488, in _call_with_frames_removed
  File "/opt/airflow/dags/test_dags.py", line 11, in <module>
    from selenium import webdriver
ModuleNotFoundError: No module named 'selenium'
[2025-02-24T15:45:31.958+0000] {processor.py:927} WARNING - No viable dags retrieved from /opt/airflow/dags/test_dags.py
[2025-02-24T15:45:31.974+0000] {processor.py:208} INFO - Processing /opt/airflow/dags/test_dags.py took 0.498 seconds
[2025-02-24T15:46:02.264+0000] {processor.py:186} INFO - Started process (PID=937) to work on /opt/airflow/dags/test_dags.py
[2025-02-24T15:46:02.270+0000] {processor.py:914} INFO - Processing file /opt/airflow/dags/test_dags.py for tasks to queue
[2025-02-24T15:46:02.273+0000] {logging_mixin.py:190} INFO - [2025-02-24T15:46:02.273+0000] {dagbag.py:588} INFO - Filling up the DagBag from /opt/airflow/dags/test_dags.py
[2025-02-24T15:46:02.997+0000] {logging_mixin.py:190} INFO - [2025-02-24T15:46:02.975+0000] {dagbag.py:387} ERROR - Failed to import: /opt/airflow/dags/test_dags.py
Traceback (most recent call last):
  File "/home/airflow/.local/lib/python3.12/site-packages/airflow/models/dagbag.py", line 383, in parse
    loader.exec_module(new_module)
  File "<frozen importlib._bootstrap_external>", line 999, in exec_module
  File "<frozen importlib._bootstrap>", line 488, in _call_with_frames_removed
  File "/opt/airflow/dags/test_dags.py", line 11, in <module>
    from selenium import webdriver
ModuleNotFoundError: No module named 'selenium'
[2025-02-24T15:46:03.002+0000] {processor.py:927} WARNING - No viable dags retrieved from /opt/airflow/dags/test_dags.py
[2025-02-24T15:46:03.024+0000] {processor.py:208} INFO - Processing /opt/airflow/dags/test_dags.py took 0.769 seconds
[2025-02-24T15:46:33.994+0000] {processor.py:186} INFO - Started process (PID=959) to work on /opt/airflow/dags/test_dags.py
[2025-02-24T15:46:33.996+0000] {processor.py:914} INFO - Processing file /opt/airflow/dags/test_dags.py for tasks to queue
[2025-02-24T15:46:34.000+0000] {logging_mixin.py:190} INFO - [2025-02-24T15:46:33.999+0000] {dagbag.py:588} INFO - Filling up the DagBag from /opt/airflow/dags/test_dags.py
[2025-02-24T15:46:34.424+0000] {logging_mixin.py:190} INFO - [2025-02-24T15:46:34.415+0000] {dagbag.py:387} ERROR - Failed to import: /opt/airflow/dags/test_dags.py
Traceback (most recent call last):
  File "/home/airflow/.local/lib/python3.12/site-packages/airflow/models/dagbag.py", line 383, in parse
    loader.exec_module(new_module)
  File "<frozen importlib._bootstrap_external>", line 999, in exec_module
  File "<frozen importlib._bootstrap>", line 488, in _call_with_frames_removed
  File "/opt/airflow/dags/test_dags.py", line 11, in <module>
    from selenium import webdriver
ModuleNotFoundError: No module named 'selenium'
[2025-02-24T15:46:34.428+0000] {processor.py:927} WARNING - No viable dags retrieved from /opt/airflow/dags/test_dags.py
[2025-02-24T15:46:34.444+0000] {processor.py:208} INFO - Processing /opt/airflow/dags/test_dags.py took 0.460 seconds
[2025-02-24T15:47:05.221+0000] {processor.py:186} INFO - Started process (PID=981) to work on /opt/airflow/dags/test_dags.py
[2025-02-24T15:47:05.223+0000] {processor.py:914} INFO - Processing file /opt/airflow/dags/test_dags.py for tasks to queue
[2025-02-24T15:47:05.226+0000] {logging_mixin.py:190} INFO - [2025-02-24T15:47:05.225+0000] {dagbag.py:588} INFO - Filling up the DagBag from /opt/airflow/dags/test_dags.py
[2025-02-24T15:47:05.615+0000] {logging_mixin.py:190} INFO - [2025-02-24T15:47:05.611+0000] {dagbag.py:387} ERROR - Failed to import: /opt/airflow/dags/test_dags.py
Traceback (most recent call last):
  File "/home/airflow/.local/lib/python3.12/site-packages/airflow/models/dagbag.py", line 383, in parse
    loader.exec_module(new_module)
  File "<frozen importlib._bootstrap_external>", line 999, in exec_module
  File "<frozen importlib._bootstrap>", line 488, in _call_with_frames_removed
  File "/opt/airflow/dags/test_dags.py", line 11, in <module>
    from selenium import webdriver
ModuleNotFoundError: No module named 'selenium'
[2025-02-24T15:47:05.617+0000] {processor.py:927} WARNING - No viable dags retrieved from /opt/airflow/dags/test_dags.py
[2025-02-24T15:47:05.644+0000] {processor.py:208} INFO - Processing /opt/airflow/dags/test_dags.py took 0.431 seconds
[2025-02-24T15:47:35.824+0000] {processor.py:186} INFO - Started process (PID=1003) to work on /opt/airflow/dags/test_dags.py
[2025-02-24T15:47:35.826+0000] {processor.py:914} INFO - Processing file /opt/airflow/dags/test_dags.py for tasks to queue
[2025-02-24T15:47:35.829+0000] {logging_mixin.py:190} INFO - [2025-02-24T15:47:35.828+0000] {dagbag.py:588} INFO - Filling up the DagBag from /opt/airflow/dags/test_dags.py
[2025-02-24T15:47:36.257+0000] {logging_mixin.py:190} INFO - [2025-02-24T15:47:36.250+0000] {dagbag.py:387} ERROR - Failed to import: /opt/airflow/dags/test_dags.py
Traceback (most recent call last):
  File "/home/airflow/.local/lib/python3.12/site-packages/airflow/models/dagbag.py", line 383, in parse
    loader.exec_module(new_module)
  File "<frozen importlib._bootstrap_external>", line 999, in exec_module
  File "<frozen importlib._bootstrap>", line 488, in _call_with_frames_removed
  File "/opt/airflow/dags/test_dags.py", line 11, in <module>
    from selenium import webdriver
ModuleNotFoundError: No module named 'selenium'
[2025-02-24T15:47:36.259+0000] {processor.py:927} WARNING - No viable dags retrieved from /opt/airflow/dags/test_dags.py
[2025-02-24T15:47:36.285+0000] {processor.py:208} INFO - Processing /opt/airflow/dags/test_dags.py took 0.468 seconds
[2025-02-24T15:48:06.446+0000] {processor.py:186} INFO - Started process (PID=1025) to work on /opt/airflow/dags/test_dags.py
[2025-02-24T15:48:06.448+0000] {processor.py:914} INFO - Processing file /opt/airflow/dags/test_dags.py for tasks to queue
[2025-02-24T15:48:06.450+0000] {logging_mixin.py:190} INFO - [2025-02-24T15:48:06.450+0000] {dagbag.py:588} INFO - Filling up the DagBag from /opt/airflow/dags/test_dags.py
[2025-02-24T15:48:06.856+0000] {logging_mixin.py:190} INFO - [2025-02-24T15:48:06.848+0000] {dagbag.py:387} ERROR - Failed to import: /opt/airflow/dags/test_dags.py
Traceback (most recent call last):
  File "/home/airflow/.local/lib/python3.12/site-packages/airflow/models/dagbag.py", line 383, in parse
    loader.exec_module(new_module)
  File "<frozen importlib._bootstrap_external>", line 999, in exec_module
  File "<frozen importlib._bootstrap>", line 488, in _call_with_frames_removed
  File "/opt/airflow/dags/test_dags.py", line 11, in <module>
    from selenium import webdriver
ModuleNotFoundError: No module named 'selenium'
[2025-02-24T15:48:06.858+0000] {processor.py:927} WARNING - No viable dags retrieved from /opt/airflow/dags/test_dags.py
[2025-02-24T15:48:06.882+0000] {processor.py:208} INFO - Processing /opt/airflow/dags/test_dags.py took 0.441 seconds
[2025-02-24T15:48:37.008+0000] {processor.py:186} INFO - Started process (PID=1047) to work on /opt/airflow/dags/test_dags.py
[2025-02-24T15:48:37.010+0000] {processor.py:914} INFO - Processing file /opt/airflow/dags/test_dags.py for tasks to queue
[2025-02-24T15:48:37.012+0000] {logging_mixin.py:190} INFO - [2025-02-24T15:48:37.012+0000] {dagbag.py:588} INFO - Filling up the DagBag from /opt/airflow/dags/test_dags.py
[2025-02-24T15:48:37.407+0000] {logging_mixin.py:190} INFO - [2025-02-24T15:48:37.401+0000] {dagbag.py:387} ERROR - Failed to import: /opt/airflow/dags/test_dags.py
Traceback (most recent call last):
  File "/home/airflow/.local/lib/python3.12/site-packages/airflow/models/dagbag.py", line 383, in parse
    loader.exec_module(new_module)
  File "<frozen importlib._bootstrap_external>", line 999, in exec_module
  File "<frozen importlib._bootstrap>", line 488, in _call_with_frames_removed
  File "/opt/airflow/dags/test_dags.py", line 11, in <module>
    from selenium import webdriver
ModuleNotFoundError: No module named 'selenium'
[2025-02-24T15:48:37.409+0000] {processor.py:927} WARNING - No viable dags retrieved from /opt/airflow/dags/test_dags.py
[2025-02-24T15:48:37.433+0000] {processor.py:208} INFO - Processing /opt/airflow/dags/test_dags.py took 0.430 seconds
[2025-02-24T15:49:07.968+0000] {processor.py:186} INFO - Started process (PID=1069) to work on /opt/airflow/dags/test_dags.py
[2025-02-24T15:49:07.969+0000] {processor.py:914} INFO - Processing file /opt/airflow/dags/test_dags.py for tasks to queue
[2025-02-24T15:49:07.971+0000] {logging_mixin.py:190} INFO - [2025-02-24T15:49:07.971+0000] {dagbag.py:588} INFO - Filling up the DagBag from /opt/airflow/dags/test_dags.py
[2025-02-24T15:49:08.420+0000] {logging_mixin.py:190} INFO - [2025-02-24T15:49:08.412+0000] {dagbag.py:387} ERROR - Failed to import: /opt/airflow/dags/test_dags.py
Traceback (most recent call last):
  File "/home/airflow/.local/lib/python3.12/site-packages/airflow/models/dagbag.py", line 383, in parse
    loader.exec_module(new_module)
  File "<frozen importlib._bootstrap_external>", line 999, in exec_module
  File "<frozen importlib._bootstrap>", line 488, in _call_with_frames_removed
  File "/opt/airflow/dags/test_dags.py", line 11, in <module>
    from selenium import webdriver
ModuleNotFoundError: No module named 'selenium'
[2025-02-24T15:49:08.423+0000] {processor.py:927} WARNING - No viable dags retrieved from /opt/airflow/dags/test_dags.py
[2025-02-24T15:49:08.438+0000] {processor.py:208} INFO - Processing /opt/airflow/dags/test_dags.py took 0.475 seconds
[2025-02-24T15:49:38.632+0000] {processor.py:186} INFO - Started process (PID=1091) to work on /opt/airflow/dags/test_dags.py
[2025-02-24T15:49:38.634+0000] {processor.py:914} INFO - Processing file /opt/airflow/dags/test_dags.py for tasks to queue
[2025-02-24T15:49:38.637+0000] {logging_mixin.py:190} INFO - [2025-02-24T15:49:38.637+0000] {dagbag.py:588} INFO - Filling up the DagBag from /opt/airflow/dags/test_dags.py
[2025-02-24T15:49:39.093+0000] {logging_mixin.py:190} INFO - [2025-02-24T15:49:39.086+0000] {dagbag.py:387} ERROR - Failed to import: /opt/airflow/dags/test_dags.py
Traceback (most recent call last):
  File "/home/airflow/.local/lib/python3.12/site-packages/airflow/models/dagbag.py", line 383, in parse
    loader.exec_module(new_module)
  File "<frozen importlib._bootstrap_external>", line 999, in exec_module
  File "<frozen importlib._bootstrap>", line 488, in _call_with_frames_removed
  File "/opt/airflow/dags/test_dags.py", line 11, in <module>
    from selenium import webdriver
ModuleNotFoundError: No module named 'selenium'
[2025-02-24T15:49:39.095+0000] {processor.py:927} WARNING - No viable dags retrieved from /opt/airflow/dags/test_dags.py
[2025-02-24T15:49:39.110+0000] {processor.py:208} INFO - Processing /opt/airflow/dags/test_dags.py took 0.485 seconds
[2025-02-24T15:50:09.482+0000] {processor.py:186} INFO - Started process (PID=1113) to work on /opt/airflow/dags/test_dags.py
[2025-02-24T15:50:09.483+0000] {processor.py:914} INFO - Processing file /opt/airflow/dags/test_dags.py for tasks to queue
[2025-02-24T15:50:09.485+0000] {logging_mixin.py:190} INFO - [2025-02-24T15:50:09.485+0000] {dagbag.py:588} INFO - Filling up the DagBag from /opt/airflow/dags/test_dags.py
[2025-02-24T15:50:09.922+0000] {logging_mixin.py:190} INFO - [2025-02-24T15:50:09.911+0000] {dagbag.py:387} ERROR - Failed to import: /opt/airflow/dags/test_dags.py
Traceback (most recent call last):
  File "/home/airflow/.local/lib/python3.12/site-packages/airflow/models/dagbag.py", line 383, in parse
    loader.exec_module(new_module)
  File "<frozen importlib._bootstrap_external>", line 999, in exec_module
  File "<frozen importlib._bootstrap>", line 488, in _call_with_frames_removed
  File "/opt/airflow/dags/test_dags.py", line 11, in <module>
    from selenium import webdriver
ModuleNotFoundError: No module named 'selenium'
[2025-02-24T15:50:09.924+0000] {processor.py:927} WARNING - No viable dags retrieved from /opt/airflow/dags/test_dags.py
[2025-02-24T15:50:09.949+0000] {processor.py:208} INFO - Processing /opt/airflow/dags/test_dags.py took 0.472 seconds
[2025-02-24T15:50:40.196+0000] {processor.py:186} INFO - Started process (PID=1135) to work on /opt/airflow/dags/test_dags.py
[2025-02-24T15:50:40.198+0000] {processor.py:914} INFO - Processing file /opt/airflow/dags/test_dags.py for tasks to queue
[2025-02-24T15:50:40.202+0000] {logging_mixin.py:190} INFO - [2025-02-24T15:50:40.201+0000] {dagbag.py:588} INFO - Filling up the DagBag from /opt/airflow/dags/test_dags.py
[2025-02-24T15:50:40.644+0000] {logging_mixin.py:190} INFO - [2025-02-24T15:50:40.639+0000] {dagbag.py:387} ERROR - Failed to import: /opt/airflow/dags/test_dags.py
Traceback (most recent call last):
  File "/home/airflow/.local/lib/python3.12/site-packages/airflow/models/dagbag.py", line 383, in parse
    loader.exec_module(new_module)
  File "<frozen importlib._bootstrap_external>", line 999, in exec_module
  File "<frozen importlib._bootstrap>", line 488, in _call_with_frames_removed
  File "/opt/airflow/dags/test_dags.py", line 11, in <module>
    from selenium import webdriver
ModuleNotFoundError: No module named 'selenium'
[2025-02-24T15:50:40.645+0000] {processor.py:927} WARNING - No viable dags retrieved from /opt/airflow/dags/test_dags.py
[2025-02-24T15:50:40.669+0000] {processor.py:208} INFO - Processing /opt/airflow/dags/test_dags.py took 0.481 seconds
[2025-02-24T15:51:11.700+0000] {processor.py:186} INFO - Started process (PID=1163) to work on /opt/airflow/dags/test_dags.py
[2025-02-24T15:51:11.701+0000] {processor.py:914} INFO - Processing file /opt/airflow/dags/test_dags.py for tasks to queue
[2025-02-24T15:51:11.703+0000] {logging_mixin.py:190} INFO - [2025-02-24T15:51:11.703+0000] {dagbag.py:588} INFO - Filling up the DagBag from /opt/airflow/dags/test_dags.py
[2025-02-24T15:51:12.123+0000] {logging_mixin.py:190} INFO - [2025-02-24T15:51:12.118+0000] {dagbag.py:387} ERROR - Failed to import: /opt/airflow/dags/test_dags.py
Traceback (most recent call last):
  File "/home/airflow/.local/lib/python3.12/site-packages/airflow/models/dagbag.py", line 383, in parse
    loader.exec_module(new_module)
  File "<frozen importlib._bootstrap_external>", line 999, in exec_module
  File "<frozen importlib._bootstrap>", line 488, in _call_with_frames_removed
  File "/opt/airflow/dags/test_dags.py", line 11, in <module>
    from selenium import webdriver
ModuleNotFoundError: No module named 'selenium'
[2025-02-24T15:51:12.125+0000] {processor.py:927} WARNING - No viable dags retrieved from /opt/airflow/dags/test_dags.py
[2025-02-24T15:51:12.150+0000] {processor.py:208} INFO - Processing /opt/airflow/dags/test_dags.py took 0.456 seconds
[2025-02-24T15:51:42.805+0000] {processor.py:186} INFO - Started process (PID=1185) to work on /opt/airflow/dags/test_dags.py
[2025-02-24T15:51:42.807+0000] {processor.py:914} INFO - Processing file /opt/airflow/dags/test_dags.py for tasks to queue
[2025-02-24T15:51:42.809+0000] {logging_mixin.py:190} INFO - [2025-02-24T15:51:42.809+0000] {dagbag.py:588} INFO - Filling up the DagBag from /opt/airflow/dags/test_dags.py
[2025-02-24T15:51:43.288+0000] {logging_mixin.py:190} INFO - [2025-02-24T15:51:43.276+0000] {dagbag.py:387} ERROR - Failed to import: /opt/airflow/dags/test_dags.py
Traceback (most recent call last):
  File "/home/airflow/.local/lib/python3.12/site-packages/airflow/models/dagbag.py", line 383, in parse
    loader.exec_module(new_module)
  File "<frozen importlib._bootstrap_external>", line 999, in exec_module
  File "<frozen importlib._bootstrap>", line 488, in _call_with_frames_removed
  File "/opt/airflow/dags/test_dags.py", line 11, in <module>
    from selenium import webdriver
ModuleNotFoundError: No module named 'selenium'
[2025-02-24T15:51:43.292+0000] {processor.py:927} WARNING - No viable dags retrieved from /opt/airflow/dags/test_dags.py
[2025-02-24T15:51:43.320+0000] {processor.py:208} INFO - Processing /opt/airflow/dags/test_dags.py took 0.520 seconds
[2025-02-24T15:52:13.439+0000] {processor.py:186} INFO - Started process (PID=1207) to work on /opt/airflow/dags/test_dags.py
[2025-02-24T15:52:13.440+0000] {processor.py:914} INFO - Processing file /opt/airflow/dags/test_dags.py for tasks to queue
[2025-02-24T15:52:13.442+0000] {logging_mixin.py:190} INFO - [2025-02-24T15:52:13.442+0000] {dagbag.py:588} INFO - Filling up the DagBag from /opt/airflow/dags/test_dags.py
[2025-02-24T15:52:13.863+0000] {logging_mixin.py:190} INFO - [2025-02-24T15:52:13.853+0000] {dagbag.py:387} ERROR - Failed to import: /opt/airflow/dags/test_dags.py
Traceback (most recent call last):
  File "/home/airflow/.local/lib/python3.12/site-packages/airflow/models/dagbag.py", line 383, in parse
    loader.exec_module(new_module)
  File "<frozen importlib._bootstrap_external>", line 999, in exec_module
  File "<frozen importlib._bootstrap>", line 488, in _call_with_frames_removed
  File "/opt/airflow/dags/test_dags.py", line 11, in <module>
    from selenium import webdriver
ModuleNotFoundError: No module named 'selenium'
[2025-02-24T15:52:13.866+0000] {processor.py:927} WARNING - No viable dags retrieved from /opt/airflow/dags/test_dags.py
[2025-02-24T15:52:13.892+0000] {processor.py:208} INFO - Processing /opt/airflow/dags/test_dags.py took 0.460 seconds
[2025-02-24T15:52:44.409+0000] {processor.py:186} INFO - Started process (PID=1238) to work on /opt/airflow/dags/test_dags.py
[2025-02-24T15:52:44.411+0000] {processor.py:914} INFO - Processing file /opt/airflow/dags/test_dags.py for tasks to queue
[2025-02-24T15:52:44.414+0000] {logging_mixin.py:190} INFO - [2025-02-24T15:52:44.414+0000] {dagbag.py:588} INFO - Filling up the DagBag from /opt/airflow/dags/test_dags.py
[2025-02-24T15:52:44.850+0000] {logging_mixin.py:190} INFO - [2025-02-24T15:52:44.846+0000] {dagbag.py:387} ERROR - Failed to import: /opt/airflow/dags/test_dags.py
Traceback (most recent call last):
  File "/home/airflow/.local/lib/python3.12/site-packages/airflow/models/dagbag.py", line 383, in parse
    loader.exec_module(new_module)
  File "<frozen importlib._bootstrap_external>", line 999, in exec_module
  File "<frozen importlib._bootstrap>", line 488, in _call_with_frames_removed
  File "/opt/airflow/dags/test_dags.py", line 11, in <module>
    from selenium import webdriver
ModuleNotFoundError: No module named 'selenium'
[2025-02-24T15:52:44.852+0000] {processor.py:927} WARNING - No viable dags retrieved from /opt/airflow/dags/test_dags.py
[2025-02-24T15:52:44.867+0000] {processor.py:208} INFO - Processing /opt/airflow/dags/test_dags.py took 0.464 seconds
[2025-02-24T15:53:15.575+0000] {processor.py:186} INFO - Started process (PID=1260) to work on /opt/airflow/dags/test_dags.py
[2025-02-24T15:53:15.577+0000] {processor.py:914} INFO - Processing file /opt/airflow/dags/test_dags.py for tasks to queue
[2025-02-24T15:53:15.579+0000] {logging_mixin.py:190} INFO - [2025-02-24T15:53:15.579+0000] {dagbag.py:588} INFO - Filling up the DagBag from /opt/airflow/dags/test_dags.py
[2025-02-24T15:53:16.001+0000] {logging_mixin.py:190} INFO - [2025-02-24T15:53:15.998+0000] {dagbag.py:387} ERROR - Failed to import: /opt/airflow/dags/test_dags.py
Traceback (most recent call last):
  File "/home/airflow/.local/lib/python3.12/site-packages/airflow/models/dagbag.py", line 383, in parse
    loader.exec_module(new_module)
  File "<frozen importlib._bootstrap_external>", line 999, in exec_module
  File "<frozen importlib._bootstrap>", line 488, in _call_with_frames_removed
  File "/opt/airflow/dags/test_dags.py", line 11, in <module>
    from selenium import webdriver
ModuleNotFoundError: No module named 'selenium'
[2025-02-24T15:53:16.002+0000] {processor.py:927} WARNING - No viable dags retrieved from /opt/airflow/dags/test_dags.py
[2025-02-24T15:53:16.024+0000] {processor.py:208} INFO - Processing /opt/airflow/dags/test_dags.py took 0.455 seconds
[2025-02-24T15:53:46.360+0000] {processor.py:186} INFO - Started process (PID=1282) to work on /opt/airflow/dags/test_dags.py
[2025-02-24T15:53:46.361+0000] {processor.py:914} INFO - Processing file /opt/airflow/dags/test_dags.py for tasks to queue
[2025-02-24T15:53:46.364+0000] {logging_mixin.py:190} INFO - [2025-02-24T15:53:46.364+0000] {dagbag.py:588} INFO - Filling up the DagBag from /opt/airflow/dags/test_dags.py
[2025-02-24T15:53:46.799+0000] {logging_mixin.py:190} INFO - [2025-02-24T15:53:46.792+0000] {dagbag.py:387} ERROR - Failed to import: /opt/airflow/dags/test_dags.py
Traceback (most recent call last):
  File "/home/airflow/.local/lib/python3.12/site-packages/airflow/models/dagbag.py", line 383, in parse
    loader.exec_module(new_module)
  File "<frozen importlib._bootstrap_external>", line 999, in exec_module
  File "<frozen importlib._bootstrap>", line 488, in _call_with_frames_removed
  File "/opt/airflow/dags/test_dags.py", line 11, in <module>
    from selenium import webdriver
ModuleNotFoundError: No module named 'selenium'
[2025-02-24T15:53:46.803+0000] {processor.py:927} WARNING - No viable dags retrieved from /opt/airflow/dags/test_dags.py
[2025-02-24T15:53:46.828+0000] {processor.py:208} INFO - Processing /opt/airflow/dags/test_dags.py took 0.476 seconds
[2025-02-24T15:54:17.481+0000] {processor.py:186} INFO - Started process (PID=1304) to work on /opt/airflow/dags/test_dags.py
[2025-02-24T15:54:17.483+0000] {processor.py:914} INFO - Processing file /opt/airflow/dags/test_dags.py for tasks to queue
[2025-02-24T15:54:17.486+0000] {logging_mixin.py:190} INFO - [2025-02-24T15:54:17.486+0000] {dagbag.py:588} INFO - Filling up the DagBag from /opt/airflow/dags/test_dags.py
[2025-02-24T15:54:17.928+0000] {logging_mixin.py:190} INFO - [2025-02-24T15:54:17.920+0000] {dagbag.py:387} ERROR - Failed to import: /opt/airflow/dags/test_dags.py
Traceback (most recent call last):
  File "/home/airflow/.local/lib/python3.12/site-packages/airflow/models/dagbag.py", line 383, in parse
    loader.exec_module(new_module)
  File "<frozen importlib._bootstrap_external>", line 999, in exec_module
  File "<frozen importlib._bootstrap>", line 488, in _call_with_frames_removed
  File "/opt/airflow/dags/test_dags.py", line 11, in <module>
    from selenium import webdriver
ModuleNotFoundError: No module named 'selenium'
[2025-02-24T15:54:17.930+0000] {processor.py:927} WARNING - No viable dags retrieved from /opt/airflow/dags/test_dags.py
[2025-02-24T15:54:17.955+0000] {processor.py:208} INFO - Processing /opt/airflow/dags/test_dags.py took 0.480 seconds
[2025-02-24T15:54:48.213+0000] {processor.py:186} INFO - Started process (PID=1326) to work on /opt/airflow/dags/test_dags.py
[2025-02-24T15:54:48.215+0000] {processor.py:914} INFO - Processing file /opt/airflow/dags/test_dags.py for tasks to queue
[2025-02-24T15:54:48.218+0000] {logging_mixin.py:190} INFO - [2025-02-24T15:54:48.217+0000] {dagbag.py:588} INFO - Filling up the DagBag from /opt/airflow/dags/test_dags.py
[2025-02-24T15:54:48.642+0000] {logging_mixin.py:190} INFO - [2025-02-24T15:54:48.638+0000] {dagbag.py:387} ERROR - Failed to import: /opt/airflow/dags/test_dags.py
Traceback (most recent call last):
  File "/home/airflow/.local/lib/python3.12/site-packages/airflow/models/dagbag.py", line 383, in parse
    loader.exec_module(new_module)
  File "<frozen importlib._bootstrap_external>", line 999, in exec_module
  File "<frozen importlib._bootstrap>", line 488, in _call_with_frames_removed
  File "/opt/airflow/dags/test_dags.py", line 11, in <module>
    from selenium import webdriver
ModuleNotFoundError: No module named 'selenium'
[2025-02-24T15:54:48.644+0000] {processor.py:927} WARNING - No viable dags retrieved from /opt/airflow/dags/test_dags.py
[2025-02-24T15:54:48.666+0000] {processor.py:208} INFO - Processing /opt/airflow/dags/test_dags.py took 0.459 seconds
[2025-02-24T15:55:18.942+0000] {processor.py:186} INFO - Started process (PID=1348) to work on /opt/airflow/dags/test_dags.py
[2025-02-24T15:55:18.944+0000] {processor.py:914} INFO - Processing file /opt/airflow/dags/test_dags.py for tasks to queue
[2025-02-24T15:55:18.947+0000] {logging_mixin.py:190} INFO - [2025-02-24T15:55:18.947+0000] {dagbag.py:588} INFO - Filling up the DagBag from /opt/airflow/dags/test_dags.py
[2025-02-24T15:55:19.371+0000] {logging_mixin.py:190} INFO - [2025-02-24T15:55:19.358+0000] {dagbag.py:387} ERROR - Failed to import: /opt/airflow/dags/test_dags.py
Traceback (most recent call last):
  File "/home/airflow/.local/lib/python3.12/site-packages/airflow/models/dagbag.py", line 383, in parse
    loader.exec_module(new_module)
  File "<frozen importlib._bootstrap_external>", line 999, in exec_module
  File "<frozen importlib._bootstrap>", line 488, in _call_with_frames_removed
  File "/opt/airflow/dags/test_dags.py", line 11, in <module>
    from selenium import webdriver
ModuleNotFoundError: No module named 'selenium'
[2025-02-24T15:55:19.375+0000] {processor.py:927} WARNING - No viable dags retrieved from /opt/airflow/dags/test_dags.py
[2025-02-24T15:55:19.395+0000] {processor.py:208} INFO - Processing /opt/airflow/dags/test_dags.py took 0.462 seconds
[2025-02-24T15:55:50.002+0000] {processor.py:186} INFO - Started process (PID=1373) to work on /opt/airflow/dags/test_dags.py
[2025-02-24T15:55:50.003+0000] {processor.py:914} INFO - Processing file /opt/airflow/dags/test_dags.py for tasks to queue
[2025-02-24T15:55:50.006+0000] {logging_mixin.py:190} INFO - [2025-02-24T15:55:50.005+0000] {dagbag.py:588} INFO - Filling up the DagBag from /opt/airflow/dags/test_dags.py
[2025-02-24T15:55:50.393+0000] {logging_mixin.py:190} INFO - [2025-02-24T15:55:50.384+0000] {dagbag.py:387} ERROR - Failed to import: /opt/airflow/dags/test_dags.py
Traceback (most recent call last):
  File "/home/airflow/.local/lib/python3.12/site-packages/airflow/models/dagbag.py", line 383, in parse
    loader.exec_module(new_module)
  File "<frozen importlib._bootstrap_external>", line 999, in exec_module
  File "<frozen importlib._bootstrap>", line 488, in _call_with_frames_removed
  File "/opt/airflow/dags/test_dags.py", line 11, in <module>
    from selenium import webdriver
ModuleNotFoundError: No module named 'selenium'
[2025-02-24T15:55:50.396+0000] {processor.py:927} WARNING - No viable dags retrieved from /opt/airflow/dags/test_dags.py
[2025-02-24T15:55:50.421+0000] {processor.py:208} INFO - Processing /opt/airflow/dags/test_dags.py took 0.424 seconds
[2025-02-24T15:56:20.611+0000] {processor.py:186} INFO - Started process (PID=1396) to work on /opt/airflow/dags/test_dags.py
[2025-02-24T15:56:20.612+0000] {processor.py:914} INFO - Processing file /opt/airflow/dags/test_dags.py for tasks to queue
[2025-02-24T15:56:20.616+0000] {logging_mixin.py:190} INFO - [2025-02-24T15:56:20.615+0000] {dagbag.py:588} INFO - Filling up the DagBag from /opt/airflow/dags/test_dags.py
[2025-02-24T15:56:21.066+0000] {logging_mixin.py:190} INFO - [2025-02-24T15:56:21.061+0000] {dagbag.py:387} ERROR - Failed to import: /opt/airflow/dags/test_dags.py
Traceback (most recent call last):
  File "/home/airflow/.local/lib/python3.12/site-packages/airflow/models/dagbag.py", line 383, in parse
    loader.exec_module(new_module)
  File "<frozen importlib._bootstrap_external>", line 999, in exec_module
  File "<frozen importlib._bootstrap>", line 488, in _call_with_frames_removed
  File "/opt/airflow/dags/test_dags.py", line 11, in <module>
    from selenium import webdriver
ModuleNotFoundError: No module named 'selenium'
[2025-02-24T15:56:21.067+0000] {processor.py:927} WARNING - No viable dags retrieved from /opt/airflow/dags/test_dags.py
[2025-02-24T15:56:21.086+0000] {processor.py:208} INFO - Processing /opt/airflow/dags/test_dags.py took 0.484 seconds
[2025-02-24T15:56:51.266+0000] {processor.py:186} INFO - Started process (PID=1418) to work on /opt/airflow/dags/test_dags.py
[2025-02-24T15:56:51.269+0000] {processor.py:914} INFO - Processing file /opt/airflow/dags/test_dags.py for tasks to queue
[2025-02-24T15:56:51.272+0000] {logging_mixin.py:190} INFO - [2025-02-24T15:56:51.272+0000] {dagbag.py:588} INFO - Filling up the DagBag from /opt/airflow/dags/test_dags.py
[2025-02-24T15:56:51.680+0000] {logging_mixin.py:190} INFO - [2025-02-24T15:56:51.669+0000] {dagbag.py:387} ERROR - Failed to import: /opt/airflow/dags/test_dags.py
Traceback (most recent call last):
  File "/home/airflow/.local/lib/python3.12/site-packages/airflow/models/dagbag.py", line 383, in parse
    loader.exec_module(new_module)
  File "<frozen importlib._bootstrap_external>", line 999, in exec_module
  File "<frozen importlib._bootstrap>", line 488, in _call_with_frames_removed
  File "/opt/airflow/dags/test_dags.py", line 11, in <module>
    from selenium import webdriver
ModuleNotFoundError: No module named 'selenium'
[2025-02-24T15:56:51.684+0000] {processor.py:927} WARNING - No viable dags retrieved from /opt/airflow/dags/test_dags.py
[2025-02-24T15:56:51.708+0000] {processor.py:208} INFO - Processing /opt/airflow/dags/test_dags.py took 0.449 seconds
[2025-02-24T15:57:21.913+0000] {processor.py:186} INFO - Started process (PID=1440) to work on /opt/airflow/dags/test_dags.py
[2025-02-24T15:57:21.914+0000] {processor.py:914} INFO - Processing file /opt/airflow/dags/test_dags.py for tasks to queue
[2025-02-24T15:57:21.917+0000] {logging_mixin.py:190} INFO - [2025-02-24T15:57:21.917+0000] {dagbag.py:588} INFO - Filling up the DagBag from /opt/airflow/dags/test_dags.py
[2025-02-24T15:57:22.357+0000] {logging_mixin.py:190} INFO - [2025-02-24T15:57:22.345+0000] {dagbag.py:387} ERROR - Failed to import: /opt/airflow/dags/test_dags.py
Traceback (most recent call last):
  File "/home/airflow/.local/lib/python3.12/site-packages/airflow/models/dagbag.py", line 383, in parse
    loader.exec_module(new_module)
  File "<frozen importlib._bootstrap_external>", line 999, in exec_module
  File "<frozen importlib._bootstrap>", line 488, in _call_with_frames_removed
  File "/opt/airflow/dags/test_dags.py", line 11, in <module>
    from selenium import webdriver
ModuleNotFoundError: No module named 'selenium'
[2025-02-24T15:57:22.362+0000] {processor.py:927} WARNING - No viable dags retrieved from /opt/airflow/dags/test_dags.py
[2025-02-24T15:57:22.394+0000] {processor.py:208} INFO - Processing /opt/airflow/dags/test_dags.py took 0.490 seconds
[2025-02-24T15:57:52.548+0000] {processor.py:186} INFO - Started process (PID=1462) to work on /opt/airflow/dags/test_dags.py
[2025-02-24T15:57:52.598+0000] {processor.py:914} INFO - Processing file /opt/airflow/dags/test_dags.py for tasks to queue
[2025-02-24T15:57:52.600+0000] {logging_mixin.py:190} INFO - [2025-02-24T15:57:52.600+0000] {dagbag.py:588} INFO - Filling up the DagBag from /opt/airflow/dags/test_dags.py
[2025-02-24T15:57:53.010+0000] {logging_mixin.py:190} INFO - [2025-02-24T15:57:53.005+0000] {dagbag.py:387} ERROR - Failed to import: /opt/airflow/dags/test_dags.py
Traceback (most recent call last):
  File "/home/airflow/.local/lib/python3.12/site-packages/airflow/models/dagbag.py", line 383, in parse
    loader.exec_module(new_module)
  File "<frozen importlib._bootstrap_external>", line 999, in exec_module
  File "<frozen importlib._bootstrap>", line 488, in _call_with_frames_removed
  File "/opt/airflow/dags/test_dags.py", line 11, in <module>
    from selenium import webdriver
ModuleNotFoundError: No module named 'selenium'
[2025-02-24T15:57:53.012+0000] {processor.py:927} WARNING - No viable dags retrieved from /opt/airflow/dags/test_dags.py
[2025-02-24T15:57:53.036+0000] {processor.py:208} INFO - Processing /opt/airflow/dags/test_dags.py took 0.495 seconds
[2025-02-24T15:58:23.232+0000] {processor.py:186} INFO - Started process (PID=1484) to work on /opt/airflow/dags/test_dags.py
[2025-02-24T15:58:23.233+0000] {processor.py:914} INFO - Processing file /opt/airflow/dags/test_dags.py for tasks to queue
[2025-02-24T15:58:23.236+0000] {logging_mixin.py:190} INFO - [2025-02-24T15:58:23.235+0000] {dagbag.py:588} INFO - Filling up the DagBag from /opt/airflow/dags/test_dags.py
[2025-02-24T15:58:23.618+0000] {logging_mixin.py:190} INFO - [2025-02-24T15:58:23.613+0000] {dagbag.py:387} ERROR - Failed to import: /opt/airflow/dags/test_dags.py
Traceback (most recent call last):
  File "/home/airflow/.local/lib/python3.12/site-packages/airflow/models/dagbag.py", line 383, in parse
    loader.exec_module(new_module)
  File "<frozen importlib._bootstrap_external>", line 999, in exec_module
  File "<frozen importlib._bootstrap>", line 488, in _call_with_frames_removed
  File "/opt/airflow/dags/test_dags.py", line 11, in <module>
    from selenium import webdriver
ModuleNotFoundError: No module named 'selenium'
[2025-02-24T15:58:23.620+0000] {processor.py:927} WARNING - No viable dags retrieved from /opt/airflow/dags/test_dags.py
[2025-02-24T15:58:23.633+0000] {processor.py:208} INFO - Processing /opt/airflow/dags/test_dags.py took 0.406 seconds
[2025-02-24T15:58:53.947+0000] {processor.py:186} INFO - Started process (PID=1506) to work on /opt/airflow/dags/test_dags.py
[2025-02-24T15:58:53.948+0000] {processor.py:914} INFO - Processing file /opt/airflow/dags/test_dags.py for tasks to queue
[2025-02-24T15:58:53.950+0000] {logging_mixin.py:190} INFO - [2025-02-24T15:58:53.950+0000] {dagbag.py:588} INFO - Filling up the DagBag from /opt/airflow/dags/test_dags.py
[2025-02-24T15:58:54.329+0000] {logging_mixin.py:190} INFO - [2025-02-24T15:58:54.326+0000] {dagbag.py:387} ERROR - Failed to import: /opt/airflow/dags/test_dags.py
Traceback (most recent call last):
  File "/home/airflow/.local/lib/python3.12/site-packages/airflow/models/dagbag.py", line 383, in parse
    loader.exec_module(new_module)
  File "<frozen importlib._bootstrap_external>", line 999, in exec_module
  File "<frozen importlib._bootstrap>", line 488, in _call_with_frames_removed
  File "/opt/airflow/dags/test_dags.py", line 11, in <module>
    from selenium import webdriver
ModuleNotFoundError: No module named 'selenium'
[2025-02-24T15:58:54.331+0000] {processor.py:927} WARNING - No viable dags retrieved from /opt/airflow/dags/test_dags.py
[2025-02-24T15:58:54.355+0000] {processor.py:208} INFO - Processing /opt/airflow/dags/test_dags.py took 0.415 seconds
[2025-02-24T15:59:24.525+0000] {processor.py:186} INFO - Started process (PID=1528) to work on /opt/airflow/dags/test_dags.py
[2025-02-24T15:59:24.526+0000] {processor.py:914} INFO - Processing file /opt/airflow/dags/test_dags.py for tasks to queue
[2025-02-24T15:59:24.529+0000] {logging_mixin.py:190} INFO - [2025-02-24T15:59:24.528+0000] {dagbag.py:588} INFO - Filling up the DagBag from /opt/airflow/dags/test_dags.py
[2025-02-24T15:59:24.953+0000] {logging_mixin.py:190} INFO - [2025-02-24T15:59:24.945+0000] {dagbag.py:387} ERROR - Failed to import: /opt/airflow/dags/test_dags.py
Traceback (most recent call last):
  File "/home/airflow/.local/lib/python3.12/site-packages/airflow/models/dagbag.py", line 383, in parse
    loader.exec_module(new_module)
  File "<frozen importlib._bootstrap_external>", line 999, in exec_module
  File "<frozen importlib._bootstrap>", line 488, in _call_with_frames_removed
  File "/opt/airflow/dags/test_dags.py", line 11, in <module>
    from selenium import webdriver
ModuleNotFoundError: No module named 'selenium'
[2025-02-24T15:59:24.956+0000] {processor.py:927} WARNING - No viable dags retrieved from /opt/airflow/dags/test_dags.py
[2025-02-24T15:59:24.980+0000] {processor.py:208} INFO - Processing /opt/airflow/dags/test_dags.py took 0.462 seconds
[2025-02-24T15:59:55.388+0000] {processor.py:186} INFO - Started process (PID=1550) to work on /opt/airflow/dags/test_dags.py
[2025-02-24T15:59:55.390+0000] {processor.py:914} INFO - Processing file /opt/airflow/dags/test_dags.py for tasks to queue
[2025-02-24T15:59:55.393+0000] {logging_mixin.py:190} INFO - [2025-02-24T15:59:55.392+0000] {dagbag.py:588} INFO - Filling up the DagBag from /opt/airflow/dags/test_dags.py
[2025-02-24T15:59:55.831+0000] {logging_mixin.py:190} INFO - [2025-02-24T15:59:55.823+0000] {dagbag.py:387} ERROR - Failed to import: /opt/airflow/dags/test_dags.py
Traceback (most recent call last):
  File "/home/airflow/.local/lib/python3.12/site-packages/airflow/models/dagbag.py", line 383, in parse
    loader.exec_module(new_module)
  File "<frozen importlib._bootstrap_external>", line 999, in exec_module
  File "<frozen importlib._bootstrap>", line 488, in _call_with_frames_removed
  File "/opt/airflow/dags/test_dags.py", line 11, in <module>
    from selenium import webdriver
ModuleNotFoundError: No module named 'selenium'
[2025-02-24T15:59:55.833+0000] {processor.py:927} WARNING - No viable dags retrieved from /opt/airflow/dags/test_dags.py
[2025-02-24T15:59:55.858+0000] {processor.py:208} INFO - Processing /opt/airflow/dags/test_dags.py took 0.479 seconds
[2025-02-24T16:00:26.170+0000] {processor.py:186} INFO - Started process (PID=1574) to work on /opt/airflow/dags/test_dags.py
[2025-02-24T16:00:26.171+0000] {processor.py:914} INFO - Processing file /opt/airflow/dags/test_dags.py for tasks to queue
[2025-02-24T16:00:26.173+0000] {logging_mixin.py:190} INFO - [2025-02-24T16:00:26.173+0000] {dagbag.py:588} INFO - Filling up the DagBag from /opt/airflow/dags/test_dags.py
[2025-02-24T16:00:26.593+0000] {logging_mixin.py:190} INFO - [2025-02-24T16:00:26.581+0000] {dagbag.py:387} ERROR - Failed to import: /opt/airflow/dags/test_dags.py
Traceback (most recent call last):
  File "/home/airflow/.local/lib/python3.12/site-packages/airflow/models/dagbag.py", line 383, in parse
    loader.exec_module(new_module)
  File "<frozen importlib._bootstrap_external>", line 999, in exec_module
  File "<frozen importlib._bootstrap>", line 488, in _call_with_frames_removed
  File "/opt/airflow/dags/test_dags.py", line 11, in <module>
    from selenium import webdriver
ModuleNotFoundError: No module named 'selenium'
[2025-02-24T16:00:26.597+0000] {processor.py:927} WARNING - No viable dags retrieved from /opt/airflow/dags/test_dags.py
[2025-02-24T16:00:26.613+0000] {processor.py:208} INFO - Processing /opt/airflow/dags/test_dags.py took 0.448 seconds
[2025-02-24T16:00:56.822+0000] {processor.py:186} INFO - Started process (PID=1596) to work on /opt/airflow/dags/test_dags.py
[2025-02-24T16:00:56.825+0000] {processor.py:914} INFO - Processing file /opt/airflow/dags/test_dags.py for tasks to queue
[2025-02-24T16:00:56.828+0000] {logging_mixin.py:190} INFO - [2025-02-24T16:00:56.827+0000] {dagbag.py:588} INFO - Filling up the DagBag from /opt/airflow/dags/test_dags.py
[2025-02-24T16:00:57.312+0000] {logging_mixin.py:190} INFO - [2025-02-24T16:00:57.305+0000] {dagbag.py:387} ERROR - Failed to import: /opt/airflow/dags/test_dags.py
Traceback (most recent call last):
  File "/home/airflow/.local/lib/python3.12/site-packages/airflow/models/dagbag.py", line 383, in parse
    loader.exec_module(new_module)
  File "<frozen importlib._bootstrap_external>", line 999, in exec_module
  File "<frozen importlib._bootstrap>", line 488, in _call_with_frames_removed
  File "/opt/airflow/dags/test_dags.py", line 11, in <module>
    from selenium import webdriver
ModuleNotFoundError: No module named 'selenium'
[2025-02-24T16:00:57.314+0000] {processor.py:927} WARNING - No viable dags retrieved from /opt/airflow/dags/test_dags.py
[2025-02-24T16:00:57.331+0000] {processor.py:208} INFO - Processing /opt/airflow/dags/test_dags.py took 0.514 seconds
[2025-02-24T16:01:27.485+0000] {processor.py:186} INFO - Started process (PID=1618) to work on /opt/airflow/dags/test_dags.py
[2025-02-24T16:01:27.486+0000] {processor.py:914} INFO - Processing file /opt/airflow/dags/test_dags.py for tasks to queue
[2025-02-24T16:01:27.488+0000] {logging_mixin.py:190} INFO - [2025-02-24T16:01:27.488+0000] {dagbag.py:588} INFO - Filling up the DagBag from /opt/airflow/dags/test_dags.py
[2025-02-24T16:01:27.901+0000] {logging_mixin.py:190} INFO - [2025-02-24T16:01:27.887+0000] {dagbag.py:387} ERROR - Failed to import: /opt/airflow/dags/test_dags.py
Traceback (most recent call last):
  File "/home/airflow/.local/lib/python3.12/site-packages/airflow/models/dagbag.py", line 383, in parse
    loader.exec_module(new_module)
  File "<frozen importlib._bootstrap_external>", line 999, in exec_module
  File "<frozen importlib._bootstrap>", line 488, in _call_with_frames_removed
  File "/opt/airflow/dags/test_dags.py", line 11, in <module>
    from selenium import webdriver
ModuleNotFoundError: No module named 'selenium'
[2025-02-24T16:01:27.905+0000] {processor.py:927} WARNING - No viable dags retrieved from /opt/airflow/dags/test_dags.py
[2025-02-24T16:01:27.927+0000] {processor.py:208} INFO - Processing /opt/airflow/dags/test_dags.py took 0.447 seconds
[2025-02-24T16:01:58.199+0000] {processor.py:186} INFO - Started process (PID=1640) to work on /opt/airflow/dags/test_dags.py
[2025-02-24T16:01:58.201+0000] {processor.py:914} INFO - Processing file /opt/airflow/dags/test_dags.py for tasks to queue
[2025-02-24T16:01:58.203+0000] {logging_mixin.py:190} INFO - [2025-02-24T16:01:58.203+0000] {dagbag.py:588} INFO - Filling up the DagBag from /opt/airflow/dags/test_dags.py
[2025-02-24T16:01:58.619+0000] {logging_mixin.py:190} INFO - [2025-02-24T16:01:58.615+0000] {dagbag.py:387} ERROR - Failed to import: /opt/airflow/dags/test_dags.py
Traceback (most recent call last):
  File "/home/airflow/.local/lib/python3.12/site-packages/airflow/models/dagbag.py", line 383, in parse
    loader.exec_module(new_module)
  File "<frozen importlib._bootstrap_external>", line 999, in exec_module
  File "<frozen importlib._bootstrap>", line 488, in _call_with_frames_removed
  File "/opt/airflow/dags/test_dags.py", line 11, in <module>
    from selenium import webdriver
ModuleNotFoundError: No module named 'selenium'
[2025-02-24T16:01:58.621+0000] {processor.py:927} WARNING - No viable dags retrieved from /opt/airflow/dags/test_dags.py
[2025-02-24T16:01:58.633+0000] {processor.py:208} INFO - Processing /opt/airflow/dags/test_dags.py took 0.442 seconds
[2025-02-24T16:02:29.406+0000] {processor.py:186} INFO - Started process (PID=1662) to work on /opt/airflow/dags/test_dags.py
[2025-02-24T16:02:29.408+0000] {processor.py:914} INFO - Processing file /opt/airflow/dags/test_dags.py for tasks to queue
[2025-02-24T16:02:29.410+0000] {logging_mixin.py:190} INFO - [2025-02-24T16:02:29.410+0000] {dagbag.py:588} INFO - Filling up the DagBag from /opt/airflow/dags/test_dags.py
[2025-02-24T16:02:29.841+0000] {logging_mixin.py:190} INFO - [2025-02-24T16:02:29.832+0000] {dagbag.py:387} ERROR - Failed to import: /opt/airflow/dags/test_dags.py
Traceback (most recent call last):
  File "/home/airflow/.local/lib/python3.12/site-packages/airflow/models/dagbag.py", line 383, in parse
    loader.exec_module(new_module)
  File "<frozen importlib._bootstrap_external>", line 999, in exec_module
  File "<frozen importlib._bootstrap>", line 488, in _call_with_frames_removed
  File "/opt/airflow/dags/test_dags.py", line 11, in <module>
    from selenium import webdriver
ModuleNotFoundError: No module named 'selenium'
[2025-02-24T16:02:29.843+0000] {processor.py:927} WARNING - No viable dags retrieved from /opt/airflow/dags/test_dags.py
[2025-02-24T16:02:29.867+0000] {processor.py:208} INFO - Processing /opt/airflow/dags/test_dags.py took 0.469 seconds
[2025-02-24T16:03:00.375+0000] {processor.py:186} INFO - Started process (PID=1684) to work on /opt/airflow/dags/test_dags.py
[2025-02-24T16:03:00.377+0000] {processor.py:914} INFO - Processing file /opt/airflow/dags/test_dags.py for tasks to queue
[2025-02-24T16:03:00.379+0000] {logging_mixin.py:190} INFO - [2025-02-24T16:03:00.379+0000] {dagbag.py:588} INFO - Filling up the DagBag from /opt/airflow/dags/test_dags.py
[2025-02-24T16:03:00.798+0000] {logging_mixin.py:190} INFO - [2025-02-24T16:03:00.791+0000] {dagbag.py:387} ERROR - Failed to import: /opt/airflow/dags/test_dags.py
Traceback (most recent call last):
  File "/home/airflow/.local/lib/python3.12/site-packages/airflow/models/dagbag.py", line 383, in parse
    loader.exec_module(new_module)
  File "<frozen importlib._bootstrap_external>", line 999, in exec_module
  File "<frozen importlib._bootstrap>", line 488, in _call_with_frames_removed
  File "/opt/airflow/dags/test_dags.py", line 11, in <module>
    from selenium import webdriver
ModuleNotFoundError: No module named 'selenium'
[2025-02-24T16:03:00.801+0000] {processor.py:927} WARNING - No viable dags retrieved from /opt/airflow/dags/test_dags.py
[2025-02-24T16:03:00.814+0000] {processor.py:208} INFO - Processing /opt/airflow/dags/test_dags.py took 0.444 seconds
[2025-02-24T16:03:31.417+0000] {processor.py:186} INFO - Started process (PID=1706) to work on /opt/airflow/dags/test_dags.py
[2025-02-24T16:03:31.418+0000] {processor.py:914} INFO - Processing file /opt/airflow/dags/test_dags.py for tasks to queue
[2025-02-24T16:03:31.420+0000] {logging_mixin.py:190} INFO - [2025-02-24T16:03:31.420+0000] {dagbag.py:588} INFO - Filling up the DagBag from /opt/airflow/dags/test_dags.py
[2025-02-24T16:03:31.826+0000] {logging_mixin.py:190} INFO - [2025-02-24T16:03:31.822+0000] {dagbag.py:387} ERROR - Failed to import: /opt/airflow/dags/test_dags.py
Traceback (most recent call last):
  File "/home/airflow/.local/lib/python3.12/site-packages/airflow/models/dagbag.py", line 383, in parse
    loader.exec_module(new_module)
  File "<frozen importlib._bootstrap_external>", line 999, in exec_module
  File "<frozen importlib._bootstrap>", line 488, in _call_with_frames_removed
  File "/opt/airflow/dags/test_dags.py", line 11, in <module>
    from selenium import webdriver
ModuleNotFoundError: No module named 'selenium'
[2025-02-24T16:03:31.827+0000] {processor.py:927} WARNING - No viable dags retrieved from /opt/airflow/dags/test_dags.py
[2025-02-24T16:03:31.839+0000] {processor.py:208} INFO - Processing /opt/airflow/dags/test_dags.py took 0.429 seconds
[2025-02-24T16:04:02.147+0000] {processor.py:186} INFO - Started process (PID=1728) to work on /opt/airflow/dags/test_dags.py
[2025-02-24T16:04:02.149+0000] {processor.py:914} INFO - Processing file /opt/airflow/dags/test_dags.py for tasks to queue
[2025-02-24T16:04:02.151+0000] {logging_mixin.py:190} INFO - [2025-02-24T16:04:02.151+0000] {dagbag.py:588} INFO - Filling up the DagBag from /opt/airflow/dags/test_dags.py
[2025-02-24T16:04:02.599+0000] {logging_mixin.py:190} INFO - [2025-02-24T16:04:02.590+0000] {dagbag.py:387} ERROR - Failed to import: /opt/airflow/dags/test_dags.py
Traceback (most recent call last):
  File "/home/airflow/.local/lib/python3.12/site-packages/airflow/models/dagbag.py", line 383, in parse
    loader.exec_module(new_module)
  File "<frozen importlib._bootstrap_external>", line 999, in exec_module
  File "<frozen importlib._bootstrap>", line 488, in _call_with_frames_removed
  File "/opt/airflow/dags/test_dags.py", line 11, in <module>
    from selenium import webdriver
ModuleNotFoundError: No module named 'selenium'
[2025-02-24T16:04:02.601+0000] {processor.py:927} WARNING - No viable dags retrieved from /opt/airflow/dags/test_dags.py
[2025-02-24T16:04:02.628+0000] {processor.py:208} INFO - Processing /opt/airflow/dags/test_dags.py took 0.485 seconds
[2025-02-24T16:04:32.703+0000] {processor.py:186} INFO - Started process (PID=1750) to work on /opt/airflow/dags/test_dags.py
[2025-02-24T16:04:32.704+0000] {processor.py:914} INFO - Processing file /opt/airflow/dags/test_dags.py for tasks to queue
[2025-02-24T16:04:32.707+0000] {logging_mixin.py:190} INFO - [2025-02-24T16:04:32.706+0000] {dagbag.py:588} INFO - Filling up the DagBag from /opt/airflow/dags/test_dags.py
[2025-02-24T16:04:33.128+0000] {logging_mixin.py:190} INFO - [2025-02-24T16:04:33.115+0000] {dagbag.py:387} ERROR - Failed to import: /opt/airflow/dags/test_dags.py
Traceback (most recent call last):
  File "/home/airflow/.local/lib/python3.12/site-packages/airflow/models/dagbag.py", line 383, in parse
    loader.exec_module(new_module)
  File "<frozen importlib._bootstrap_external>", line 999, in exec_module
  File "<frozen importlib._bootstrap>", line 488, in _call_with_frames_removed
  File "/opt/airflow/dags/test_dags.py", line 11, in <module>
    from selenium import webdriver
ModuleNotFoundError: No module named 'selenium'
[2025-02-24T16:04:33.132+0000] {processor.py:927} WARNING - No viable dags retrieved from /opt/airflow/dags/test_dags.py
[2025-02-24T16:04:33.158+0000] {processor.py:208} INFO - Processing /opt/airflow/dags/test_dags.py took 0.461 seconds
[2025-02-24T16:05:03.297+0000] {processor.py:186} INFO - Started process (PID=1772) to work on /opt/airflow/dags/test_dags.py
[2025-02-24T16:05:03.298+0000] {processor.py:914} INFO - Processing file /opt/airflow/dags/test_dags.py for tasks to queue
[2025-02-24T16:05:03.300+0000] {logging_mixin.py:190} INFO - [2025-02-24T16:05:03.300+0000] {dagbag.py:588} INFO - Filling up the DagBag from /opt/airflow/dags/test_dags.py
[2025-02-24T16:05:03.751+0000] {logging_mixin.py:190} INFO - [2025-02-24T16:05:03.746+0000] {dagbag.py:387} ERROR - Failed to import: /opt/airflow/dags/test_dags.py
Traceback (most recent call last):
  File "/home/airflow/.local/lib/python3.12/site-packages/airflow/models/dagbag.py", line 383, in parse
    loader.exec_module(new_module)
  File "<frozen importlib._bootstrap_external>", line 999, in exec_module
  File "<frozen importlib._bootstrap>", line 488, in _call_with_frames_removed
  File "/opt/airflow/dags/test_dags.py", line 11, in <module>
    from selenium import webdriver
ModuleNotFoundError: No module named 'selenium'
[2025-02-24T16:05:03.753+0000] {processor.py:927} WARNING - No viable dags retrieved from /opt/airflow/dags/test_dags.py
[2025-02-24T16:05:03.777+0000] {processor.py:208} INFO - Processing /opt/airflow/dags/test_dags.py took 0.485 seconds
[2025-02-24T16:05:34.023+0000] {processor.py:186} INFO - Started process (PID=1799) to work on /opt/airflow/dags/test_dags.py
[2025-02-24T16:05:34.024+0000] {processor.py:914} INFO - Processing file /opt/airflow/dags/test_dags.py for tasks to queue
[2025-02-24T16:05:34.027+0000] {logging_mixin.py:190} INFO - [2025-02-24T16:05:34.027+0000] {dagbag.py:588} INFO - Filling up the DagBag from /opt/airflow/dags/test_dags.py
[2025-02-24T16:05:34.458+0000] {logging_mixin.py:190} INFO - [2025-02-24T16:05:34.453+0000] {dagbag.py:387} ERROR - Failed to import: /opt/airflow/dags/test_dags.py
Traceback (most recent call last):
  File "/home/airflow/.local/lib/python3.12/site-packages/airflow/models/dagbag.py", line 383, in parse
    loader.exec_module(new_module)
  File "<frozen importlib._bootstrap_external>", line 999, in exec_module
  File "<frozen importlib._bootstrap>", line 488, in _call_with_frames_removed
  File "/opt/airflow/dags/test_dags.py", line 11, in <module>
    from selenium import webdriver
ModuleNotFoundError: No module named 'selenium'
[2025-02-24T16:05:34.460+0000] {processor.py:927} WARNING - No viable dags retrieved from /opt/airflow/dags/test_dags.py
[2025-02-24T16:05:34.475+0000] {processor.py:208} INFO - Processing /opt/airflow/dags/test_dags.py took 0.458 seconds
[2025-02-24T16:06:05.219+0000] {processor.py:186} INFO - Started process (PID=1826) to work on /opt/airflow/dags/test_dags.py
[2025-02-24T16:06:05.221+0000] {processor.py:914} INFO - Processing file /opt/airflow/dags/test_dags.py for tasks to queue
[2025-02-24T16:06:05.224+0000] {logging_mixin.py:190} INFO - [2025-02-24T16:06:05.223+0000] {dagbag.py:588} INFO - Filling up the DagBag from /opt/airflow/dags/test_dags.py
[2025-02-24T16:06:05.636+0000] {logging_mixin.py:190} INFO - [2025-02-24T16:06:05.629+0000] {dagbag.py:387} ERROR - Failed to import: /opt/airflow/dags/test_dags.py
Traceback (most recent call last):
  File "/home/airflow/.local/lib/python3.12/site-packages/airflow/models/dagbag.py", line 383, in parse
    loader.exec_module(new_module)
  File "<frozen importlib._bootstrap_external>", line 999, in exec_module
  File "<frozen importlib._bootstrap>", line 488, in _call_with_frames_removed
  File "/opt/airflow/dags/test_dags.py", line 11, in <module>
    from selenium import webdriver
ModuleNotFoundError: No module named 'selenium'
[2025-02-24T16:06:05.638+0000] {processor.py:927} WARNING - No viable dags retrieved from /opt/airflow/dags/test_dags.py
[2025-02-24T16:06:05.652+0000] {processor.py:208} INFO - Processing /opt/airflow/dags/test_dags.py took 0.442 seconds
[2025-02-24T16:06:36.458+0000] {processor.py:186} INFO - Started process (PID=1858) to work on /opt/airflow/dags/test_dags.py
[2025-02-24T16:06:36.460+0000] {processor.py:914} INFO - Processing file /opt/airflow/dags/test_dags.py for tasks to queue
[2025-02-24T16:06:36.463+0000] {logging_mixin.py:190} INFO - [2025-02-24T16:06:36.463+0000] {dagbag.py:588} INFO - Filling up the DagBag from /opt/airflow/dags/test_dags.py
[2025-02-24T16:06:36.909+0000] {logging_mixin.py:190} INFO - [2025-02-24T16:06:36.899+0000] {dagbag.py:387} ERROR - Failed to import: /opt/airflow/dags/test_dags.py
Traceback (most recent call last):
  File "/home/airflow/.local/lib/python3.12/site-packages/airflow/models/dagbag.py", line 383, in parse
    loader.exec_module(new_module)
  File "<frozen importlib._bootstrap_external>", line 999, in exec_module
  File "<frozen importlib._bootstrap>", line 488, in _call_with_frames_removed
  File "/opt/airflow/dags/test_dags.py", line 11, in <module>
    from selenium import webdriver
ModuleNotFoundError: No module named 'selenium'
[2025-02-24T16:06:36.913+0000] {processor.py:927} WARNING - No viable dags retrieved from /opt/airflow/dags/test_dags.py
[2025-02-24T16:06:36.941+0000] {processor.py:208} INFO - Processing /opt/airflow/dags/test_dags.py took 0.490 seconds
[2025-02-24T16:07:07.634+0000] {processor.py:186} INFO - Started process (PID=1891) to work on /opt/airflow/dags/test_dags.py
[2025-02-24T16:07:07.635+0000] {processor.py:914} INFO - Processing file /opt/airflow/dags/test_dags.py for tasks to queue
[2025-02-24T16:07:07.638+0000] {logging_mixin.py:190} INFO - [2025-02-24T16:07:07.637+0000] {dagbag.py:588} INFO - Filling up the DagBag from /opt/airflow/dags/test_dags.py
[2025-02-24T16:07:08.063+0000] {logging_mixin.py:190} INFO - [2025-02-24T16:07:08.054+0000] {dagbag.py:387} ERROR - Failed to import: /opt/airflow/dags/test_dags.py
Traceback (most recent call last):
  File "/home/airflow/.local/lib/python3.12/site-packages/airflow/models/dagbag.py", line 383, in parse
    loader.exec_module(new_module)
  File "<frozen importlib._bootstrap_external>", line 999, in exec_module
  File "<frozen importlib._bootstrap>", line 488, in _call_with_frames_removed
  File "/opt/airflow/dags/test_dags.py", line 11, in <module>
    from selenium import webdriver
ModuleNotFoundError: No module named 'selenium'
[2025-02-24T16:07:08.066+0000] {processor.py:927} WARNING - No viable dags retrieved from /opt/airflow/dags/test_dags.py
[2025-02-24T16:07:08.091+0000] {processor.py:208} INFO - Processing /opt/airflow/dags/test_dags.py took 0.462 seconds
[2025-02-24T16:07:38.815+0000] {processor.py:186} INFO - Started process (PID=1918) to work on /opt/airflow/dags/test_dags.py
[2025-02-24T16:07:38.816+0000] {processor.py:914} INFO - Processing file /opt/airflow/dags/test_dags.py for tasks to queue
[2025-02-24T16:07:38.819+0000] {logging_mixin.py:190} INFO - [2025-02-24T16:07:38.819+0000] {dagbag.py:588} INFO - Filling up the DagBag from /opt/airflow/dags/test_dags.py
[2025-02-24T16:07:39.220+0000] {logging_mixin.py:190} INFO - [2025-02-24T16:07:39.216+0000] {dagbag.py:387} ERROR - Failed to import: /opt/airflow/dags/test_dags.py
Traceback (most recent call last):
  File "/home/airflow/.local/lib/python3.12/site-packages/airflow/models/dagbag.py", line 383, in parse
    loader.exec_module(new_module)
  File "<frozen importlib._bootstrap_external>", line 999, in exec_module
  File "<frozen importlib._bootstrap>", line 488, in _call_with_frames_removed
  File "/opt/airflow/dags/test_dags.py", line 11, in <module>
    from selenium import webdriver
ModuleNotFoundError: No module named 'selenium'
[2025-02-24T16:07:39.222+0000] {processor.py:927} WARNING - No viable dags retrieved from /opt/airflow/dags/test_dags.py
[2025-02-24T16:07:39.245+0000] {processor.py:208} INFO - Processing /opt/airflow/dags/test_dags.py took 0.436 seconds
[2025-02-24T16:08:09.634+0000] {processor.py:186} INFO - Started process (PID=1945) to work on /opt/airflow/dags/test_dags.py
[2025-02-24T16:08:09.636+0000] {processor.py:914} INFO - Processing file /opt/airflow/dags/test_dags.py for tasks to queue
[2025-02-24T16:08:09.638+0000] {logging_mixin.py:190} INFO - [2025-02-24T16:08:09.638+0000] {dagbag.py:588} INFO - Filling up the DagBag from /opt/airflow/dags/test_dags.py
[2025-02-24T16:08:10.039+0000] {logging_mixin.py:190} INFO - [2025-02-24T16:08:10.034+0000] {dagbag.py:387} ERROR - Failed to import: /opt/airflow/dags/test_dags.py
Traceback (most recent call last):
  File "/home/airflow/.local/lib/python3.12/site-packages/airflow/models/dagbag.py", line 383, in parse
    loader.exec_module(new_module)
  File "<frozen importlib._bootstrap_external>", line 999, in exec_module
  File "<frozen importlib._bootstrap>", line 488, in _call_with_frames_removed
  File "/opt/airflow/dags/test_dags.py", line 11, in <module>
    from selenium import webdriver
ModuleNotFoundError: No module named 'selenium'
[2025-02-24T16:08:10.040+0000] {processor.py:927} WARNING - No viable dags retrieved from /opt/airflow/dags/test_dags.py
[2025-02-24T16:08:10.063+0000] {processor.py:208} INFO - Processing /opt/airflow/dags/test_dags.py took 0.434 seconds
[2025-02-24T16:08:40.483+0000] {processor.py:186} INFO - Started process (PID=1972) to work on /opt/airflow/dags/test_dags.py
[2025-02-24T16:08:40.484+0000] {processor.py:914} INFO - Processing file /opt/airflow/dags/test_dags.py for tasks to queue
[2025-02-24T16:08:40.486+0000] {logging_mixin.py:190} INFO - [2025-02-24T16:08:40.486+0000] {dagbag.py:588} INFO - Filling up the DagBag from /opt/airflow/dags/test_dags.py
[2025-02-24T16:08:40.925+0000] {logging_mixin.py:190} INFO - [2025-02-24T16:08:40.912+0000] {dagbag.py:387} ERROR - Failed to import: /opt/airflow/dags/test_dags.py
Traceback (most recent call last):
  File "/home/airflow/.local/lib/python3.12/site-packages/airflow/models/dagbag.py", line 383, in parse
    loader.exec_module(new_module)
  File "<frozen importlib._bootstrap_external>", line 999, in exec_module
  File "<frozen importlib._bootstrap>", line 488, in _call_with_frames_removed
  File "/opt/airflow/dags/test_dags.py", line 11, in <module>
    from selenium import webdriver
ModuleNotFoundError: No module named 'selenium'
[2025-02-24T16:08:40.929+0000] {processor.py:927} WARNING - No viable dags retrieved from /opt/airflow/dags/test_dags.py
[2025-02-24T16:08:40.953+0000] {processor.py:208} INFO - Processing /opt/airflow/dags/test_dags.py took 0.476 seconds
[2025-02-24T16:09:11.799+0000] {processor.py:186} INFO - Started process (PID=2005) to work on /opt/airflow/dags/test_dags.py
[2025-02-24T16:09:11.800+0000] {processor.py:914} INFO - Processing file /opt/airflow/dags/test_dags.py for tasks to queue
[2025-02-24T16:09:11.802+0000] {logging_mixin.py:190} INFO - [2025-02-24T16:09:11.802+0000] {dagbag.py:588} INFO - Filling up the DagBag from /opt/airflow/dags/test_dags.py
[2025-02-24T16:09:12.213+0000] {logging_mixin.py:190} INFO - [2025-02-24T16:09:12.208+0000] {dagbag.py:387} ERROR - Failed to import: /opt/airflow/dags/test_dags.py
Traceback (most recent call last):
  File "/home/airflow/.local/lib/python3.12/site-packages/airflow/models/dagbag.py", line 383, in parse
    loader.exec_module(new_module)
  File "<frozen importlib._bootstrap_external>", line 999, in exec_module
  File "<frozen importlib._bootstrap>", line 488, in _call_with_frames_removed
  File "/opt/airflow/dags/test_dags.py", line 11, in <module>
    from selenium import webdriver
ModuleNotFoundError: No module named 'selenium'
[2025-02-24T16:09:12.215+0000] {processor.py:927} WARNING - No viable dags retrieved from /opt/airflow/dags/test_dags.py
[2025-02-24T16:09:12.239+0000] {processor.py:208} INFO - Processing /opt/airflow/dags/test_dags.py took 0.445 seconds
[2025-02-24T16:09:43.038+0000] {processor.py:186} INFO - Started process (PID=2032) to work on /opt/airflow/dags/test_dags.py
[2025-02-24T16:09:43.039+0000] {processor.py:914} INFO - Processing file /opt/airflow/dags/test_dags.py for tasks to queue
[2025-02-24T16:09:43.042+0000] {logging_mixin.py:190} INFO - [2025-02-24T16:09:43.041+0000] {dagbag.py:588} INFO - Filling up the DagBag from /opt/airflow/dags/test_dags.py
[2025-02-24T16:09:43.620+0000] {logging_mixin.py:190} INFO - [2025-02-24T16:09:43.614+0000] {dagbag.py:387} ERROR - Failed to import: /opt/airflow/dags/test_dags.py
Traceback (most recent call last):
  File "/home/airflow/.local/lib/python3.12/site-packages/airflow/models/dagbag.py", line 383, in parse
    loader.exec_module(new_module)
  File "<frozen importlib._bootstrap_external>", line 999, in exec_module
  File "<frozen importlib._bootstrap>", line 488, in _call_with_frames_removed
  File "/opt/airflow/dags/test_dags.py", line 11, in <module>
    from selenium import webdriver
ModuleNotFoundError: No module named 'selenium'
[2025-02-24T16:09:43.622+0000] {processor.py:927} WARNING - No viable dags retrieved from /opt/airflow/dags/test_dags.py
[2025-02-24T16:09:43.645+0000] {processor.py:208} INFO - Processing /opt/airflow/dags/test_dags.py took 0.612 seconds
[2025-02-24T16:10:14.642+0000] {processor.py:186} INFO - Started process (PID=2059) to work on /opt/airflow/dags/test_dags.py
[2025-02-24T16:10:14.644+0000] {processor.py:914} INFO - Processing file /opt/airflow/dags/test_dags.py for tasks to queue
[2025-02-24T16:10:14.647+0000] {logging_mixin.py:190} INFO - [2025-02-24T16:10:14.647+0000] {dagbag.py:588} INFO - Filling up the DagBag from /opt/airflow/dags/test_dags.py
[2025-02-24T16:10:15.073+0000] {logging_mixin.py:190} INFO - [2025-02-24T16:10:15.068+0000] {dagbag.py:387} ERROR - Failed to import: /opt/airflow/dags/test_dags.py
Traceback (most recent call last):
  File "/home/airflow/.local/lib/python3.12/site-packages/airflow/models/dagbag.py", line 383, in parse
    loader.exec_module(new_module)
  File "<frozen importlib._bootstrap_external>", line 999, in exec_module
  File "<frozen importlib._bootstrap>", line 488, in _call_with_frames_removed
  File "/opt/airflow/dags/test_dags.py", line 11, in <module>
    from selenium import webdriver
ModuleNotFoundError: No module named 'selenium'
[2025-02-24T16:10:15.075+0000] {processor.py:927} WARNING - No viable dags retrieved from /opt/airflow/dags/test_dags.py
[2025-02-24T16:10:15.097+0000] {processor.py:208} INFO - Processing /opt/airflow/dags/test_dags.py took 0.462 seconds
[2025-02-24T16:10:45.818+0000] {processor.py:186} INFO - Started process (PID=2086) to work on /opt/airflow/dags/test_dags.py
[2025-02-24T16:10:45.819+0000] {processor.py:914} INFO - Processing file /opt/airflow/dags/test_dags.py for tasks to queue
[2025-02-24T16:10:45.821+0000] {logging_mixin.py:190} INFO - [2025-02-24T16:10:45.821+0000] {dagbag.py:588} INFO - Filling up the DagBag from /opt/airflow/dags/test_dags.py
[2025-02-24T16:10:46.243+0000] {logging_mixin.py:190} INFO - [2025-02-24T16:10:46.237+0000] {dagbag.py:387} ERROR - Failed to import: /opt/airflow/dags/test_dags.py
Traceback (most recent call last):
  File "/home/airflow/.local/lib/python3.12/site-packages/airflow/models/dagbag.py", line 383, in parse
    loader.exec_module(new_module)
  File "<frozen importlib._bootstrap_external>", line 999, in exec_module
  File "<frozen importlib._bootstrap>", line 488, in _call_with_frames_removed
  File "/opt/airflow/dags/test_dags.py", line 11, in <module>
    from selenium import webdriver
ModuleNotFoundError: No module named 'selenium'
[2025-02-24T16:10:46.247+0000] {processor.py:927} WARNING - No viable dags retrieved from /opt/airflow/dags/test_dags.py
[2025-02-24T16:10:46.274+0000] {processor.py:208} INFO - Processing /opt/airflow/dags/test_dags.py took 0.461 seconds
[2025-02-24T16:11:16.587+0000] {processor.py:186} INFO - Started process (PID=2113) to work on /opt/airflow/dags/test_dags.py
[2025-02-24T16:11:16.588+0000] {processor.py:914} INFO - Processing file /opt/airflow/dags/test_dags.py for tasks to queue
[2025-02-24T16:11:16.591+0000] {logging_mixin.py:190} INFO - [2025-02-24T16:11:16.591+0000] {dagbag.py:588} INFO - Filling up the DagBag from /opt/airflow/dags/test_dags.py
[2025-02-24T16:11:17.076+0000] {logging_mixin.py:190} INFO - [2025-02-24T16:11:17.071+0000] {dagbag.py:387} ERROR - Failed to import: /opt/airflow/dags/test_dags.py
Traceback (most recent call last):
  File "/home/airflow/.local/lib/python3.12/site-packages/airflow/models/dagbag.py", line 383, in parse
    loader.exec_module(new_module)
  File "<frozen importlib._bootstrap_external>", line 999, in exec_module
  File "<frozen importlib._bootstrap>", line 488, in _call_with_frames_removed
  File "/opt/airflow/dags/test_dags.py", line 11, in <module>
    from selenium import webdriver
ModuleNotFoundError: No module named 'selenium'
[2025-02-24T16:11:17.078+0000] {processor.py:927} WARNING - No viable dags retrieved from /opt/airflow/dags/test_dags.py
[2025-02-24T16:11:17.103+0000] {processor.py:208} INFO - Processing /opt/airflow/dags/test_dags.py took 0.525 seconds
[2025-02-24T16:11:47.929+0000] {processor.py:186} INFO - Started process (PID=2140) to work on /opt/airflow/dags/test_dags.py
[2025-02-24T16:11:47.931+0000] {processor.py:914} INFO - Processing file /opt/airflow/dags/test_dags.py for tasks to queue
[2025-02-24T16:11:47.933+0000] {logging_mixin.py:190} INFO - [2025-02-24T16:11:47.933+0000] {dagbag.py:588} INFO - Filling up the DagBag from /opt/airflow/dags/test_dags.py
[2025-02-24T16:11:48.359+0000] {logging_mixin.py:190} INFO - [2025-02-24T16:11:48.348+0000] {dagbag.py:387} ERROR - Failed to import: /opt/airflow/dags/test_dags.py
Traceback (most recent call last):
  File "/home/airflow/.local/lib/python3.12/site-packages/airflow/models/dagbag.py", line 383, in parse
    loader.exec_module(new_module)
  File "<frozen importlib._bootstrap_external>", line 999, in exec_module
  File "<frozen importlib._bootstrap>", line 488, in _call_with_frames_removed
  File "/opt/airflow/dags/test_dags.py", line 11, in <module>
    from selenium import webdriver
ModuleNotFoundError: No module named 'selenium'
[2025-02-24T16:11:48.363+0000] {processor.py:927} WARNING - No viable dags retrieved from /opt/airflow/dags/test_dags.py
[2025-02-24T16:11:48.381+0000] {processor.py:208} INFO - Processing /opt/airflow/dags/test_dags.py took 0.461 seconds
[2025-02-24T16:12:19.151+0000] {processor.py:186} INFO - Started process (PID=2167) to work on /opt/airflow/dags/test_dags.py
[2025-02-24T16:12:19.153+0000] {processor.py:914} INFO - Processing file /opt/airflow/dags/test_dags.py for tasks to queue
[2025-02-24T16:12:19.156+0000] {logging_mixin.py:190} INFO - [2025-02-24T16:12:19.155+0000] {dagbag.py:588} INFO - Filling up the DagBag from /opt/airflow/dags/test_dags.py
[2025-02-24T16:12:19.580+0000] {logging_mixin.py:190} INFO - [2025-02-24T16:12:19.573+0000] {dagbag.py:387} ERROR - Failed to import: /opt/airflow/dags/test_dags.py
Traceback (most recent call last):
  File "/home/airflow/.local/lib/python3.12/site-packages/airflow/models/dagbag.py", line 383, in parse
    loader.exec_module(new_module)
  File "<frozen importlib._bootstrap_external>", line 999, in exec_module
  File "<frozen importlib._bootstrap>", line 488, in _call_with_frames_removed
  File "/opt/airflow/dags/test_dags.py", line 11, in <module>
    from selenium import webdriver
ModuleNotFoundError: No module named 'selenium'
[2025-02-24T16:12:19.583+0000] {processor.py:927} WARNING - No viable dags retrieved from /opt/airflow/dags/test_dags.py
[2025-02-24T16:12:19.606+0000] {processor.py:208} INFO - Processing /opt/airflow/dags/test_dags.py took 0.461 seconds
[2025-02-24T16:12:50.448+0000] {processor.py:186} INFO - Started process (PID=2194) to work on /opt/airflow/dags/test_dags.py
[2025-02-24T16:12:50.450+0000] {processor.py:914} INFO - Processing file /opt/airflow/dags/test_dags.py for tasks to queue
[2025-02-24T16:12:50.453+0000] {logging_mixin.py:190} INFO - [2025-02-24T16:12:50.453+0000] {dagbag.py:588} INFO - Filling up the DagBag from /opt/airflow/dags/test_dags.py
[2025-02-24T16:12:50.879+0000] {logging_mixin.py:190} INFO - [2025-02-24T16:12:50.873+0000] {dagbag.py:387} ERROR - Failed to import: /opt/airflow/dags/test_dags.py
Traceback (most recent call last):
  File "/home/airflow/.local/lib/python3.12/site-packages/airflow/models/dagbag.py", line 383, in parse
    loader.exec_module(new_module)
  File "<frozen importlib._bootstrap_external>", line 999, in exec_module
  File "<frozen importlib._bootstrap>", line 488, in _call_with_frames_removed
  File "/opt/airflow/dags/test_dags.py", line 11, in <module>
    from selenium import webdriver
ModuleNotFoundError: No module named 'selenium'
[2025-02-24T16:12:50.881+0000] {processor.py:927} WARNING - No viable dags retrieved from /opt/airflow/dags/test_dags.py
[2025-02-24T16:12:50.904+0000] {processor.py:208} INFO - Processing /opt/airflow/dags/test_dags.py took 0.462 seconds
[2025-02-24T16:13:21.671+0000] {processor.py:186} INFO - Started process (PID=2221) to work on /opt/airflow/dags/test_dags.py
[2025-02-24T16:13:21.672+0000] {processor.py:914} INFO - Processing file /opt/airflow/dags/test_dags.py for tasks to queue
[2025-02-24T16:13:21.674+0000] {logging_mixin.py:190} INFO - [2025-02-24T16:13:21.674+0000] {dagbag.py:588} INFO - Filling up the DagBag from /opt/airflow/dags/test_dags.py
[2025-02-24T16:13:22.119+0000] {logging_mixin.py:190} INFO - [2025-02-24T16:13:22.110+0000] {dagbag.py:387} ERROR - Failed to import: /opt/airflow/dags/test_dags.py
Traceback (most recent call last):
  File "/home/airflow/.local/lib/python3.12/site-packages/airflow/models/dagbag.py", line 383, in parse
    loader.exec_module(new_module)
  File "<frozen importlib._bootstrap_external>", line 999, in exec_module
  File "<frozen importlib._bootstrap>", line 488, in _call_with_frames_removed
  File "/opt/airflow/dags/test_dags.py", line 11, in <module>
    from selenium import webdriver
ModuleNotFoundError: No module named 'selenium'
[2025-02-24T16:13:22.123+0000] {processor.py:927} WARNING - No viable dags retrieved from /opt/airflow/dags/test_dags.py
[2025-02-24T16:13:22.149+0000] {processor.py:208} INFO - Processing /opt/airflow/dags/test_dags.py took 0.483 seconds
[2025-02-24T16:13:52.922+0000] {processor.py:186} INFO - Started process (PID=2251) to work on /opt/airflow/dags/test_dags.py
[2025-02-24T16:13:52.923+0000] {processor.py:914} INFO - Processing file /opt/airflow/dags/test_dags.py for tasks to queue
[2025-02-24T16:13:52.925+0000] {logging_mixin.py:190} INFO - [2025-02-24T16:13:52.924+0000] {dagbag.py:588} INFO - Filling up the DagBag from /opt/airflow/dags/test_dags.py
[2025-02-24T16:13:53.331+0000] {logging_mixin.py:190} INFO - [2025-02-24T16:13:53.321+0000] {dagbag.py:387} ERROR - Failed to import: /opt/airflow/dags/test_dags.py
Traceback (most recent call last):
  File "/home/airflow/.local/lib/python3.12/site-packages/airflow/models/dagbag.py", line 383, in parse
    loader.exec_module(new_module)
  File "<frozen importlib._bootstrap_external>", line 999, in exec_module
  File "<frozen importlib._bootstrap>", line 488, in _call_with_frames_removed
  File "/opt/airflow/dags/test_dags.py", line 11, in <module>
    from selenium import webdriver
ModuleNotFoundError: No module named 'selenium'
[2025-02-24T16:13:53.335+0000] {processor.py:927} WARNING - No viable dags retrieved from /opt/airflow/dags/test_dags.py
[2025-02-24T16:13:53.364+0000] {processor.py:208} INFO - Processing /opt/airflow/dags/test_dags.py took 0.448 seconds
[2025-02-24T16:14:23.736+0000] {processor.py:186} INFO - Started process (PID=2278) to work on /opt/airflow/dags/test_dags.py
[2025-02-24T16:14:23.737+0000] {processor.py:914} INFO - Processing file /opt/airflow/dags/test_dags.py for tasks to queue
[2025-02-24T16:14:23.739+0000] {logging_mixin.py:190} INFO - [2025-02-24T16:14:23.739+0000] {dagbag.py:588} INFO - Filling up the DagBag from /opt/airflow/dags/test_dags.py
[2025-02-24T16:14:24.143+0000] {logging_mixin.py:190} INFO - [2025-02-24T16:14:24.129+0000] {dagbag.py:387} ERROR - Failed to import: /opt/airflow/dags/test_dags.py
Traceback (most recent call last):
  File "/home/airflow/.local/lib/python3.12/site-packages/airflow/models/dagbag.py", line 383, in parse
    loader.exec_module(new_module)
  File "<frozen importlib._bootstrap_external>", line 999, in exec_module
  File "<frozen importlib._bootstrap>", line 488, in _call_with_frames_removed
  File "/opt/airflow/dags/test_dags.py", line 11, in <module>
    from selenium import webdriver
ModuleNotFoundError: No module named 'selenium'
[2025-02-24T16:14:24.148+0000] {processor.py:927} WARNING - No viable dags retrieved from /opt/airflow/dags/test_dags.py
[2025-02-24T16:14:24.178+0000] {processor.py:208} INFO - Processing /opt/airflow/dags/test_dags.py took 0.447 seconds
[2025-02-24T16:14:54.580+0000] {processor.py:186} INFO - Started process (PID=2305) to work on /opt/airflow/dags/test_dags.py
[2025-02-24T16:14:54.582+0000] {processor.py:914} INFO - Processing file /opt/airflow/dags/test_dags.py for tasks to queue
[2025-02-24T16:14:54.586+0000] {logging_mixin.py:190} INFO - [2025-02-24T16:14:54.585+0000] {dagbag.py:588} INFO - Filling up the DagBag from /opt/airflow/dags/test_dags.py
[2025-02-24T16:14:55.000+0000] {logging_mixin.py:190} INFO - [2025-02-24T16:14:54.992+0000] {dagbag.py:387} ERROR - Failed to import: /opt/airflow/dags/test_dags.py
Traceback (most recent call last):
  File "/home/airflow/.local/lib/python3.12/site-packages/airflow/models/dagbag.py", line 383, in parse
    loader.exec_module(new_module)
  File "<frozen importlib._bootstrap_external>", line 999, in exec_module
  File "<frozen importlib._bootstrap>", line 488, in _call_with_frames_removed
  File "/opt/airflow/dags/test_dags.py", line 11, in <module>
    from selenium import webdriver
ModuleNotFoundError: No module named 'selenium'
[2025-02-24T16:14:55.002+0000] {processor.py:927} WARNING - No viable dags retrieved from /opt/airflow/dags/test_dags.py
[2025-02-24T16:14:55.017+0000] {processor.py:208} INFO - Processing /opt/airflow/dags/test_dags.py took 0.446 seconds
[2025-02-24T16:15:25.433+0000] {processor.py:186} INFO - Started process (PID=2332) to work on /opt/airflow/dags/test_dags.py
[2025-02-24T16:15:25.435+0000] {processor.py:914} INFO - Processing file /opt/airflow/dags/test_dags.py for tasks to queue
[2025-02-24T16:15:25.437+0000] {logging_mixin.py:190} INFO - [2025-02-24T16:15:25.437+0000] {dagbag.py:588} INFO - Filling up the DagBag from /opt/airflow/dags/test_dags.py
[2025-02-24T16:15:25.833+0000] {logging_mixin.py:190} INFO - [2025-02-24T16:15:25.825+0000] {dagbag.py:387} ERROR - Failed to import: /opt/airflow/dags/test_dags.py
Traceback (most recent call last):
  File "/home/airflow/.local/lib/python3.12/site-packages/airflow/models/dagbag.py", line 383, in parse
    loader.exec_module(new_module)
  File "<frozen importlib._bootstrap_external>", line 999, in exec_module
  File "<frozen importlib._bootstrap>", line 488, in _call_with_frames_removed
  File "/opt/airflow/dags/test_dags.py", line 11, in <module>
    from selenium import webdriver
ModuleNotFoundError: No module named 'selenium'
[2025-02-24T16:15:25.836+0000] {processor.py:927} WARNING - No viable dags retrieved from /opt/airflow/dags/test_dags.py
[2025-02-24T16:15:25.861+0000] {processor.py:208} INFO - Processing /opt/airflow/dags/test_dags.py took 0.436 seconds
[2025-02-24T16:15:56.197+0000] {processor.py:186} INFO - Started process (PID=2360) to work on /opt/airflow/dags/test_dags.py
[2025-02-24T16:15:56.198+0000] {processor.py:914} INFO - Processing file /opt/airflow/dags/test_dags.py for tasks to queue
[2025-02-24T16:15:56.201+0000] {logging_mixin.py:190} INFO - [2025-02-24T16:15:56.201+0000] {dagbag.py:588} INFO - Filling up the DagBag from /opt/airflow/dags/test_dags.py
[2025-02-24T16:15:56.622+0000] {logging_mixin.py:190} INFO - [2025-02-24T16:15:56.613+0000] {dagbag.py:387} ERROR - Failed to import: /opt/airflow/dags/test_dags.py
Traceback (most recent call last):
  File "/home/airflow/.local/lib/python3.12/site-packages/airflow/models/dagbag.py", line 383, in parse
    loader.exec_module(new_module)
  File "<frozen importlib._bootstrap_external>", line 999, in exec_module
  File "<frozen importlib._bootstrap>", line 488, in _call_with_frames_removed
  File "/opt/airflow/dags/test_dags.py", line 11, in <module>
    from selenium import webdriver
ModuleNotFoundError: No module named 'selenium'
[2025-02-24T16:15:56.625+0000] {processor.py:927} WARNING - No viable dags retrieved from /opt/airflow/dags/test_dags.py
[2025-02-24T16:15:56.654+0000] {processor.py:208} INFO - Processing /opt/airflow/dags/test_dags.py took 0.464 seconds
[2025-02-24T16:16:27.003+0000] {processor.py:186} INFO - Started process (PID=2387) to work on /opt/airflow/dags/test_dags.py
[2025-02-24T16:16:27.005+0000] {processor.py:914} INFO - Processing file /opt/airflow/dags/test_dags.py for tasks to queue
[2025-02-24T16:16:27.008+0000] {logging_mixin.py:190} INFO - [2025-02-24T16:16:27.008+0000] {dagbag.py:588} INFO - Filling up the DagBag from /opt/airflow/dags/test_dags.py
[2025-02-24T16:16:27.573+0000] {logging_mixin.py:190} INFO - [2025-02-24T16:16:27.561+0000] {dagbag.py:387} ERROR - Failed to import: /opt/airflow/dags/test_dags.py
Traceback (most recent call last):
  File "/home/airflow/.local/lib/python3.12/site-packages/airflow/models/dagbag.py", line 383, in parse
    loader.exec_module(new_module)
  File "<frozen importlib._bootstrap_external>", line 999, in exec_module
  File "<frozen importlib._bootstrap>", line 488, in _call_with_frames_removed
  File "/opt/airflow/dags/test_dags.py", line 11, in <module>
    from selenium import webdriver
ModuleNotFoundError: No module named 'selenium'
[2025-02-24T16:16:27.576+0000] {processor.py:927} WARNING - No viable dags retrieved from /opt/airflow/dags/test_dags.py
[2025-02-24T16:16:27.604+0000] {processor.py:208} INFO - Processing /opt/airflow/dags/test_dags.py took 0.609 seconds
[2025-02-24T16:16:58.370+0000] {processor.py:186} INFO - Started process (PID=2416) to work on /opt/airflow/dags/test_dags.py
[2025-02-24T16:16:58.372+0000] {processor.py:914} INFO - Processing file /opt/airflow/dags/test_dags.py for tasks to queue
[2025-02-24T16:16:58.375+0000] {logging_mixin.py:190} INFO - [2025-02-24T16:16:58.375+0000] {dagbag.py:588} INFO - Filling up the DagBag from /opt/airflow/dags/test_dags.py
[2025-02-24T16:16:58.817+0000] {logging_mixin.py:190} INFO - [2025-02-24T16:16:58.808+0000] {dagbag.py:387} ERROR - Failed to import: /opt/airflow/dags/test_dags.py
Traceback (most recent call last):
  File "/home/airflow/.local/lib/python3.12/site-packages/airflow/models/dagbag.py", line 383, in parse
    loader.exec_module(new_module)
  File "<frozen importlib._bootstrap_external>", line 999, in exec_module
  File "<frozen importlib._bootstrap>", line 488, in _call_with_frames_removed
  File "/opt/airflow/dags/test_dags.py", line 11, in <module>
    from selenium import webdriver
ModuleNotFoundError: No module named 'selenium'
[2025-02-24T16:16:58.819+0000] {processor.py:927} WARNING - No viable dags retrieved from /opt/airflow/dags/test_dags.py
[2025-02-24T16:16:58.845+0000] {processor.py:208} INFO - Processing /opt/airflow/dags/test_dags.py took 0.487 seconds
[2025-02-24T16:17:29.698+0000] {processor.py:186} INFO - Started process (PID=2446) to work on /opt/airflow/dags/test_dags.py
[2025-02-24T16:17:29.699+0000] {processor.py:914} INFO - Processing file /opt/airflow/dags/test_dags.py for tasks to queue
[2025-02-24T16:17:29.701+0000] {logging_mixin.py:190} INFO - [2025-02-24T16:17:29.701+0000] {dagbag.py:588} INFO - Filling up the DagBag from /opt/airflow/dags/test_dags.py
[2025-02-24T16:17:30.100+0000] {logging_mixin.py:190} INFO - [2025-02-24T16:17:30.095+0000] {dagbag.py:387} ERROR - Failed to import: /opt/airflow/dags/test_dags.py
Traceback (most recent call last):
  File "/home/airflow/.local/lib/python3.12/site-packages/airflow/models/dagbag.py", line 383, in parse
    loader.exec_module(new_module)
  File "<frozen importlib._bootstrap_external>", line 999, in exec_module
  File "<frozen importlib._bootstrap>", line 488, in _call_with_frames_removed
  File "/opt/airflow/dags/test_dags.py", line 11, in <module>
    from selenium import webdriver
ModuleNotFoundError: No module named 'selenium'
[2025-02-24T16:17:30.101+0000] {processor.py:927} WARNING - No viable dags retrieved from /opt/airflow/dags/test_dags.py
[2025-02-24T16:17:30.124+0000] {processor.py:208} INFO - Processing /opt/airflow/dags/test_dags.py took 0.430 seconds
[2025-02-24T16:18:00.699+0000] {processor.py:186} INFO - Started process (PID=2474) to work on /opt/airflow/dags/test_dags.py
[2025-02-24T16:18:00.700+0000] {processor.py:914} INFO - Processing file /opt/airflow/dags/test_dags.py for tasks to queue
[2025-02-24T16:18:00.702+0000] {logging_mixin.py:190} INFO - [2025-02-24T16:18:00.702+0000] {dagbag.py:588} INFO - Filling up the DagBag from /opt/airflow/dags/test_dags.py
[2025-02-24T16:18:01.295+0000] {logging_mixin.py:190} INFO - [2025-02-24T16:18:01.292+0000] {dagbag.py:387} ERROR - Failed to import: /opt/airflow/dags/test_dags.py
Traceback (most recent call last):
  File "/home/airflow/.local/lib/python3.12/site-packages/airflow/models/dagbag.py", line 383, in parse
    loader.exec_module(new_module)
  File "<frozen importlib._bootstrap_external>", line 999, in exec_module
  File "<frozen importlib._bootstrap>", line 488, in _call_with_frames_removed
  File "/opt/airflow/dags/test_dags.py", line 11, in <module>
    from selenium import webdriver
ModuleNotFoundError: No module named 'selenium'
[2025-02-24T16:18:01.296+0000] {processor.py:927} WARNING - No viable dags retrieved from /opt/airflow/dags/test_dags.py
[2025-02-24T16:18:01.315+0000] {processor.py:208} INFO - Processing /opt/airflow/dags/test_dags.py took 0.622 seconds
[2025-02-24T16:18:32.130+0000] {processor.py:186} INFO - Started process (PID=2500) to work on /opt/airflow/dags/test_dags.py
[2025-02-24T16:18:32.143+0000] {processor.py:914} INFO - Processing file /opt/airflow/dags/test_dags.py for tasks to queue
[2025-02-24T16:18:32.146+0000] {logging_mixin.py:190} INFO - [2025-02-24T16:18:32.145+0000] {dagbag.py:588} INFO - Filling up the DagBag from /opt/airflow/dags/test_dags.py
[2025-02-24T16:18:32.566+0000] {logging_mixin.py:190} INFO - [2025-02-24T16:18:32.557+0000] {dagbag.py:387} ERROR - Failed to import: /opt/airflow/dags/test_dags.py
Traceback (most recent call last):
  File "/home/airflow/.local/lib/python3.12/site-packages/airflow/models/dagbag.py", line 383, in parse
    loader.exec_module(new_module)
  File "<frozen importlib._bootstrap_external>", line 999, in exec_module
  File "<frozen importlib._bootstrap>", line 488, in _call_with_frames_removed
  File "/opt/airflow/dags/test_dags.py", line 11, in <module>
    from selenium import webdriver
ModuleNotFoundError: No module named 'selenium'
[2025-02-24T16:18:32.568+0000] {processor.py:927} WARNING - No viable dags retrieved from /opt/airflow/dags/test_dags.py
[2025-02-24T16:18:32.591+0000] {processor.py:208} INFO - Processing /opt/airflow/dags/test_dags.py took 0.469 seconds
[2025-02-24T16:19:03.451+0000] {processor.py:186} INFO - Started process (PID=2527) to work on /opt/airflow/dags/test_dags.py
[2025-02-24T16:19:03.453+0000] {processor.py:914} INFO - Processing file /opt/airflow/dags/test_dags.py for tasks to queue
[2025-02-24T16:19:03.456+0000] {logging_mixin.py:190} INFO - [2025-02-24T16:19:03.456+0000] {dagbag.py:588} INFO - Filling up the DagBag from /opt/airflow/dags/test_dags.py
[2025-02-24T16:19:03.842+0000] {logging_mixin.py:190} INFO - [2025-02-24T16:19:03.838+0000] {dagbag.py:387} ERROR - Failed to import: /opt/airflow/dags/test_dags.py
Traceback (most recent call last):
  File "/home/airflow/.local/lib/python3.12/site-packages/airflow/models/dagbag.py", line 383, in parse
    loader.exec_module(new_module)
  File "<frozen importlib._bootstrap_external>", line 999, in exec_module
  File "<frozen importlib._bootstrap>", line 488, in _call_with_frames_removed
  File "/opt/airflow/dags/test_dags.py", line 11, in <module>
    from selenium import webdriver
ModuleNotFoundError: No module named 'selenium'
[2025-02-24T16:19:03.844+0000] {processor.py:927} WARNING - No viable dags retrieved from /opt/airflow/dags/test_dags.py
[2025-02-24T16:19:03.866+0000] {processor.py:208} INFO - Processing /opt/airflow/dags/test_dags.py took 0.421 seconds
[2025-02-24T16:19:34.634+0000] {processor.py:186} INFO - Started process (PID=2554) to work on /opt/airflow/dags/test_dags.py
[2025-02-24T16:19:34.636+0000] {processor.py:914} INFO - Processing file /opt/airflow/dags/test_dags.py for tasks to queue
[2025-02-24T16:19:34.639+0000] {logging_mixin.py:190} INFO - [2025-02-24T16:19:34.638+0000] {dagbag.py:588} INFO - Filling up the DagBag from /opt/airflow/dags/test_dags.py
[2025-02-24T16:19:35.049+0000] {logging_mixin.py:190} INFO - [2025-02-24T16:19:35.041+0000] {dagbag.py:387} ERROR - Failed to import: /opt/airflow/dags/test_dags.py
Traceback (most recent call last):
  File "/home/airflow/.local/lib/python3.12/site-packages/airflow/models/dagbag.py", line 383, in parse
    loader.exec_module(new_module)
  File "<frozen importlib._bootstrap_external>", line 999, in exec_module
  File "<frozen importlib._bootstrap>", line 488, in _call_with_frames_removed
  File "/opt/airflow/dags/test_dags.py", line 11, in <module>
    from selenium import webdriver
ModuleNotFoundError: No module named 'selenium'
[2025-02-24T16:19:35.051+0000] {processor.py:927} WARNING - No viable dags retrieved from /opt/airflow/dags/test_dags.py
[2025-02-24T16:19:35.075+0000] {processor.py:208} INFO - Processing /opt/airflow/dags/test_dags.py took 0.447 seconds
[2025-02-24T16:20:05.324+0000] {processor.py:186} INFO - Started process (PID=2581) to work on /opt/airflow/dags/test_dags.py
[2025-02-24T16:20:05.325+0000] {processor.py:914} INFO - Processing file /opt/airflow/dags/test_dags.py for tasks to queue
[2025-02-24T16:20:05.327+0000] {logging_mixin.py:190} INFO - [2025-02-24T16:20:05.327+0000] {dagbag.py:588} INFO - Filling up the DagBag from /opt/airflow/dags/test_dags.py
[2025-02-24T16:20:05.757+0000] {logging_mixin.py:190} INFO - [2025-02-24T16:20:05.746+0000] {dagbag.py:387} ERROR - Failed to import: /opt/airflow/dags/test_dags.py
Traceback (most recent call last):
  File "/home/airflow/.local/lib/python3.12/site-packages/airflow/models/dagbag.py", line 383, in parse
    loader.exec_module(new_module)
  File "<frozen importlib._bootstrap_external>", line 999, in exec_module
  File "<frozen importlib._bootstrap>", line 488, in _call_with_frames_removed
  File "/opt/airflow/dags/test_dags.py", line 11, in <module>
    from selenium import webdriver
ModuleNotFoundError: No module named 'selenium'
[2025-02-24T16:20:05.760+0000] {processor.py:927} WARNING - No viable dags retrieved from /opt/airflow/dags/test_dags.py
[2025-02-24T16:20:05.785+0000] {processor.py:208} INFO - Processing /opt/airflow/dags/test_dags.py took 0.466 seconds
[2025-02-24T16:20:36.294+0000] {processor.py:186} INFO - Started process (PID=2608) to work on /opt/airflow/dags/test_dags.py
[2025-02-24T16:20:36.295+0000] {processor.py:914} INFO - Processing file /opt/airflow/dags/test_dags.py for tasks to queue
[2025-02-24T16:20:36.297+0000] {logging_mixin.py:190} INFO - [2025-02-24T16:20:36.297+0000] {dagbag.py:588} INFO - Filling up the DagBag from /opt/airflow/dags/test_dags.py
[2025-02-24T16:20:36.715+0000] {logging_mixin.py:190} INFO - [2025-02-24T16:20:36.703+0000] {dagbag.py:387} ERROR - Failed to import: /opt/airflow/dags/test_dags.py
Traceback (most recent call last):
  File "/home/airflow/.local/lib/python3.12/site-packages/airflow/models/dagbag.py", line 383, in parse
    loader.exec_module(new_module)
  File "<frozen importlib._bootstrap_external>", line 999, in exec_module
  File "<frozen importlib._bootstrap>", line 488, in _call_with_frames_removed
  File "/opt/airflow/dags/test_dags.py", line 11, in <module>
    from selenium import webdriver
ModuleNotFoundError: No module named 'selenium'
[2025-02-24T16:20:36.718+0000] {processor.py:927} WARNING - No viable dags retrieved from /opt/airflow/dags/test_dags.py
[2025-02-24T16:20:36.735+0000] {processor.py:208} INFO - Processing /opt/airflow/dags/test_dags.py took 0.446 seconds
[2025-02-24T16:21:07.604+0000] {processor.py:186} INFO - Started process (PID=2635) to work on /opt/airflow/dags/test_dags.py
[2025-02-24T16:21:07.605+0000] {processor.py:914} INFO - Processing file /opt/airflow/dags/test_dags.py for tasks to queue
[2025-02-24T16:21:07.608+0000] {logging_mixin.py:190} INFO - [2025-02-24T16:21:07.608+0000] {dagbag.py:588} INFO - Filling up the DagBag from /opt/airflow/dags/test_dags.py
[2025-02-24T16:21:08.221+0000] {logging_mixin.py:190} INFO - [2025-02-24T16:21:08.217+0000] {dagbag.py:387} ERROR - Failed to import: /opt/airflow/dags/test_dags.py
Traceback (most recent call last):
  File "/home/airflow/.local/lib/python3.12/site-packages/airflow/models/dagbag.py", line 383, in parse
    loader.exec_module(new_module)
  File "<frozen importlib._bootstrap_external>", line 999, in exec_module
  File "<frozen importlib._bootstrap>", line 488, in _call_with_frames_removed
  File "/opt/airflow/dags/test_dags.py", line 11, in <module>
    from selenium import webdriver
ModuleNotFoundError: No module named 'selenium'
[2025-02-24T16:21:08.223+0000] {processor.py:927} WARNING - No viable dags retrieved from /opt/airflow/dags/test_dags.py
[2025-02-24T16:21:08.248+0000] {processor.py:208} INFO - Processing /opt/airflow/dags/test_dags.py took 0.649 seconds
[2025-02-24T16:21:39.044+0000] {processor.py:186} INFO - Started process (PID=2662) to work on /opt/airflow/dags/test_dags.py
[2025-02-24T16:21:39.045+0000] {processor.py:914} INFO - Processing file /opt/airflow/dags/test_dags.py for tasks to queue
[2025-02-24T16:21:39.047+0000] {logging_mixin.py:190} INFO - [2025-02-24T16:21:39.047+0000] {dagbag.py:588} INFO - Filling up the DagBag from /opt/airflow/dags/test_dags.py
[2025-02-24T16:21:39.435+0000] {logging_mixin.py:190} INFO - [2025-02-24T16:21:39.431+0000] {dagbag.py:387} ERROR - Failed to import: /opt/airflow/dags/test_dags.py
Traceback (most recent call last):
  File "/home/airflow/.local/lib/python3.12/site-packages/airflow/models/dagbag.py", line 383, in parse
    loader.exec_module(new_module)
  File "<frozen importlib._bootstrap_external>", line 999, in exec_module
  File "<frozen importlib._bootstrap>", line 488, in _call_with_frames_removed
  File "/opt/airflow/dags/test_dags.py", line 11, in <module>
    from selenium import webdriver
ModuleNotFoundError: No module named 'selenium'
[2025-02-24T16:21:39.436+0000] {processor.py:927} WARNING - No viable dags retrieved from /opt/airflow/dags/test_dags.py
[2025-02-24T16:21:39.458+0000] {processor.py:208} INFO - Processing /opt/airflow/dags/test_dags.py took 0.420 seconds
[2025-02-24T16:22:10.209+0000] {processor.py:186} INFO - Started process (PID=2689) to work on /opt/airflow/dags/test_dags.py
[2025-02-24T16:22:10.210+0000] {processor.py:914} INFO - Processing file /opt/airflow/dags/test_dags.py for tasks to queue
[2025-02-24T16:22:10.213+0000] {logging_mixin.py:190} INFO - [2025-02-24T16:22:10.213+0000] {dagbag.py:588} INFO - Filling up the DagBag from /opt/airflow/dags/test_dags.py
[2025-02-24T16:22:10.621+0000] {logging_mixin.py:190} INFO - [2025-02-24T16:22:10.616+0000] {dagbag.py:387} ERROR - Failed to import: /opt/airflow/dags/test_dags.py
Traceback (most recent call last):
  File "/home/airflow/.local/lib/python3.12/site-packages/airflow/models/dagbag.py", line 383, in parse
    loader.exec_module(new_module)
  File "<frozen importlib._bootstrap_external>", line 999, in exec_module
  File "<frozen importlib._bootstrap>", line 488, in _call_with_frames_removed
  File "/opt/airflow/dags/test_dags.py", line 11, in <module>
    from selenium import webdriver
ModuleNotFoundError: No module named 'selenium'
[2025-02-24T16:22:10.623+0000] {processor.py:927} WARNING - No viable dags retrieved from /opt/airflow/dags/test_dags.py
[2025-02-24T16:22:10.646+0000] {processor.py:208} INFO - Processing /opt/airflow/dags/test_dags.py took 0.444 seconds
[2025-02-24T16:22:41.084+0000] {processor.py:186} INFO - Started process (PID=2721) to work on /opt/airflow/dags/test_dags.py
[2025-02-24T16:22:41.090+0000] {processor.py:914} INFO - Processing file /opt/airflow/dags/test_dags.py for tasks to queue
[2025-02-24T16:22:41.096+0000] {logging_mixin.py:190} INFO - [2025-02-24T16:22:41.095+0000] {dagbag.py:588} INFO - Filling up the DagBag from /opt/airflow/dags/test_dags.py
[2025-02-24T16:22:41.727+0000] {logging_mixin.py:190} INFO - [2025-02-24T16:22:41.720+0000] {dagbag.py:387} ERROR - Failed to import: /opt/airflow/dags/test_dags.py
Traceback (most recent call last):
  File "/home/airflow/.local/lib/python3.12/site-packages/airflow/models/dagbag.py", line 383, in parse
    loader.exec_module(new_module)
  File "<frozen importlib._bootstrap_external>", line 999, in exec_module
  File "<frozen importlib._bootstrap>", line 488, in _call_with_frames_removed
  File "/opt/airflow/dags/test_dags.py", line 11, in <module>
    from selenium import webdriver
ModuleNotFoundError: No module named 'selenium'
[2025-02-24T16:22:41.728+0000] {processor.py:927} WARNING - No viable dags retrieved from /opt/airflow/dags/test_dags.py
[2025-02-24T16:22:41.756+0000] {processor.py:208} INFO - Processing /opt/airflow/dags/test_dags.py took 0.686 seconds
